#
# There is insufficient memory for the Java Runtime Environment to continue.
# Native memory allocation (malloc) failed to allocate 32744 bytes. Error detail: Chunk::new
# Possible reasons:
#   The system is out of physical RAM or swap space
#   This process is running with CompressedOops enabled, and the Java Heap may be blocking the growth of the native heap
# Possible solutions:
#   Reduce memory load on the system
#   Increase physical memory or swap space
#   Check if swap backing store is full
#   Decrease Java heap size (-Xmx/-Xms)
#   Decrease number of Java threads
#   Decrease Java thread stack sizes (-Xss)
#   Set larger code cache with -XX:ReservedCodeCacheSize=
#   JVM is running with Unscaled Compressed Oops mode in which the Java heap is
#     placed in the first 4GB address space. The Java Heap base address is the
#     maximum limit for the native heap growth. Please use -XX:HeapBaseMinAddress
#     to set the Java Heap base and to place the Java Heap above 4GB virtual address.
# This output file may be truncated or incomplete.
#
#  Out of Memory Error (arena.cpp:150), pid=65388, tid=71852
#
# JRE version: OpenJDK Runtime Environment (22.0.1+8) (build 22.0.1+8-16)
# Java VM: OpenJDK 64-Bit Server VM (22.0.1+8-16, mixed mode, sharing, tiered, compressed oops, compressed class ptrs, g1 gc, windows-amd64)
# No core dump will be written. Minidumps are not enabled by default on client versions of Windows
#

---------------  S U M M A R Y ------------

Command Line: -Dmaven.multiModuleProjectDirectory=C:\Users\LENOVO\Desktop\PROJET PI\Projet_pidev_esprit -Djansi.passthrough=true -Dmaven.home=C:\Program Files\JetBrains\IntelliJ IDEA 2024.1.2\plugins\maven\lib\maven3 -Dclassworlds.conf=C:\Program Files\JetBrains\IntelliJ IDEA 2024.1.2\plugins\maven\lib\maven3\bin\m2.conf -Dmaven.ext.class.path=C:\Program Files\JetBrains\IntelliJ IDEA 2024.1.2\plugins\maven\lib\maven-event-listener.jar -javaagent:C:\Program Files\JetBrains\IntelliJ IDEA 2024.1.2\lib\idea_rt.jar=54262:C:\Program Files\JetBrains\IntelliJ IDEA 2024.1.2\bin -Dfile.encoding=UTF-8 -Dsun.stdout.encoding=UTF-8 -Dsun.stderr.encoding=UTF-8 org.codehaus.classworlds.Launcher -Didea.version=2024.1.2 org.openjfx:javafx-maven-plugin:0.0.8:run

Host: Intel(R) Celeron(R) N4020 CPU @ 1.10GHz, 2 cores, 3G,  Windows 11 , 64 bit Build 22621 (10.0.22621.3672)
Time: Sat Jul  6 01:09:24 2024 Paris, Madrid (heure duild 22621 (10.0.22621.3672) elapsed time: 182.136699 seconds (0d 0h 3m 2s)

---------------  T H R E A D  ---------------

Current thread (0x000001f5cf854df0):  JavaThread "C2 CompilerThread0" daemon [_thread_in_vm, id=71852, stack(0x00000016cd900000,0x00000016cda00000) (1024K)]


Current CompileTask:
C2:182137  773       4       java.util.regex.Pattern$$Lambda/0x80000002a::is (9 bytes)

Stack: [0x00000016cd900000,0x00000016cda00000]
Native frames: (J=compiled Java code, j=interpreted, Vv=VM code, C=native code)
V  [jvm.dll+0x6e2279]  (no source info available)
V  [jvm.dll+0x874e33]  (no source info available)
V  [jvm.dll+0x87725e]  (no source info available)
V  [jvm.dll+0x877933]  (no source info available)
V  [jvm.dll+0x27fd76]  (no source info available)
V  [jvm.dll+0xc3d0f]  (no source info available)
V  [jvm.dll+0xc3f6b]  (no source info available)
V  [jvm.dll+0x1f9d1b]  (no source info available)
V  [jvm.dll+0x1e5576]  (no source info available)
V  [jvm.dll+0x2568d9]  (no source info available)
V  [jvm.dll+0x254cba]  (no source info available)
V  [jvm.dll+0x3f5336]  (no source info available)
V  [jvm.dll+0x81d44b]  (no source info available)
V  [jvm.dll+0x6e0915]  (no source info available)
C  [ucrtbase.dll+0x29333]  (no source info available)
C  [KERNEL32.DLL+0x1257d]  (no source info available)
C  [ntdll.dll+0x5af28]  (no source info available)


---------------  P R O C E S S  ---------------

Threads class SMR info:
_java_thread_list=0x000001f5cfb64c10, length=12, elements={
0x000001f5b30d3f70, 0x000001f5b53de3d0, 0x000001f5cf84c360, 0x000001f5cf850130,
0x000001f5cf850b90, 0x000001f5cf8515f0, 0x000001f5cf852050, 0x000001f5cf854df0,
0x000001f5cf8c2270, 0x000001f5cf83b620, 0x000001f5cfbe5a70, 0x000001f5cfbe60e0
}

Java Threads: ( => current thread )
  0x000001f5b30d3f70 JavaThread "main"                              [_thread_in_Java, id=71540, stack(0x00000016ccb00000,0x00000016ccc00000) (1024K)]
  0x000001f5b53de3d0 JavaThread "Reference Handler"          daemon [_thread_blocked, id=71828, stack(0x00000016cd300000,0x00000016cd400000) (1024K)]
  0x000001f5cf84c360 JavaThread "Finalizer"                  daemon [_thread_blocked, id=71832, stack(0x00000016cd400000,0x00000016cd500000) (1024K)]
  0x000001f5cf850130 JavaThread "Signal Dispatcher"          daemon [_thread_blocked, id=71836, stack(0x00000016cd500000,0x00000016cd600000) (1024K)]
  0x000001f5cf850b90 JavaThread "Attach Listener"            daemon [_thread_blocked, id=71840, stack(0x00000016cd600000,0x00000016cd700000) (1024K)]
  0x000001f5cf8515f0 JavaThread "Service Thread"             daemon [_thread_blocked, id=71844, stack(0x00000016cd700000,0x00000016cd800000) (1024K)]
  0x000001f5cf852050 JavaThread "Monitor Deflation Thread"   daemon [_thread_blocked, id=71848, stack(0x00000016cd800000,0x00000016cd900000) (1024K)]
=>0x000001f5cf854df0 JavaThread "C2 CompilerThread0"         daemon [_thread_in_vm, id=71852, stack(0x00000016cd900000,0x00000016cda00000) (1024K)]
  0x000001f5cf8c2270 JavaThread "C1 CompilerThread0"         daemon [_thread_blocked, id=71916, stack(0x00000016cda00000,0x00000016cdb00000) (1024K)]
  0x000001f5cf83b620 JavaThread "Common-Cleaner"             daemon [_thread_blocked, id=71956, stack(0x00000016cdb00000,0x00000016cdc00000) (1024K)]
  0x000001f5cfbe5a70 JavaThread "Monitor Ctrl-Break"         daemon [_thread_in_native, id=72024, stack(0x00000016cdc00000,0x00000016cdd00000) (1024K)]
  0x000001f5cfbe60e0 JavaThread "Notification Thread"        daemon [_thread_blocked, id=72028, stack(0x00000016cdd00000,0x00000016cde00000) (1024K)]
Total: 12

Other Threads:
  0x000001f5b53cc820 VMThread "VM Thread"                           [id=71776, stack(0x00000016cd200000,0x00000016cd300000) (1024K)]
  0x000001f5cf83aa00 WatcherThread "VM Periodic Task Thread"        [id=71772, stack(0x00000016cd100000,0x00000016cd200000) (1024K)]
  0x000001f5b5352720 WorkerThread "GC Thread#0"                     [id=70864, stack(0x00000016ccc00000,0x00000016ccd00000) (1024K)]
  0x000001f5cfe24980 WorkerThread "GC Thread#1"                     [id=68196, stack(0x00000016cc900000,0x00000016cca00000) (1024K)]
  0x000001f5b535bc20 ConcurrentGCThread "G1 Main Marker"            [id=67524, stack(0x00000016ccd00000,0x00000016cce00000) (1024K)]
  0x000001f5b535c8e0 WorkerThread "G1 Conc#0"                       [id=71684, stack(0x00000016cce00000,0x00000016ccf00000) (1024K)]
  0x000001f5b53a92c0 ConcurrentGCThread "G1 Refine#0"               [id=71688, stack(0x00000016ccf00000,0x00000016cd000000) (1024K)]
  0x000001f5b53a9ff0 ConcurrentGCThread "G1 Service"                [id=71692, stack(0x00000016cd000000,0x00000016cd100000) (1024K)]
Total: 8

Threads with active compile tasks:
C2 CompilerThread0  182200  773       4       java.util.regex.Pattern$$Lambda/0x80000002a::is (9 bytes)
Total: 1

VM state: not at safepoint (normal execution)

VM Mutex/Monitor currently owned by a thread: None

Heap address: 0x00000000c5800000, size: 936 MB, Compressed Oops mode: 32-bit

CDS archive(s) mapped at: [0x000001f5d0000000-0x000001f5d0c50000-0x000001f5d0c50000), size 12910592, SharedBaseAddress: 0x000001f5d0000000, ArchiveRelocationMode: 1.
Compressed class space mapped at: 0x000001f5d1000000-0x000001f611000000, reserved size: 1073741824
Narrow klass base: 0x000001f5d0000000, Narrow klass shift: 0, Narrow klass range: 0x41000000

GC Precious Log:
 CardTable entry size: 512
 Card Set container configuration: InlinePtr #cards 5 size 8 Array Of Cards #cards 12 size 40 Howl #buckets 4 coarsen threshold 1843 Howl Bitmap #cards 512 size 80 coarsen threshold 460 Card regions per heap region 1 cards per card region 2048
 CPUs: 2 total, 2 available
 Memory: 3737M
 Large Page Support: Disabled
 NUMA Support: Disabled
 Compressed Oops: Enabled (32-bit)
 Heap Region Size: 1M
 Heap Min Capacity: 8M
 Heap Initial Capacity: 60M
 Heap Max Capacity: 936M
 Pre-touch: Disabled
 Parallel Workers: 2
 Concurrent Workers: 1
 Concurrent Refinement Workers: 2
 Periodic GC: Disabled

Heap:
 garbage-first heap   total reserved 958464K, committed 61440K, used 3648K [0x00000000c5800000, 0x0000000100000000)
  region size 1024K, 3 young (3072K), 1 survivors (1024K)
 Metaspace       used 3251K, committed 3392K, reserved 1114112K
  class space    used 307K, committed 384K, reserved 1048576K

Heap Regions: E=young(eden), S=young(survivor), O=old, HS=humongous(starts), HC=humongous(continues), CS=collection set, F=free, TAMS=top-at-mark-start, PB=parsable bottom
|   0|0x00000000c5800000, 0x00000000c5900000, 0x00000000c5900000|100%| O|  |TAMS 0x00000000c5800000| PB 0x00000000c5800000| Untracked |  0
|   1|0x00000000c5900000, 0x00000000c5990000, 0x00000000c5a00000| 56%| O|  |TAMS 0x00000000c5900000| PB 0x00000000c5900000| Untracked |  0
|   2|0x00000000c5a00000, 0x00000000c5a00000, 0x00000000c5b00000|  0%| F|  |TAMS 0x00000000c5a00000| PB 0x00000000c5a00000| Untracked |  0
|   3|0x00000000c5b00000, 0x00000000c5b00000, 0x00000000c5c00000|  0%| F|  |TAMS 0x00000000c5b00000| PB 0x00000000c5b00000| Untracked |  0
|   4|0x00000000c5c00000, 0x00000000c5c00000, 0x00000000c5d00000|  0%| F|  |TAMS 0x00000000c5c00000| PB 0x00000000c5c00000| Untracked |  0
|   5|0x00000000c5d00000, 0x00000000c5d00000, 0x00000000c5e00000|  0%| F|  |TAMS 0x00000000c5d00000| PB 0x00000000c5d00000| Untracked |  0
|   6|0x00000000c5e00000, 0x00000000c5e00000, 0x00000000c5f00000|  0%| F|  |TAMS 0x00000000c5e00000| PB 0x00000000c5e00000| Untracked |  0
|   7|0x00000000c5f00000, 0x00000000c5f00000, 0x00000000c6000000|  0%| F|  |TAMS 0x00000000c5f00000| PB 0x00000000c5f00000| Untracked |  0
|   8|0x00000000c6000000, 0x00000000c6000000, 0x00000000c6100000|  0%| F|  |TAMS 0x00000000c6000000| PB 0x00000000c6000000| Untracked |  0
|   9|0x00000000c6100000, 0x00000000c6100000, 0x00000000c6200000|  0%| F|  |TAMS 0x00000000c6100000| PB 0x00000000c6100000| Untracked |  0
|  10|0x00000000c6200000, 0x00000000c6200000, 0x00000000c6300000|  0%| F|  |TAMS 0x00000000c6200000| PB 0x00000000c6200000| Untracked |  0
|  11|0x00000000c6300000, 0x00000000c6300000, 0x00000000c6400000|  0%| F|  |TAMS 0x00000000c6300000| PB 0x00000000c6300000| Untracked |  0
|  12|0x00000000c6400000, 0x00000000c6400000, 0x00000000c6500000|  0%| F|  |TAMS 0x00000000c6400000| PB 0x00000000c6400000| Untracked |  0
|  13|0x00000000c6500000, 0x00000000c6500000, 0x00000000c6600000|  0%| F|  |TAMS 0x00000000c6500000| PB 0x00000000c6500000| Untracked |  0
|  14|0x00000000c6600000, 0x00000000c6600000, 0x00000000c6700000|  0%| F|  |TAMS 0x00000000c6600000| PB 0x00000000c6600000| Untracked |  0
|  15|0x00000000c6700000, 0x00000000c6700000, 0x00000000c6800000|  0%| F|  |TAMS 0x00000000c6700000| PB 0x00000000c6700000| Untracked |  0
|  16|0x00000000c6800000, 0x00000000c6800000, 0x00000000c6900000|  0%| F|  |TAMS 0x00000000c6800000| PB 0x00000000c6800000| Untracked |  0
|  17|0x00000000c6900000, 0x00000000c6900000, 0x00000000c6a00000|  0%| F|  |TAMS 0x00000000c6900000| PB 0x00000000c6900000| Untracked |  0
|  18|0x00000000c6a00000, 0x00000000c6a00000, 0x00000000c6b00000|  0%| F|  |TAMS 0x00000000c6a00000| PB 0x00000000c6a00000| Untracked |  0
|  19|0x00000000c6b00000, 0x00000000c6b00000, 0x00000000c6c00000|  0%| F|  |TAMS 0x00000000c6b00000| PB 0x00000000c6b00000| Untracked |  0
|  20|0x00000000c6c00000, 0x00000000c6c00000, 0x00000000c6d00000|  0%| F|  |TAMS 0x00000000c6c00000| PB 0x00000000c6c00000| Untracked |  0
|  21|0x00000000c6d00000, 0x00000000c6d00000, 0x00000000c6e00000|  0%| F|  |TAMS 0x00000000c6d00000| PB 0x00000000c6d00000| Untracked |  0
|  22|0x00000000c6e00000, 0x00000000c6e00000, 0x00000000c6f00000|  0%| F|  |TAMS 0x00000000c6e00000| PB 0x00000000c6e00000| Untracked |  0
|  23|0x00000000c6f00000, 0x00000000c6f00000, 0x00000000c7000000|  0%| F|  |TAMS 0x00000000c6f00000| PB 0x00000000c6f00000| Untracked |  0
|  24|0x00000000c7000000, 0x00000000c7000000, 0x00000000c7100000|  0%| F|  |TAMS 0x00000000c7000000| PB 0x00000000c7000000| Untracked |  0
|  25|0x00000000c7100000, 0x00000000c7100000, 0x00000000c7200000|  0%| F|  |TAMS 0x00000000c7100000| PB 0x00000000c7100000| Untracked |  0
|  26|0x00000000c7200000, 0x00000000c7200000, 0x00000000c7300000|  0%| F|  |TAMS 0x00000000c7200000| PB 0x00000000c7200000| Untracked |  0
|  27|0x00000000c7300000, 0x00000000c7300000, 0x00000000c7400000|  0%| F|  |TAMS 0x00000000c7300000| PB 0x00000000c7300000| Untracked |  0
|  28|0x00000000c7400000, 0x00000000c7400000, 0x00000000c7500000|  0%| F|  |TAMS 0x00000000c7400000| PB 0x00000000c7400000| Untracked |  0
|  29|0x00000000c7500000, 0x00000000c7500000, 0x00000000c7600000|  0%| F|  |TAMS 0x00000000c7500000| PB 0x00000000c7500000| Untracked |  0
|  30|0x00000000c7600000, 0x00000000c7600000, 0x00000000c7700000|  0%| F|  |TAMS 0x00000000c7600000| PB 0x00000000c7600000| Untracked |  0
|  31|0x00000000c7700000, 0x00000000c7700000, 0x00000000c7800000|  0%| F|  |TAMS 0x00000000c7700000| PB 0x00000000c7700000| Untracked |  0
|  32|0x00000000c7800000, 0x00000000c7800000, 0x00000000c7900000|  0%| F|  |TAMS 0x00000000c7800000| PB 0x00000000c7800000| Untracked |  0
|  33|0x00000000c7900000, 0x00000000c7900000, 0x00000000c7a00000|  0%| F|  |TAMS 0x00000000c7900000| PB 0x00000000c7900000| Untracked |  0
|  34|0x00000000c7a00000, 0x00000000c7a00000, 0x00000000c7b00000|  0%| F|  |TAMS 0x00000000c7a00000| PB 0x00000000c7a00000| Untracked |  0
|  35|0x00000000c7b00000, 0x00000000c7b00000, 0x00000000c7c00000|  0%| F|  |TAMS 0x00000000c7b00000| PB 0x00000000c7b00000| Untracked |  0
|  36|0x00000000c7c00000, 0x00000000c7c00000, 0x00000000c7d00000|  0%| F|  |TAMS 0x00000000c7c00000| PB 0x00000000c7c00000| Untracked |  0
|  37|0x00000000c7d00000, 0x00000000c7d00000, 0x00000000c7e00000|  0%| F|  |TAMS 0x00000000c7d00000| PB 0x00000000c7d00000| Untracked |  0
|  38|0x00000000c7e00000, 0x00000000c7e00000, 0x00000000c7f00000|  0%| F|  |TAMS 0x00000000c7e00000| PB 0x00000000c7e00000| Untracked |  0
|  39|0x00000000c7f00000, 0x00000000c7f00000, 0x00000000c8000000|  0%| F|  |TAMS 0x00000000c7f00000| PB 0x00000000c7f00000| Untracked |  0
|  40|0x00000000c8000000, 0x00000000c8000000, 0x00000000c8100000|  0%| F|  |TAMS 0x00000000c8000000| PB 0x00000000c8000000| Untracked |  0
|  41|0x00000000c8100000, 0x00000000c8100000, 0x00000000c8200000|  0%| F|  |TAMS 0x00000000c8100000| PB 0x00000000c8100000| Untracked |  0
|  42|0x00000000c8200000, 0x00000000c8200000, 0x00000000c8300000|  0%| F|  |TAMS 0x00000000c8200000| PB 0x00000000c8200000| Untracked |  0
|  43|0x00000000c8300000, 0x00000000c8300000, 0x00000000c8400000|  0%| F|  |TAMS 0x00000000c8300000| PB 0x00000000c8300000| Untracked |  0
|  44|0x00000000c8400000, 0x00000000c8400000, 0x00000000c8500000|  0%| F|  |TAMS 0x00000000c8400000| PB 0x00000000c8400000| Untracked |  0
|  45|0x00000000c8500000, 0x00000000c8500000, 0x00000000c8600000|  0%| F|  |TAMS 0x00000000c8500000| PB 0x00000000c8500000| Untracked |  0
|  46|0x00000000c8600000, 0x00000000c8600000, 0x00000000c8700000|  0%| F|  |TAMS 0x00000000c8600000| PB 0x00000000c8600000| Untracked |  0
|  47|0x00000000c8700000, 0x00000000c8700000, 0x00000000c8800000|  0%| F|  |TAMS 0x00000000c8700000| PB 0x00000000c8700000| Untracked |  0
|  48|0x00000000c8800000, 0x00000000c8800000, 0x00000000c8900000|  0%| F|  |TAMS 0x00000000c8800000| PB 0x00000000c8800000| Untracked |  0
|  49|0x00000000c8900000, 0x00000000c8900000, 0x00000000c8a00000|  0%| F|  |TAMS 0x00000000c8900000| PB 0x00000000c8900000| Untracked |  0
|  50|0x00000000c8a00000, 0x00000000c8a00000, 0x00000000c8b00000|  0%| F|  |TAMS 0x00000000c8a00000| PB 0x00000000c8a00000| Untracked |  0
|  51|0x00000000c8b00000, 0x00000000c8b00000, 0x00000000c8c00000|  0%| F|  |TAMS 0x00000000c8b00000| PB 0x00000000c8b00000| Untracked |  0
|  52|0x00000000c8c00000, 0x00000000c8d00000, 0x00000000c8d00000|100%| S|CS|TAMS 0x00000000c8c00000| PB 0x00000000c8c00000| Complete |  0
|  53|0x00000000c8d00000, 0x00000000c8d00000, 0x00000000c8e00000|  0%| F|  |TAMS 0x00000000c8d00000| PB 0x00000000c8d00000| Untracked |  0
|  54|0x00000000c8e00000, 0x00000000c8e00000, 0x00000000c8f00000|  0%| F|  |TAMS 0x00000000c8e00000| PB 0x00000000c8e00000| Untracked |  0
|  55|0x00000000c8f00000, 0x00000000c8f00000, 0x00000000c9000000|  0%| F|  |TAMS 0x00000000c8f00000| PB 0x00000000c8f00000| Untracked |  0
|  56|0x00000000c9000000, 0x00000000c9000000, 0x00000000c9100000|  0%| F|  |TAMS 0x00000000c9000000| PB 0x00000000c9000000| Untracked |  0
|  57|0x00000000c9100000, 0x00000000c9100000, 0x00000000c9200000|  0%| F|  |TAMS 0x00000000c9100000| PB 0x00000000c9100000| Untracked |  0
|  58|0x00000000c9200000, 0x00000000c92e1b88, 0x00000000c9300000| 88%| E|  |TAMS 0x00000000c9200000| PB 0x00000000c9200000| Complete |  0
|  59|0x00000000c9300000, 0x00000000c9400000, 0x00000000c9400000|100%| E|CS|TAMS 0x00000000c9300000| PB 0x00000000c9300000| Complete |  0

Card table byte_map: [0x000001f5b50c0000,0x000001f5b52a0000] _byte_map_base: 0x000001f5b4a94000

Marking Bits: (CMBitMap*) 0x000001f5b5352e30
 Bits: [0x000001f5cc660000, 0x000001f5cd500000)

Polling page: 0x000001f5b3250000

Metaspace:

Usage:
  Non-class:      2.88 MB used.
      Class:    307.41 KB used.
       Both:      3.18 MB used.

Virtual space:
  Non-class space:       64.00 MB reserved,       2.94 MB (  5%) committed,  1 nodes.
      Class space:        1.00 GB reserved,     384.00 KB ( <1%) committed,  1 nodes.
             Both:        1.06 GB reserved,       3.31 MB ( <1%) committed. 

Chunk freelists:
   Non-Class:  10.95 MB
       Class:  15.59 MB
        Both:  26.55 MB

MaxMetaspaceSize: unlimited
CompressedClassSpaceSize: 1.00 GB
Initial GC threshold: 21.00 MB
Current GC threshold: 21.00 MB
CDS: on
 - commit_granule_bytes: 65536.
 - commit_granule_words: 8192.
 - virtual_space_node_default_size: 8388608.
 - enlarge_chunks_in_place: 1.
 - use_allocation_guard: 0.


Internal statistics:

num_allocs_failed_limit: 0.
num_arena_births: 46.
num_arena_deaths: 0.
num_vsnodes_births: 2.
num_vsnodes_deaths: 0.
num_space_committed: 53.
num_space_uncommitted: 0.
num_chunks_returned_to_freelist: 0.
num_chunks_taken_from_freelist: 106.
num_chunk_merges: 0.
num_chunk_splits: 70.
num_chunks_enlarged: 54.
num_inconsistent_stats: 0.

CodeHeap 'non-profiled nmethods': size=120064Kb used=221Kb max_used=221Kb free=119842Kb
 bounds [0x000001f5c5120000, 0x000001f5c5390000, 0x000001f5cc660000]
CodeHeap 'profiled nmethods': size=120000Kb used=1207Kb max_used=1207Kb free=118792Kb
 bounds [0x000001f5bd660000, 0x000001f5bd8d0000, 0x000001f5c4b90000]
CodeHeap 'non-nmethods': size=5696Kb used=1357Kb max_used=1370Kb free=4338Kb
 bounds [0x000001f5c4b90000, 0x000001f5c4e00000, 0x000001f5c5120000]
 total_blobs=1216 nmethods=758 adapters=364
 compilation: enabled
              stopped_count=0, restarted_count=0
 full_count=0

Compilation events (20 events):
Event: 173.437 Thread 0x000001f5cf854df0 nmethod 763 0x000001f5c5156590 code [0x000001f5c5156740, 0x000001f5c5156ce0]
Event: 173.444 Thread 0x000001f5cf8c2270  764       3       jdk.internal.ref.PhantomCleanable::clean (16 bytes)
Event: 173.445 Thread 0x000001f5cf8c2270 nmethod 764 0x000001f5bd789310 code [0x000001f5bd7894e0, 0x000001f5bd7897c0]
Event: 173.445 Thread 0x000001f5cf8c2270  765       3       jdk.internal.ref.CleanerImpl$PhantomCleanableRef::performCleanup (10 bytes)
Event: 173.445 Thread 0x000001f5cf8c2270 nmethod 765 0x000001f5bd789890 code [0x000001f5bd789a40, 0x000001f5bd789c18]
Event: 174.873 Thread 0x000001f5cf854df0  766       4       java.util.zip.ZipCoder::hash (36 bytes)
Event: 174.876 Thread 0x000001f5cf8c2270  767   !   3       java.util.zip.ZipFile::getInputStream (275 bytes)
Event: 174.878 Thread 0x000001f5cf8c2270 nmethod 767 0x000001f5bd789d10 code [0x000001f5bd78a020, 0x000001f5bd78b1c0]
Event: 174.878 Thread 0x000001f5cf854df0 nmethod 766 0x000001f5c5156f90 code [0x000001f5c5157140, 0x000001f5c5157348]
Event: 174.878 Thread 0x000001f5cf8c2270  768       3       java.util.zip.ZipUtils::LOCNAM (7 bytes)
Event: 174.878 Thread 0x000001f5cf8c2270 nmethod 768 0x000001f5bd78bc90 code [0x000001f5bd78be40, 0x000001f5bd78bfe0]
Event: 174.878 Thread 0x000001f5cf8c2270  769       3       java.util.zip.ZipUtils::LOCEXT (7 bytes)
Event: 174.878 Thread 0x000001f5cf8c2270 nmethod 769 0x000001f5bd78c110 code [0x000001f5bd78c2c0, 0x000001f5bd78c460]
Event: 174.886 Thread 0x000001f5cf8c2270  770       3       jdk.internal.ref.PhantomCleanable::<init> (49 bytes)
Event: 174.887 Thread 0x000001f5cf8c2270 nmethod 770 0x000001f5bd78c590 code [0x000001f5bd78c7e0, 0x000001f5bd78d2b8]
Event: 176.559 Thread 0x000001f5cf8c2270  771       3       java.util.Collections$UnmodifiableCollection$1::hasNext (10 bytes)
Event: 176.559 Thread 0x000001f5cf8c2270 nmethod 771 0x000001f5bd78d610 code [0x000001f5bd78d7c0, 0x000001f5bd78d998]
Event: 176.582 Thread 0x000001f5cf8c2270  772       3       java.lang.reflect.Modifier::isProtected (12 bytes)
Event: 176.582 Thread 0x000001f5cf8c2270 nmethod 772 0x000001f5bd78da90 code [0x000001f5bd78dc20, 0x000001f5bd78dd60]
Event: 182.108 Thread 0x000001f5cf854df0  773       4       java.util.regex.Pattern$$Lambda/0x80000002a::is (9 bytes)

GC Heap History (2 events):
Event: 105.295 GC heap before
{Heap before GC invocations=0 (full 0):
 garbage-first heap   total reserved 958464K, committed 61440K, used 7168K [0x00000000c5800000, 0x0000000100000000)
  region size 1024K, 7 young (7168K), 0 survivors (0K)
 Metaspace       used 2543K, committed 2752K, reserved 1114112K
  class space    used 229K, committed 320K, reserved 1048576K
}
Event: 107.854 GC heap after
{Heap after GC invocations=1 (full 0):
 garbage-first heap   total reserved 958464K, committed 61440K, used 2624K [0x00000000c5800000, 0x0000000100000000)
  region size 1024K, 1 young (1024K), 1 survivors (1024K)
 Metaspace       used 2543K, committed 2752K, reserved 1114112K
  class space    used 229K, committed 320K, reserved 1048576K
}

Dll operation events (12 events):
Event: 7.302 Loaded shared library C:\Users\LENOVO\.jdks\openjdk-22.0.1\bin\java.dll
Event: 16.424 Loaded shared library C:\Users\LENOVO\.jdks\openjdk-22.0.1\bin\jsvml.dll
Event: 20.563 Loaded shared library C:\Users\LENOVO\.jdks\openjdk-22.0.1\bin\zip.dll
Event: 20.572 Loaded shared library C:\Users\LENOVO\.jdks\openjdk-22.0.1\bin\instrument.dll
Event: 20.582 Loaded shared library C:\Users\LENOVO\.jdks\openjdk-22.0.1\bin\net.dll
Event: 20.587 Loaded shared library C:\Users\LENOVO\.jdks\openjdk-22.0.1\bin\nio.dll
Event: 20.593 Loaded shared library C:\Users\LENOVO\.jdks\openjdk-22.0.1\bin\zip.dll
Event: 22.004 Loaded shared library C:\Program Files\JetBrains\IntelliJ IDEA 2024.1.2\bin\breakgen64.dll
Event: 25.476 Loaded shared library C:\Users\LENOVO\.jdks\openjdk-22.0.1\bin\extnet.dll
Event: 31.441 Loaded shared library C:\Users\LENOVO\.jdks\openjdk-22.0.1\bin\jimage.dll
Event: 67.337 Loaded shared library C:\Users\LENOVO\AppData\Local\Temp\jansi-2.4.0-4ac4d605a2dc2158-jansi.dll
Event: 75.128 Loaded shared library C:\Users\LENOVO\.jdks\openjdk-22.0.1\bin\verify.dll

Deoptimization events (20 events):
Event: 17.838 Thread 0x000001f5b30d3f70 Uncommon trap: trap_request=0xffffff45 fr.pc=0x000001f5c512c520 relative=0x0000000000000860
Event: 17.838 Thread 0x000001f5b30d3f70 Uncommon trap: reason=unstable_if action=reinterpret pc=0x000001f5c512c520 method=java.util.HashMap.putVal(ILjava/lang/Object;Ljava/lang/Object;ZZ)Ljava/lang/Object; @ 69 c2
Event: 17.838 Thread 0x000001f5b30d3f70 DEOPT PACKING pc=0x000001f5c512c520 sp=0x00000016ccbfea30
Event: 17.838 Thread 0x000001f5b30d3f70 DEOPT UNPACKING pc=0x000001f5c4be469c sp=0x00000016ccbfe9e0 mode 2
Event: 22.005 Thread 0x000001f5b30d3f70 Uncommon trap: trap_request=0xffffff45 fr.pc=0x000001f5c5131f6c relative=0x000000000000006c
Event: 22.005 Thread 0x000001f5b30d3f70 Uncommon trap: reason=unstable_if action=reinterpret pc=0x000001f5c5131f6c method=java.lang.String.isLatin1()Z @ 10 c2
Event: 22.005 Thread 0x000001f5b30d3f70 DEOPT PACKING pc=0x000001f5c5131f6c sp=0x00000016ccbfe310
Event: 22.005 Thread 0x000001f5b30d3f70 DEOPT UNPACKING pc=0x000001f5c4be469c sp=0x00000016ccbfe2a0 mode 2
Event: 22.006 Thread 0x000001f5b30d3f70 Uncommon trap: trap_request=0xffffff45 fr.pc=0x000001f5c51322e0 relative=0x00000000000000c0
Event: 22.006 Thread 0x000001f5b30d3f70 Uncommon trap: reason=unstable_if action=reinterpret pc=0x000001f5c51322e0 method=java.lang.String.isLatin1()Z @ 10 c2
Event: 22.006 Thread 0x000001f5b30d3f70 DEOPT PACKING pc=0x000001f5c51322e0 sp=0x00000016ccbfecd0
Event: 22.006 Thread 0x000001f5b30d3f70 DEOPT UNPACKING pc=0x000001f5c4be469c sp=0x00000016ccbfec10 mode 2
Event: 30.588 Thread 0x000001f5b30d3f70 Uncommon trap: trap_request=0xffffff45 fr.pc=0x000001f5c5139a5c relative=0x000000000000013c
Event: 30.588 Thread 0x000001f5b30d3f70 Uncommon trap: reason=unstable_if action=reinterpret pc=0x000001f5c5139a5c method=java.lang.StringCoding.countPositives([BII)I @ 17 c2
Event: 30.588 Thread 0x000001f5b30d3f70 DEOPT PACKING pc=0x000001f5c5139a5c sp=0x00000016ccbfa110
Event: 30.588 Thread 0x000001f5b30d3f70 DEOPT UNPACKING pc=0x000001f5c4be469c sp=0x00000016ccbfa0b0 mode 2
Event: 114.321 Thread 0x000001f5b30d3f70 DEOPT PACKING pc=0x000001f5bd69db30 sp=0x00000016ccbfcae0
Event: 114.371 Thread 0x000001f5b30d3f70 DEOPT UNPACKING pc=0x000001f5c4be4e23 sp=0x00000016ccbfbfa0 mode 0
Event: 172.132 Thread 0x000001f5b30d3f70 DEOPT PACKING pc=0x000001f5bd6e0da5 sp=0x00000016ccbfd790
Event: 172.133 Thread 0x000001f5b30d3f70 DEOPT UNPACKING pc=0x000001f5c4be4e23 sp=0x00000016ccbfcbe0 mode 0

Classes loaded (20 events):
Event: 172.099 Loading class java/util/concurrent/atomic/AtomicReferenceFieldUpdater$AtomicReferenceFieldUpdaterImpl$1
Event: 172.100 Loading class java/util/concurrent/atomic/AtomicReferenceFieldUpdater$AtomicReferenceFieldUpdaterImpl$1 done
Event: 172.110 Loading class sun/reflect/misc/ReflectUtil
Event: 172.111 Loading class sun/reflect/misc/ReflectUtil done
Event: 172.136 Loading class java/util/concurrent/locks/ReentrantReadWriteLock
Event: 172.138 Loading class java/util/concurrent/locks/ReadWriteLock
Event: 172.142 Loading class java/util/concurrent/locks/ReadWriteLock done
Event: 172.143 Loading class java/util/concurrent/locks/ReentrantReadWriteLock done
Event: 172.143 Loading class java/util/concurrent/locks/ReentrantReadWriteLock$NonfairSync
Event: 172.144 Loading class java/util/concurrent/locks/ReentrantReadWriteLock$Sync
Event: 172.144 Loading class java/util/concurrent/locks/ReentrantReadWriteLock$Sync done
Event: 172.144 Loading class java/util/concurrent/locks/ReentrantReadWriteLock$NonfairSync done
Event: 173.441 Loading class java/util/concurrent/locks/ReentrantReadWriteLock$Sync$ThreadLocalHoldCounter
Event: 173.442 Loading class java/util/concurrent/locks/ReentrantReadWriteLock$Sync$ThreadLocalHoldCounter done
Event: 173.443 Loading class java/util/concurrent/locks/ReentrantReadWriteLock$ReadLock
Event: 173.443 Loading class java/util/concurrent/locks/ReentrantReadWriteLock$ReadLock done
Event: 173.443 Loading class java/util/concurrent/locks/ReentrantReadWriteLock$WriteLock
Event: 173.443 Loading class java/util/concurrent/locks/ReentrantReadWriteLock$WriteLock done
Event: 174.970 Loading class java/text/ParseException
Event: 174.970 Loading class java/text/ParseException done

Classes unloaded (0 events):
No events

Classes redefined (0 events):
No events

Internal exceptions (13 events):
Event: 21.983 Thread 0x000001f5b30d3f70 Exception <a 'java/lang/NoSuchMethodError'{0x00000000c92ac7d0}: 'void java.lang.invoke.DirectMethodHandle$Holder.invokeStatic(java.lang.Object, java.lang.Object, java.lang.Object)'> (0x00000000c92ac7d0) 
thrown [s\open\src\hotspot\share\interpreter\linkResolver.cpp, line 774]
Event: 21.992 Thread 0x000001f5b30d3f70 Exception <a 'java/lang/NoSuchMethodError'{0x00000000c92c44a8}: 'java.lang.Object java.lang.invoke.Invokers$Holder.invokeExact_MT(java.lang.Object, java.lang.Object, java.lang.Object, java.lang.Object, java.lang.Object)'> (0x00000000c92c44a8) 
thrown [s\open\src\hotspot\share\interpreter\linkResolver.cpp, line 774]
Event: 25.479 Thread 0x000001f5cfbe5a70 Exception <a 'java/lang/NoSuchMethodError'{0x00000000c9104198}: 'void java.lang.invoke.DirectMethodHandle$Holder.invokeStatic(java.lang.Object, java.lang.Object)'> (0x00000000c9104198) 
thrown [s\open\src\hotspot\share\interpreter\linkResolver.cpp, line 774]
Event: 28.201 Thread 0x000001f5b30d3f70 Exception <a 'java/lang/NoSuchMethodError'{0x00000000c91683d0}: 'int java.lang.invoke.DirectMethodHandle$Holder.invokeSpecial(java.lang.Object, java.lang.Object, java.lang.Object)'> (0x00000000c91683d0) 
thrown [s\open\src\hotspot\share\interpreter\linkResolver.cpp, line 774]
Event: 31.424 Thread 0x000001f5b30d3f70 Exception <a 'java/lang/NullPointerException'{0x00000000c8fc5f18}> (0x00000000c8fc5f18) 
thrown [s\open\src\hotspot\share\interpreter\linkResolver.cpp, line 1374]
Event: 48.092 Thread 0x000001f5cf850b90 Exception <a 'java/lang/NoSuchMethodError'{0x00000000c8e90698}: 'java.lang.Object java.lang.invoke.Invokers$Holder.invokeExact_MT(java.lang.Object, java.lang.Object, java.lang.Object, java.lang.Object, java.lang.Object, java.lang.Object)'> (0x00000000c8e90698) 
thrown [s\open\src\hotspot\share\interpreter\linkResolver.cpp, line 774]
Event: 75.107 Thread 0x000001f5b30d3f70 Exception <a 'sun/nio/fs/WindowsException'{0x00000000c8ef5a10}> (0x00000000c8ef5a10) 
thrown [s\open\src\hotspot\share\prims\jni.cpp, line 520]
Event: 75.110 Thread 0x000001f5b30d3f70 Exception <a 'sun/nio/fs/WindowsException'{0x00000000c8ef6118}> (0x00000000c8ef6118) 
thrown [s\open\src\hotspot\share\prims\jni.cpp, line 520]
Event: 75.112 Thread 0x000001f5b30d3f70 Exception <a 'sun/nio/fs/WindowsException'{0x00000000c8ef6690}> (0x00000000c8ef6690) 
thrown [s\open\src\hotspot\share\prims\jni.cpp, line 520]
Event: 75.112 Thread 0x000001f5b30d3f70 Exception <a 'sun/nio/fs/WindowsException'{0x00000000c8ef6be8}> (0x00000000c8ef6be8) 
thrown [s\open\src\hotspot\share\prims\jni.cpp, line 520]
Event: 75.112 Thread 0x000001f5b30d3f70 Exception <a 'sun/nio/fs/WindowsException'{0x00000000c8ef70f0}> (0x00000000c8ef70f0) 
thrown [s\open\src\hotspot\share\prims\jni.cpp, line 520]
Event: 75.116 Thread 0x000001f5b30d3f70 Exception <a 'sun/nio/fs/WindowsException'{0x00000000c8ef75b0}> (0x00000000c8ef75b0) 
thrown [s\open\src\hotspot\share\prims\jni.cpp, line 520]
Event: 160.187 Thread 0x000001f5b30d3f70 Exception <a 'java/lang/NoSuchMethodError'{0x00000000c9237f38}: 'java.lang.Object java.lang.invoke.DirectMethodHandle$Holder.invokeSpecialIFC(java.lang.Object, java.lang.Object, java.lang.Object, java.lang.Object)'> (0x00000000c9237f38) 
thrown [s\open\src\hotspot\share\interpreter\linkResolver.cpp, line 774]

ZGC Phase Switch (0 events):
No events

VM Operations (20 events):
Event: 123.132 Executing VM operation: Cleanup
Event: 129.476 Executing VM operation: Cleanup done
Event: 130.480 Executing VM operation: Cleanup
Event: 138.025 Executing VM operation: Cleanup done
Event: 144.178 Executing VM operation: Cleanup
Event: 144.671 Executing VM operation: Cleanup done
Event: 150.056 Executing VM operation: Cleanup
Event: 157.716 Executing VM operation: Cleanup done
Event: 164.979 Executing VM operation: Cleanup
Event: 164.979 Executing VM operation: Cleanup done
Event: 167.016 Executing VM operation: Cleanup
Event: 169.340 Executing VM operation: Cleanup done
Event: 172.354 Executing VM operation: Cleanup
Event: 173.437 Executing VM operation: Cleanup done
Event: 173.437 Executing VM operation: HandshakeAllThreads (Deoptimize)
Event: 173.438 Executing VM operation: HandshakeAllThreads (Deoptimize) done
Event: 173.441 Executing VM operation: HandshakeAllThreads (Deoptimize)
Event: 173.441 Executing VM operation: HandshakeAllThreads (Deoptimize) done
Event: 175.445 Executing VM operation: Cleanup
Event: 176.511 Executing VM operation: Cleanup done

Events (12 events):
Event: 15.165 Thread 0x000001f5b30d3f70 Thread added: 0x000001f5b30d3f70
Event: 16.420 Thread 0x000001f5b53de3d0 Thread added: 0x000001f5b53de3d0
Event: 16.420 Thread 0x000001f5cf84c360 Thread added: 0x000001f5cf84c360
Event: 16.421 Thread 0x000001f5cf850130 Thread added: 0x000001f5cf850130
Event: 16.421 Thread 0x000001f5cf850b90 Thread added: 0x000001f5cf850b90
Event: 16.421 Thread 0x000001f5cf8515f0 Thread added: 0x000001f5cf8515f0
Event: 16.421 Thread 0x000001f5cf852050 Thread added: 0x000001f5cf852050
Event: 16.421 Thread 0x000001f5cf854df0 Thread added: 0x000001f5cf854df0
Event: 16.849 Thread 0x000001f5cf8c2270 Thread added: 0x000001f5cf8c2270
Event: 17.641 Thread 0x000001f5cf83b620 Thread added: 0x000001f5cf83b620
Event: 22.005 Thread 0x000001f5cfbe5a70 Thread added: 0x000001f5cfbe5a70
Event: 22.005 Thread 0x000001f5cfbe60e0 Thread added: 0x000001f5cfbe60e0


Dynamic libraries:
0x00007ff689cf0000 - 0x00007ff689cfe000 	C:\Users\LENOVO\.jdks\openjdk-22.0.1\bin\java.exe
0x00007ff84c330000 - 0x00007ff84c547000 	C:\WINDOWS\SYSTEM32\ntdll.dll
0x00007ff84a4d0000 - 0x00007ff84a594000 	C:\WINDOWS\System32\KERNEL32.DLL
0x00007ff849ba0000 - 0x00007ff849f4c000 	C:\WINDOWS\System32\KERNELBASE.dll
0x00007ff8498f0000 - 0x00007ff849a01000 	C:\WINDOWS\System32\ucrtbase.dll
0x00007ff837380000 - 0x00007ff837397000 	C:\Users\LENOVO\.jdks\openjdk-22.0.1\bin\jli.dll
0x00007ff84be90000 - 0x00007ff84c03e000 	C:\WINDOWS\System32\USER32.dll
0x00007ff849750000 - 0x00007ff849776000 	C:\WINDOWS\System32\win32u.dll
0x00007ff84c260000 - 0x00007ff84c289000 	C:\WINDOWS\System32\GDI32.dll
0x00007ff849f50000 - 0x00007ff84a069000 	C:\WINDOWS\System32\gdi32full.dll
0x00007ff849a80000 - 0x00007ff849b1a000 	C:\WINDOWS\System32\msvcp_win.dll
0x00007ff834aa0000 - 0x00007ff834abb000 	C:\Users\LENOVO\.jdks\openjdk-22.0.1\bin\VCRUNTIME140.dll
0x00007ff836920000 - 0x00007ff836bb3000 	C:\WINDOWS\WinSxS\amd64_microsoft.windows.common-controls_6595b64144ccf1df_6.0.22621.3672_none_2713b9d173822955\COMCTL32.dll
0x00007ff84a5b0000 - 0x00007ff84a657000 	C:\WINDOWS\System32\msvcrt.dll
0x00007ff84b950000 - 0x00007ff84b981000 	C:\WINDOWS\System32\IMM32.DLL
0x00007ff843710000 - 0x00007ff84371c000 	C:\Users\LENOVO\.jdks\openjdk-22.0.1\bin\vcruntime140_1.dll
0x00007ff818b50000 - 0x00007ff818bde000 	C:\Users\LENOVO\.jdks\openjdk-22.0.1\bin\msvcp140.dll
0x00007fffea8b0000 - 0x00007fffeb5f7000 	C:\Users\LENOVO\.jdks\openjdk-22.0.1\bin\server\jvm.dll
0x00007ff84a6d0000 - 0x00007ff84a782000 	C:\WINDOWS\System32\ADVAPI32.dll
0x00007ff84b660000 - 0x00007ff84b70a000 	C:\WINDOWS\System32\sechost.dll
0x00007ff849720000 - 0x00007ff849748000 	C:\WINDOWS\System32\bcrypt.dll
0x00007ff84b810000 - 0x00007ff84b925000 	C:\WINDOWS\System32\RPCRT4.dll
0x00007ff849520000 - 0x00007ff84956d000 	C:\WINDOWS\SYSTEM32\POWRPROF.dll
0x00007ff84b790000 - 0x00007ff84b801000 	C:\WINDOWS\System32\WS2_32.dll
0x00007ff841ac0000 - 0x00007ff841af4000 	C:\WINDOWS\SYSTEM32\WINMM.dll
0x00007ff839a80000 - 0x00007ff839a8a000 	C:\WINDOWS\SYSTEM32\VERSION.dll
0x00007ff849500000 - 0x00007ff849513000 	C:\WINDOWS\SYSTEM32\UMPDC.dll
0x00007ff848690000 - 0x00007ff8486a8000 	C:\WINDOWS\SYSTEM32\kernel.appcore.dll
0x00007ff843060000 - 0x00007ff84306a000 	C:\Users\LENOVO\.jdks\openjdk-22.0.1\bin\jimage.dll
0x00007ff846f90000 - 0x00007ff8471c2000 	C:\WINDOWS\SYSTEM32\DBGHELP.DLL
0x00007ff84a090000 - 0x00007ff84a418000 	C:\WINDOWS\System32\combase.dll
0x00007ff84b9a0000 - 0x00007ff84ba77000 	C:\WINDOWS\System32\OLEAUT32.dll
0x00007ff81e420000 - 0x00007ff81e452000 	C:\WINDOWS\SYSTEM32\dbgcore.DLL
0x00007ff849b20000 - 0x00007ff849b9b000 	C:\WINDOWS\System32\bcryptPrimitives.dll
0x00007ff837370000 - 0x00007ff83737f000 	C:\Users\LENOVO\.jdks\openjdk-22.0.1\bin\instrument.dll
0x00007ff834a80000 - 0x00007ff834a9e000 	C:\Users\LENOVO\.jdks\openjdk-22.0.1\bin\java.dll
0x00007ff84a870000 - 0x00007ff84b0cc000 	C:\WINDOWS\System32\SHELL32.dll
0x00007ff84bbe0000 - 0x00007ff84bd85000 	C:\WINDOWS\System32\ole32.dll
0x00007ff8475b0000 - 0x00007ff847ea7000 	C:\WINDOWS\SYSTEM32\windows.storage.dll
0x00007ff847470000 - 0x00007ff8475af000 	C:\WINDOWS\SYSTEM32\wintypes.dll
0x00007ff84b0d0000 - 0x00007ff84b1c4000 	C:\WINDOWS\System32\SHCORE.dll
0x00007ff84c040000 - 0x00007ff84c09e000 	C:\WINDOWS\System32\shlwapi.dll
0x00007ff849590000 - 0x00007ff8495b1000 	C:\WINDOWS\SYSTEM32\profapi.dll
0x00007ff8159b0000 - 0x00007ff815a87000 	C:\Users\LENOVO\.jdks\openjdk-22.0.1\bin\jsvml.dll
0x00007ff832d00000 - 0x00007ff832d17000 	C:\Users\LENOVO\.jdks\openjdk-22.0.1\bin\zip.dll
0x00007ff837090000 - 0x00007ff8370a0000 	C:\Users\LENOVO\.jdks\openjdk-22.0.1\bin\net.dll
0x00007ff848b00000 - 0x00007ff848b69000 	C:\WINDOWS\system32\mswsock.dll
0x00007ff832ca0000 - 0x00007ff832cb6000 	C:\Users\LENOVO\.jdks\openjdk-22.0.1\bin\nio.dll
0x00007ff8321b0000 - 0x00007ff8321ca000 	C:\Program Files\JetBrains\IntelliJ IDEA 2024.1.2\bin\breakgen64.dll
0x00007ff8354a0000 - 0x00007ff8354a9000 	C:\Users\LENOVO\.jdks\openjdk-22.0.1\bin\extnet.dll
0x0000000069ac0000 - 0x0000000069ae4000 	C:\Users\LENOVO\AppData\Local\Temp\jansi-2.4.0-4ac4d605a2dc2158-jansi.dll
0x00007ff834a70000 - 0x00007ff834a80000 	C:\Users\LENOVO\.jdks\openjdk-22.0.1\bin\verify.dll

dbghelp: loaded successfully - version: 4.0.5 - missing functions: none
symbol engine: initialized successfully - sym options: 0x614 - pdb path: .;C:\Users\LENOVO\.jdks\openjdk-22.0.1\bin;C:\WINDOWS\SYSTEM32;C:\WINDOWS\WinSxS\amd64_microsoft.windows.common-controls_6595b64144ccf1df_6.0.22621.3672_none_2713b9d173822955;C:\Users\LENOVO\.jdks\openjdk-22.0.1\bin\server;C:\Program Files\JetBrains\IntelliJ IDEA 2024.1.2\bin;C:\Users\LENOVO\AppData\Local\Temp

VM Arguments:
jvm_args: -Dmaven.multiModuleProjectDirectory=C:\Users\LENOVO\Desktop\PROJET PI\Projet_pidev_esprit -Djansi.passthrough=true -Dmaven.home=C:\Program Files\JetBrains\IntelliJ IDEA 2024.1.2\plugins\maven\lib\maven3 -Dclassworlds.conf=C:\Program Files\JetBrains\IntelliJ IDEA 2024.1.2\plugins\maven\lib\maven3\bin\m2.conf -Dmaven.ext.class.path=C:\Program Files\JetBrains\IntelliJ IDEA 2024.1.2\plugins\maven\lib\maven-event-listener.jar -javaagent:C:\Program Files\JetBrains\IntelliJ IDEA 2024.1.2\lib\idea_rt.jar=54262:C:\Program Files\JetBrains\IntelliJ IDEA 2024.1.2\bin -Dfile.encoding=UTF-8 -Dsun.stdout.encoding=UTF-8 -Dsun.stderr.encoding=UTF-8 
java_command: org.codehaus.classworlds.Launcher -Didea.version=2024.1.2 org.openjfx:javafx-maven-plugin:0.0.8:run
java_class_path (initial): C:\Program Files\JetBrains\IntelliJ IDEA 2024.1.2\plugins\maven\lib\maven3\boot\plexus-classworlds-2.7.0.jar;C:\Program Files\JetBrains\IntelliJ IDEA 2024.1.2\plugins\maven\lib\maven3\boot\plexus-classworlds.license
Launcher Type: SUN_STANDARD

[Global flags]
     bool UseCompressedOops                        = true                           {product lp64_product} {ergonomic}
     bool UseLargePagesIndividualAllocation        = false                                  {pd product} {ergonomic}
     intx CICompilerCount                          = 2                                         {product} {ergonomic}
   size_t MinHeapDeltaBytes                        = 1048576                                   {product} {ergonomic}
     bool SegmentedCodeCache                       = true                                      {product} {ergonomic}
    uintx ReservedCodeCacheSize                    = 251658240                              {pd product} {ergonomic}
    uintx NonProfiledCodeHeapSize                  = 122916026                              {pd product} {ergonomic}
    uintx ProfiledCodeHeapSize                     = 122916026                              {pd product} {ergonomic}
    uintx NonNMethodCodeHeapSize                   = 5826188                                {pd product} {ergonomic}
   size_t G1HeapRegionSize                         = 1048576                                   {product} {ergonomic}
     uint G1ConcRefinementThreads                  = 2                                         {product} {ergonomic}
     bool UseG1GC                                  = true                                      {product} {ergonomic}
     uint ConcGCThreads                            = 1                                         {product} {ergonomic}
   size_t MarkStackSize                            = 4194304                                   {product} {ergonomic}
   size_t MinHeapSize                              = 8388608                                   {product} {ergonomic}
   size_t InitialHeapSize                          = 62914560                                  {product} {ergonomic}
   size_t MaxHeapSize                              = 981467136                                 {product} {ergonomic}
   size_t SoftMaxHeapSize                          = 981467136                              {manageable} {ergonomic}
   size_t MaxNewSize                               = 588251136                                 {product} {ergonomic}

Logging:
Log output configuration:
 #0: stdout all=warning uptime,level,tags foldmultilines=false
 #1: stderr all=off uptime,level,tags foldmultilines=false

Environment Variables:
PATH=C:\WINDOWS\system32;C:\WINDOWS;C:\WINDOWS\System32\Wbem;C:\WINDOWS\System32\WindowsPowerShell\v1.0\;C:\WINDOWS\System32\OpenSSH\;C:\Program Files\Git\cmd;C:\Program Files (x86)\dotnet\;C:\xampp\php;C:\ProgramData\ComposerSetup\bin;C:\Users\LENOVO\scoop\shims;C:\Users\LENOVO\AppData\Local\Microsoft\WindowsApps;C:\Users\LENOVO\AppData\Local\Programs\Microsoft VS Code\bin;C:\Program Files\JetBrains\IntelliJ IDEA 2024.1.2\bin;;C:\Users\LENOVO\AppData\Roaming\Composer\vendor\bin
USERNAME=LENOVO
OS=Windows_NT
PROCESSOR_IDENTIFIER=Intel64 Family 6 Model 122 Stepping 8, GenuineIntel
TMP=C:\Users\LENOVO\AppData\Local\Temp
TEMP=C:\Users\LENOVO\AppData\Local\Temp




Periodic native trim disabled

---------------  S Y S T E M  ---------------

OS:
 Windows 11 , 64 bit Build 22621 (10.0.22621.3672)
OS uptime: 11 days 2:24 hours

CPU: total 2 (initial active 2) (2 cores per cpu, 1 threads per core) family 6 model 122 stepping 8 microcode 0x1a, cx8, cmov, fxsr, mmx, 3dnowpref, sse, sse2, sse3, ssse3, sse4.1, sse4.2, popcnt, tsc, tscinvbit, aes, erms, clmul, sha, clflush, clflushopt, rdtscp, rdpid
Processor Information for all 2 processors :
  Max Mhz: 1101, Current Mhz: 1101, Mhz Limit: 1101

Memory: 4k page, system-wide physical 3737M (143M free)
TotalPageFile size 15001M (AvailPageFile size 0M)
current process WorkingSet (physical memory assigned to process): 22M, peak: 39M
current process commit charge ("private bytes"): 131M, peak: 133M

vm_info: OpenJDK 64-Bit Server VM (22.0.1+8-16) for windows-amd64 JRE (22.0.1+8-16), built on 2024-03-12T10:33:16Z by "mach5one" with MS VC++ 17.6 (VS2022)

END.
