#
# There is insufficient memory for the Java Runtime Environment to continue.
# Native memory allocation (malloc) failed to allocate 166496 bytes. Error detail: Chunk::new
# Possible reasons:
#   The system is out of physical RAM or swap space
#   This process is running with CompressedOops enabled, and the Java Heap may be blocking the growth of the native heap
# Possible solutions:
#   Reduce memory load on the system
#   Increase physical memory or swap space
#   Check if swap backing store is full
#   Decrease Java heap size (-Xmx/-Xms)
#   Decrease number of Java threads
#   Decrease Java thread stack sizes (-Xss)
#   Set larger code cache with -XX:ReservedCodeCacheSize=
#   JVM is running with Unscaled Compressed Oops mode in which the Java heap is
#     placed in the first 4GB address space. The Java Heap base address is the
#     maximum limit for the native heap growth. Please use -XX:HeapBaseMinAddress
#     to set the Java Heap base and to place the Java Heap above 4GB virtual address.
# This output file may be truncated or incomplete.
#
#  Out of Memory Error (arena.cpp:150), pid=71964, tid=52840
#
# JRE version: OpenJDK Runtime Environment (22.0.1+8) (build 22.0.1+8-16)
# Java VM: OpenJDK 64-Bit Server VM (22.0.1+8-16, mixed mode, sharing, tiered, compressed oops, compressed class ptrs, g1 gc, windows-amd64)
# No core dump will be written. Minidumps are not enabled by default on client versions of Windows
#

---------------  S U M M A R Y ------------

Command Line: -Dmaven.multiModuleProjectDirectory=C:\Users\LENOVO\Desktop\PROJET PI\Projet_pidev_esprit -Djansi.passthrough=true -Dmaven.home=C:\Program Files\JetBrains\IntelliJ IDEA 2024.1.2\plugins\maven\lib\maven3 -Dclassworlds.conf=C:\Program Files\JetBrains\IntelliJ IDEA 2024.1.2\plugins\maven\lib\maven3\bin\m2.conf -Dmaven.ext.class.path=C:\Program Files\JetBrains\IntelliJ IDEA 2024.1.2\plugins\maven\lib\maven-event-listener.jar -javaagent:C:\Program Files\JetBrains\IntelliJ IDEA 2024.1.2\lib\idea_rt.jar=54257:C:\Program Files\JetBrains\IntelliJ IDEA 2024.1.2\bin -Dfile.encoding=UTF-8 -Dsun.stdout.encoding=UTF-8 -Dsun.stderr.encoding=UTF-8 org.codehaus.classworlds.Launcher -Didea.version=2024.1.2 org.openjfx:javafx-maven-plugin:0.0.8:run

Host: Intel(R) Celeron(R) N4020 CPU @ 1.10GHz, 2 cores, 3G,  Windows 11 , 64 bit Build 22621 (10.0.22621.3672)
Time: Sat Jul  6 01:09:27 2024 Paris, Madrid (heure duild 22621 (10.0.22621.3672) elapsed time: 130.160630 seconds (0d 0h 2m 10s)

---------------  T H R E A D  ---------------

Current thread (0x000001eebcbd00b0):  JavaThread "C2 CompilerThread0" daemon [_thread_in_native, id=52840, stack(0x0000008068f00000,0x0000008069000000) (1024K)]


Current CompileTask:
C2:130160  342   !   4       java.util.zip.ZipFile$Source::checkAndAddEntry (354 bytes)

Stack: [0x0000008068f00000,0x0000008069000000]
Native frames: (J=compiled Java code, j=interpreted, Vv=VM code, C=native code)
V  [jvm.dll+0x6e2279]  (no source info available)
V  [jvm.dll+0x874e33]  (no source info available)
V  [jvm.dll+0x87725e]  (no source info available)
V  [jvm.dll+0x877933]  (no source info available)
V  [jvm.dll+0x27fd76]  (no source info available)
V  [jvm.dll+0xc3d0f]  (no source info available)
V  [jvm.dll+0xc3f6b]  (no source info available)
V  [jvm.dll+0x2f3c2f]  (no source info available)
V  [jvm.dll+0x60bc9a]  (no source info available)
V  [jvm.dll+0x250db2]  (no source info available)
V  [jvm.dll+0x24949c]  (no source info available)
V  [jvm.dll+0x246ec6]  (no source info available)
V  [jvm.dll+0x1c4e90]  (no source info available)
V  [jvm.dll+0x2569fe]  (no source info available)
V  [jvm.dll+0x254cba]  (no source info available)
V  [jvm.dll+0x3f5336]  (no source info available)
V  [jvm.dll+0x81d44b]  (no source info available)
V  [jvm.dll+0x6e0915]  (no source info available)
C  [ucrtbase.dll+0x29333]  (no source info available)
C  [KERNEL32.DLL+0x1257d]  (no source info available)
C  [ntdll.dll+0x5af28]  (no source info available)


---------------  P R O C E S S  ---------------

Threads class SMR info:
_java_thread_list=0x000001eefe0d2250, length=12, elements={
0x000001eea26a1100, 0x000001eea275e250, 0x000001eebcbcb830, 0x000001eebcbcd400,
0x000001eebcbcde60, 0x000001eebcbce8c0, 0x000001eebcbcf320, 0x000001eebcbd00b0,
0x000001eebcc3e040, 0x000001eebcc771a0, 0x000001eefe1657c0, 0x000001eefe165e30
}

Java Threads: ( => current thread )
  0x000001eea26a1100 JavaThread "main"                              [_thread_in_Java, id=72524, stack(0x0000008068100000,0x0000008068200000) (1024K)]
  0x000001eea275e250 JavaThread "Reference Handler"          daemon [_thread_blocked, id=72168, stack(0x0000008068900000,0x0000008068a00000) (1024K)]
  0x000001eebcbcb830 JavaThread "Finalizer"                  daemon [_thread_blocked, id=71268, stack(0x0000008068a00000,0x0000008068b00000) (1024K)]
  0x000001eebcbcd400 JavaThread "Signal Dispatcher"          daemon [_thread_blocked, id=62996, stack(0x0000008068b00000,0x0000008068c00000) (1024K)]
  0x000001eebcbcde60 JavaThread "Attach Listener"            daemon [_thread_blocked, id=69792, stack(0x0000008068c00000,0x0000008068d00000) (1024K)]
  0x000001eebcbce8c0 JavaThread "Service Thread"             daemon [_thread_blocked, id=72244, stack(0x0000008068d00000,0x0000008068e00000) (1024K)]
  0x000001eebcbcf320 JavaThread "Monitor Deflation Thread"   daemon [_thread_blocked, id=72184, stack(0x0000008068e00000,0x0000008068f00000) (1024K)]
=>0x000001eebcbd00b0 JavaThread "C2 CompilerThread0"         daemon [_thread_in_native, id=52840, stack(0x0000008068f00000,0x0000008069000000) (1024K)]
  0x000001eebcc3e040 JavaThread "C1 CompilerThread0"         daemon [_thread_blocked, id=70280, stack(0x0000008069000000,0x0000008069100000) (1024K)]
  0x000001eebcc771a0 JavaThread "Common-Cleaner"             daemon [_thread_blocked, id=72456, stack(0x0000008069100000,0x0000008069200000) (1024K)]
  0x000001eefe1657c0 JavaThread "Monitor Ctrl-Break"         daemon [_thread_in_native, id=73604, stack(0x0000008067f00000,0x0000008068000000) (1024K)]
  0x000001eefe165e30 JavaThread "Notification Thread"        daemon [_thread_blocked, id=73612, stack(0x0000008068000000,0x0000008068100000) (1024K)]
Total: 12

Other Threads:
  0x000001eea274a7d0 VMThread "VM Thread"                           [id=72628, stack(0x0000008068800000,0x0000008068900000) (1024K)]
  0x000001eea2739aa0 WatcherThread "VM Periodic Task Thread"        [id=72624, stack(0x0000008068700000,0x0000008068800000) (1024K)]
  0x000001eea26d6f10 WorkerThread "GC Thread#0"                     [id=72544, stack(0x0000008068200000,0x0000008068300000) (1024K)]
  0x000001eea26e0410 ConcurrentGCThread "G1 Main Marker"            [id=72548, stack(0x0000008068300000,0x0000008068400000) (1024K)]
  0x000001eea26e0f20 WorkerThread "G1 Conc#0"                       [id=72552, stack(0x0000008068400000,0x0000008068500000) (1024K)]
  0x000001eea2728840 ConcurrentGCThread "G1 Refine#0"               [id=72556, stack(0x0000008068500000,0x0000008068600000) (1024K)]
  0x000001eea27293c0 ConcurrentGCThread "G1 Service"                [id=72560, stack(0x0000008068600000,0x0000008068700000) (1024K)]
Total: 7

Threads with active compile tasks:
C2 CompilerThread0  130648  342   !   4       java.util.zip.ZipFile$Source::checkAndAddEntry (354 bytes)
Total: 1

VM state: not at safepoint (normal execution)

VM Mutex/Monitor currently owned by a thread: None

Heap address: 0x00000000c5800000, size: 936 MB, Compressed Oops mode: 32-bit

CDS archive(s) mapped at: [0x000001eebd000000-0x000001eebdc50000-0x000001eebdc50000), size 12910592, SharedBaseAddress: 0x000001eebd000000, ArchiveRelocationMode: 1.
Compressed class space mapped at: 0x000001eebe000000-0x000001eefe000000, reserved size: 1073741824
Narrow klass base: 0x000001eebd000000, Narrow klass shift: 0, Narrow klass range: 0x41000000

GC Precious Log:
 CardTable entry size: 512
 Card Set container configuration: InlinePtr #cards 5 size 8 Array Of Cards #cards 12 size 40 Howl #buckets 4 coarsen threshold 1843 Howl Bitmap #cards 512 size 80 coarsen threshold 460 Card regions per heap region 1 cards per card region 2048
 CPUs: 2 total, 2 available
 Memory: 3737M
 Large Page Support: Disabled
 NUMA Support: Disabled
 Compressed Oops: Enabled (32-bit)
 Heap Region Size: 1M
 Heap Min Capacity: 8M
 Heap Initial Capacity: 60M
 Heap Max Capacity: 936M
 Pre-touch: Disabled
 Parallel Workers: 2
 Concurrent Workers: 1
 Concurrent Refinement Workers: 2
 Periodic GC: Disabled

Heap:
 garbage-first heap   total reserved 958464K, committed 61440K, used 3072K [0x00000000c5800000, 0x0000000100000000)
  region size 1024K, 5 young (5120K), 0 survivors (0K)
 Metaspace       used 1329K, committed 1472K, reserved 1114112K
  class space    used 113K, committed 192K, reserved 1048576K

Heap Regions: E=young(eden), S=young(survivor), O=old, HS=humongous(starts), HC=humongous(continues), CS=collection set, F=free, TAMS=top-at-mark-start, PB=parsable bottom
|   0|0x00000000c5800000, 0x00000000c5800000, 0x00000000c5900000|  0%| F|  |TAMS 0x00000000c5800000| PB 0x00000000c5800000| Untracked |  0
|   1|0x00000000c5900000, 0x00000000c5900000, 0x00000000c5a00000|  0%| F|  |TAMS 0x00000000c5900000| PB 0x00000000c5900000| Untracked |  0
|   2|0x00000000c5a00000, 0x00000000c5a00000, 0x00000000c5b00000|  0%| F|  |TAMS 0x00000000c5a00000| PB 0x00000000c5a00000| Untracked |  0
|   3|0x00000000c5b00000, 0x00000000c5b00000, 0x00000000c5c00000|  0%| F|  |TAMS 0x00000000c5b00000| PB 0x00000000c5b00000| Untracked |  0
|   4|0x00000000c5c00000, 0x00000000c5c00000, 0x00000000c5d00000|  0%| F|  |TAMS 0x00000000c5c00000| PB 0x00000000c5c00000| Untracked |  0
|   5|0x00000000c5d00000, 0x00000000c5d00000, 0x00000000c5e00000|  0%| F|  |TAMS 0x00000000c5d00000| PB 0x00000000c5d00000| Untracked |  0
|   6|0x00000000c5e00000, 0x00000000c5e00000, 0x00000000c5f00000|  0%| F|  |TAMS 0x00000000c5e00000| PB 0x00000000c5e00000| Untracked |  0
|   7|0x00000000c5f00000, 0x00000000c5f00000, 0x00000000c6000000|  0%| F|  |TAMS 0x00000000c5f00000| PB 0x00000000c5f00000| Untracked |  0
|   8|0x00000000c6000000, 0x00000000c6000000, 0x00000000c6100000|  0%| F|  |TAMS 0x00000000c6000000| PB 0x00000000c6000000| Untracked |  0
|   9|0x00000000c6100000, 0x00000000c6100000, 0x00000000c6200000|  0%| F|  |TAMS 0x00000000c6100000| PB 0x00000000c6100000| Untracked |  0
|  10|0x00000000c6200000, 0x00000000c6200000, 0x00000000c6300000|  0%| F|  |TAMS 0x00000000c6200000| PB 0x00000000c6200000| Untracked |  0
|  11|0x00000000c6300000, 0x00000000c6300000, 0x00000000c6400000|  0%| F|  |TAMS 0x00000000c6300000| PB 0x00000000c6300000| Untracked |  0
|  12|0x00000000c6400000, 0x00000000c6400000, 0x00000000c6500000|  0%| F|  |TAMS 0x00000000c6400000| PB 0x00000000c6400000| Untracked |  0
|  13|0x00000000c6500000, 0x00000000c6500000, 0x00000000c6600000|  0%| F|  |TAMS 0x00000000c6500000| PB 0x00000000c6500000| Untracked |  0
|  14|0x00000000c6600000, 0x00000000c6600000, 0x00000000c6700000|  0%| F|  |TAMS 0x00000000c6600000| PB 0x00000000c6600000| Untracked |  0
|  15|0x00000000c6700000, 0x00000000c6700000, 0x00000000c6800000|  0%| F|  |TAMS 0x00000000c6700000| PB 0x00000000c6700000| Untracked |  0
|  16|0x00000000c6800000, 0x00000000c6800000, 0x00000000c6900000|  0%| F|  |TAMS 0x00000000c6800000| PB 0x00000000c6800000| Untracked |  0
|  17|0x00000000c6900000, 0x00000000c6900000, 0x00000000c6a00000|  0%| F|  |TAMS 0x00000000c6900000| PB 0x00000000c6900000| Untracked |  0
|  18|0x00000000c6a00000, 0x00000000c6a00000, 0x00000000c6b00000|  0%| F|  |TAMS 0x00000000c6a00000| PB 0x00000000c6a00000| Untracked |  0
|  19|0x00000000c6b00000, 0x00000000c6b00000, 0x00000000c6c00000|  0%| F|  |TAMS 0x00000000c6b00000| PB 0x00000000c6b00000| Untracked |  0
|  20|0x00000000c6c00000, 0x00000000c6c00000, 0x00000000c6d00000|  0%| F|  |TAMS 0x00000000c6c00000| PB 0x00000000c6c00000| Untracked |  0
|  21|0x00000000c6d00000, 0x00000000c6d00000, 0x00000000c6e00000|  0%| F|  |TAMS 0x00000000c6d00000| PB 0x00000000c6d00000| Untracked |  0
|  22|0x00000000c6e00000, 0x00000000c6e00000, 0x00000000c6f00000|  0%| F|  |TAMS 0x00000000c6e00000| PB 0x00000000c6e00000| Untracked |  0
|  23|0x00000000c6f00000, 0x00000000c6f00000, 0x00000000c7000000|  0%| F|  |TAMS 0x00000000c6f00000| PB 0x00000000c6f00000| Untracked |  0
|  24|0x00000000c7000000, 0x00000000c7000000, 0x00000000c7100000|  0%| F|  |TAMS 0x00000000c7000000| PB 0x00000000c7000000| Untracked |  0
|  25|0x00000000c7100000, 0x00000000c7100000, 0x00000000c7200000|  0%| F|  |TAMS 0x00000000c7100000| PB 0x00000000c7100000| Untracked |  0
|  26|0x00000000c7200000, 0x00000000c7200000, 0x00000000c7300000|  0%| F|  |TAMS 0x00000000c7200000| PB 0x00000000c7200000| Untracked |  0
|  27|0x00000000c7300000, 0x00000000c7300000, 0x00000000c7400000|  0%| F|  |TAMS 0x00000000c7300000| PB 0x00000000c7300000| Untracked |  0
|  28|0x00000000c7400000, 0x00000000c7400000, 0x00000000c7500000|  0%| F|  |TAMS 0x00000000c7400000| PB 0x00000000c7400000| Untracked |  0
|  29|0x00000000c7500000, 0x00000000c7500000, 0x00000000c7600000|  0%| F|  |TAMS 0x00000000c7500000| PB 0x00000000c7500000| Untracked |  0
|  30|0x00000000c7600000, 0x00000000c7600000, 0x00000000c7700000|  0%| F|  |TAMS 0x00000000c7600000| PB 0x00000000c7600000| Untracked |  0
|  31|0x00000000c7700000, 0x00000000c7700000, 0x00000000c7800000|  0%| F|  |TAMS 0x00000000c7700000| PB 0x00000000c7700000| Untracked |  0
|  32|0x00000000c7800000, 0x00000000c7800000, 0x00000000c7900000|  0%| F|  |TAMS 0x00000000c7800000| PB 0x00000000c7800000| Untracked |  0
|  33|0x00000000c7900000, 0x00000000c7900000, 0x00000000c7a00000|  0%| F|  |TAMS 0x00000000c7900000| PB 0x00000000c7900000| Untracked |  0
|  34|0x00000000c7a00000, 0x00000000c7a00000, 0x00000000c7b00000|  0%| F|  |TAMS 0x00000000c7a00000| PB 0x00000000c7a00000| Untracked |  0
|  35|0x00000000c7b00000, 0x00000000c7b00000, 0x00000000c7c00000|  0%| F|  |TAMS 0x00000000c7b00000| PB 0x00000000c7b00000| Untracked |  0
|  36|0x00000000c7c00000, 0x00000000c7c00000, 0x00000000c7d00000|  0%| F|  |TAMS 0x00000000c7c00000| PB 0x00000000c7c00000| Untracked |  0
|  37|0x00000000c7d00000, 0x00000000c7d00000, 0x00000000c7e00000|  0%| F|  |TAMS 0x00000000c7d00000| PB 0x00000000c7d00000| Untracked |  0
|  38|0x00000000c7e00000, 0x00000000c7e00000, 0x00000000c7f00000|  0%| F|  |TAMS 0x00000000c7e00000| PB 0x00000000c7e00000| Untracked |  0
|  39|0x00000000c7f00000, 0x00000000c7f00000, 0x00000000c8000000|  0%| F|  |TAMS 0x00000000c7f00000| PB 0x00000000c7f00000| Untracked |  0
|  40|0x00000000c8000000, 0x00000000c8000000, 0x00000000c8100000|  0%| F|  |TAMS 0x00000000c8000000| PB 0x00000000c8000000| Untracked |  0
|  41|0x00000000c8100000, 0x00000000c8100000, 0x00000000c8200000|  0%| F|  |TAMS 0x00000000c8100000| PB 0x00000000c8100000| Untracked |  0
|  42|0x00000000c8200000, 0x00000000c8200000, 0x00000000c8300000|  0%| F|  |TAMS 0x00000000c8200000| PB 0x00000000c8200000| Untracked |  0
|  43|0x00000000c8300000, 0x00000000c8300000, 0x00000000c8400000|  0%| F|  |TAMS 0x00000000c8300000| PB 0x00000000c8300000| Untracked |  0
|  44|0x00000000c8400000, 0x00000000c8400000, 0x00000000c8500000|  0%| F|  |TAMS 0x00000000c8400000| PB 0x00000000c8400000| Untracked |  0
|  45|0x00000000c8500000, 0x00000000c8500000, 0x00000000c8600000|  0%| F|  |TAMS 0x00000000c8500000| PB 0x00000000c8500000| Untracked |  0
|  46|0x00000000c8600000, 0x00000000c8600000, 0x00000000c8700000|  0%| F|  |TAMS 0x00000000c8600000| PB 0x00000000c8600000| Untracked |  0
|  47|0x00000000c8700000, 0x00000000c8700000, 0x00000000c8800000|  0%| F|  |TAMS 0x00000000c8700000| PB 0x00000000c8700000| Untracked |  0
|  48|0x00000000c8800000, 0x00000000c8800000, 0x00000000c8900000|  0%| F|  |TAMS 0x00000000c8800000| PB 0x00000000c8800000| Untracked |  0
|  49|0x00000000c8900000, 0x00000000c8900000, 0x00000000c8a00000|  0%| F|  |TAMS 0x00000000c8900000| PB 0x00000000c8900000| Untracked |  0
|  50|0x00000000c8a00000, 0x00000000c8a00000, 0x00000000c8b00000|  0%| F|  |TAMS 0x00000000c8a00000| PB 0x00000000c8a00000| Untracked |  0
|  51|0x00000000c8b00000, 0x00000000c8b00000, 0x00000000c8c00000|  0%| F|  |TAMS 0x00000000c8b00000| PB 0x00000000c8b00000| Untracked |  0
|  52|0x00000000c8c00000, 0x00000000c8c00000, 0x00000000c8d00000|  0%| F|  |TAMS 0x00000000c8c00000| PB 0x00000000c8c00000| Untracked |  0
|  53|0x00000000c8d00000, 0x00000000c8d00000, 0x00000000c8e00000|  0%| F|  |TAMS 0x00000000c8d00000| PB 0x00000000c8d00000| Untracked |  0
|  54|0x00000000c8e00000, 0x00000000c8e00000, 0x00000000c8f00000|  0%| F|  |TAMS 0x00000000c8e00000| PB 0x00000000c8e00000| Untracked |  0
|  55|0x00000000c8f00000, 0x00000000c8f6efb0, 0x00000000c9000000| 43%| E|  |TAMS 0x00000000c8f00000| PB 0x00000000c8f00000| Complete |  0
|  56|0x00000000c9000000, 0x00000000c9100000, 0x00000000c9100000|100%| E|CS|TAMS 0x00000000c9000000| PB 0x00000000c9000000| Complete |  0
|  57|0x00000000c9100000, 0x00000000c9200000, 0x00000000c9200000|100%| E|  |TAMS 0x00000000c9100000| PB 0x00000000c9100000| Complete |  0
|  58|0x00000000c9200000, 0x00000000c9300000, 0x00000000c9300000|100%| E|CS|TAMS 0x00000000c9200000| PB 0x00000000c9200000| Complete |  0
|  59|0x00000000c9300000, 0x00000000c9400000, 0x00000000c9400000|100%| E|CS|TAMS 0x00000000c9300000| PB 0x00000000c9300000| Complete |  0

Card table byte_map: [0x000001eea2440000,0x000001eea2620000] _byte_map_base: 0x000001eea1e14000

Marking Bits: (CMBitMap*) 0x000001eea26d7620
 Bits: [0x000001eeb99e0000, 0x000001eeba880000)

Polling page: 0x000001eea07f0000

Metaspace:

Usage:
  Non-class:      1.19 MB used.
      Class:    113.52 KB used.
       Both:      1.30 MB used.

Virtual space:
  Non-class space:       64.00 MB reserved,       1.25 MB (  2%) committed,  1 nodes.
      Class space:        1.00 GB reserved,     192.00 KB ( <1%) committed,  1 nodes.
             Both:        1.06 GB reserved,       1.44 MB ( <1%) committed. 

Chunk freelists:
   Non-Class:  11.81 MB
       Class:  15.71 MB
        Both:  27.53 MB

MaxMetaspaceSize: unlimited
CompressedClassSpaceSize: 1.00 GB
Initial GC threshold: 21.00 MB
Current GC threshold: 21.00 MB
CDS: on
 - commit_granule_bytes: 65536.
 - commit_granule_words: 8192.
 - virtual_space_node_default_size: 8388608.
 - enlarge_chunks_in_place: 1.
 - use_allocation_guard: 0.


Internal statistics:

num_allocs_failed_limit: 0.
num_arena_births: 30.
num_arena_deaths: 0.
num_vsnodes_births: 2.
num_vsnodes_deaths: 0.
num_space_committed: 23.
num_space_uncommitted: 0.
num_chunks_returned_to_freelist: 0.
num_chunks_taken_from_freelist: 45.
num_chunk_merges: 0.
num_chunk_splits: 30.
num_chunks_enlarged: 18.
num_inconsistent_stats: 0.

CodeHeap 'non-profiled nmethods': size=120064Kb used=124Kb max_used=124Kb free=119939Kb
 bounds [0x000001eeb24a0000, 0x000001eeb2710000, 0x000001eeb99e0000]
CodeHeap 'profiled nmethods': size=120000Kb used=449Kb max_used=449Kb free=119550Kb
 bounds [0x000001eeaa9e0000, 0x000001eeaac50000, 0x000001eeb1f10000]
CodeHeap 'non-nmethods': size=5696Kb used=1328Kb max_used=1342Kb free=4367Kb
 bounds [0x000001eeb1f10000, 0x000001eeb2180000, 0x000001eeb24a0000]
 total_blobs=808 nmethods=374 adapters=340
 compilation: enabled
              stopped_count=0, restarted_count=0
 full_count=0

Compilation events (20 events):
Event: 126.674 Thread 0x000001eebcc3e040 nmethod 334 0x000001eeaaa3e810 code [0x000001eeaaa3eac0, 0x000001eeaaa3f9e8]
Event: 126.674 Thread 0x000001eebcc3e040  333       1       sun.nio.fs.NativeBuffer::address (5 bytes)
Event: 126.674 Thread 0x000001eebcc3e040 nmethod 333 0x000001eeb24bdd10 code [0x000001eeb24bdea0, 0x000001eeb24bdf68]
Event: 126.674 Thread 0x000001eebcc3e040  331       1       java.lang.Integer::intValue (5 bytes)
Event: 126.674 Thread 0x000001eebcc3e040 nmethod 331 0x000001eeb24be010 code [0x000001eeb24be1a0, 0x000001eeb24be268]
Event: 126.677 Thread 0x000001eebcc3e040  336       3       java.nio.ByteBuffer::arrayOffset (35 bytes)
Event: 126.677 Thread 0x000001eebcbd00b0  335       4       java.lang.CharacterDataLatin1::toLowerCase (44 bytes)
Event: 126.678 Thread 0x000001eebcbd00b0 nmethod 335 0x000001eeb24be310 code [0x000001eeb24be480, 0x000001eeb24be540]
Event: 126.679 Thread 0x000001eebcc3e040 nmethod 336 0x000001eeaaa3ff10 code [0x000001eeaaa400e0, 0x000001eeaaa40350]
Event: 126.679 Thread 0x000001eebcc3e040  337       3       java.nio.charset.CoderResult::isUnderflow (13 bytes)
Event: 126.679 Thread 0x000001eebcc3e040 nmethod 337 0x000001eeaaa40490 code [0x000001eeaaa40620, 0x000001eeaaa40780]
Event: 128.496 Thread 0x000001eebcc3e040  338       3       java.nio.Buffer::clear (20 bytes)
Event: 128.496 Thread 0x000001eebcc3e040 nmethod 338 0x000001eeaaa40810 code [0x000001eeaaa409a0, 0x000001eeaaa40ac0]
Event: 128.497 Thread 0x000001eebcc3e040  339       3       java.nio.charset.CoderResult::isError (14 bytes)
Event: 128.497 Thread 0x000001eebcc3e040 nmethod 339 0x000001eeaaa40b90 code [0x000001eeaaa40d20, 0x000001eeaaa40e80]
Event: 128.498 Thread 0x000001eebcc3e040  340       3       java.nio.Buffer::position (52 bytes)
Event: 128.498 Thread 0x000001eebcc3e040 nmethod 340 0x000001eeaaa40f10 code [0x000001eeaaa410c0, 0x000001eeaaa41318]
Event: 130.135 Thread 0x000001eebcc3e040  341       3       sun.nio.fs.WindowsPathParser::nextNonSlash (24 bytes)
Event: 130.136 Thread 0x000001eebcc3e040 nmethod 341 0x000001eeaaa41410 code [0x000001eeaaa41620, 0x000001eeaaa41d28]
Event: 130.147 Thread 0x000001eebcbd00b0  342   !   4       java.util.zip.ZipFile$Source::checkAndAddEntry (354 bytes)

GC Heap History (0 events):
No events

Dll operation events (9 events):
Event: 0.034 Loaded shared library C:\Users\LENOVO\.jdks\openjdk-22.0.1\bin\java.dll
Event: 10.879 Loaded shared library C:\Users\LENOVO\.jdks\openjdk-22.0.1\bin\jsvml.dll
Event: 40.739 Loaded shared library C:\Users\LENOVO\.jdks\openjdk-22.0.1\bin\zip.dll
Event: 69.332 Loaded shared library C:\Users\LENOVO\.jdks\openjdk-22.0.1\bin\instrument.dll
Event: 74.914 Loaded shared library C:\Users\LENOVO\.jdks\openjdk-22.0.1\bin\net.dll
Event: 74.923 Loaded shared library C:\Users\LENOVO\.jdks\openjdk-22.0.1\bin\nio.dll
Event: 84.102 Loaded shared library C:\Users\LENOVO\.jdks\openjdk-22.0.1\bin\zip.dll
Event: 109.168 Loaded shared library C:\Program Files\JetBrains\IntelliJ IDEA 2024.1.2\bin\breakgen64.dll
Event: 118.308 Loaded shared library C:\Users\LENOVO\.jdks\openjdk-22.0.1\bin\extnet.dll

Deoptimization events (18 events):
Event: 111.034 Thread 0x000001eea26a1100 Uncommon trap: trap_request=0xffffff45 fr.pc=0x000001eeb24afce0 relative=0x00000000000000c0
Event: 111.034 Thread 0x000001eea26a1100 Uncommon trap: reason=unstable_if action=reinterpret pc=0x000001eeb24afce0 method=java.lang.String.isLatin1()Z @ 10 c2
Event: 111.034 Thread 0x000001eea26a1100 DEOPT PACKING pc=0x000001eeb24afce0 sp=0x00000080681ff3d0
Event: 111.034 Thread 0x000001eea26a1100 DEOPT UNPACKING pc=0x000001eeb1f6469c sp=0x00000080681ff310 mode 2
Event: 121.150 Thread 0x000001eea26a1100 DEOPT PACKING pc=0x000001eeaa9e02a8 sp=0x00000080681fe3e0
Event: 121.150 Thread 0x000001eea26a1100 DEOPT UNPACKING pc=0x000001eeb1f64e23 sp=0x00000080681fd858 mode 0
Event: 121.154 Thread 0x000001eea26a1100 DEOPT PACKING pc=0x000001eeaa9e02a8 sp=0x00000080681fe3e0
Event: 121.154 Thread 0x000001eea26a1100 DEOPT UNPACKING pc=0x000001eeb1f64e23 sp=0x00000080681fd858 mode 0
Event: 121.155 Thread 0x000001eea26a1100 DEOPT PACKING pc=0x000001eeaa9e02a8 sp=0x00000080681fe3e0
Event: 121.155 Thread 0x000001eea26a1100 DEOPT UNPACKING pc=0x000001eeb1f64e23 sp=0x00000080681fd858 mode 0
Event: 123.049 Thread 0x000001eea26a1100 DEOPT PACKING pc=0x000001eeaaa031c9 sp=0x00000080681fe430
Event: 123.049 Thread 0x000001eea26a1100 DEOPT UNPACKING pc=0x000001eeb1f64e23 sp=0x00000080681fd8a0 mode 0
Event: 123.049 Thread 0x000001eea26a1100 DEOPT PACKING pc=0x000001eeaaa031c9 sp=0x00000080681fe430
Event: 123.049 Thread 0x000001eea26a1100 DEOPT UNPACKING pc=0x000001eeb1f64e23 sp=0x00000080681fd8a0 mode 0
Event: 123.051 Thread 0x000001eea26a1100 DEOPT PACKING pc=0x000001eeaaa031c9 sp=0x00000080681fe430
Event: 123.051 Thread 0x000001eea26a1100 DEOPT UNPACKING pc=0x000001eeb1f64e23 sp=0x00000080681fd8a0 mode 0
Event: 123.053 Thread 0x000001eea26a1100 DEOPT PACKING pc=0x000001eeaaa031c9 sp=0x00000080681fe430
Event: 123.053 Thread 0x000001eea26a1100 DEOPT UNPACKING pc=0x000001eeb1f64e23 sp=0x00000080681fd8a0 mode 0

Classes loaded (20 events):
Event: 121.141 Loading class java/net/URLClassLoader$1
Event: 121.141 Loading class java/net/URLClassLoader$1 done
Event: 121.141 Loading class jdk/internal/loader/URLClassPath$FileLoader
Event: 121.141 Loading class jdk/internal/loader/URLClassPath$FileLoader done
Event: 123.070 Loading class sun/net/www/protocol/file/FileURLConnection
Event: 123.071 Loading class sun/net/www/URLConnection
Event: 123.072 Loading class java/net/URLConnection
Event: 123.074 Loading class java/net/URLConnection done
Event: 123.074 Loading class sun/net/www/URLConnection done
Event: 123.074 Loading class sun/net/www/protocol/file/FileURLConnection done
Event: 123.075 Loading class sun/net/www/MessageHeader
Event: 123.075 Loading class sun/net/www/MessageHeader done
Event: 123.076 Loading class java/io/FilePermission$1
Event: 123.076 Loading class jdk/internal/access/JavaIOFilePermissionAccess
Event: 123.077 Loading class jdk/internal/access/JavaIOFilePermissionAccess done
Event: 123.077 Loading class java/io/FilePermission$1 done
Event: 125.815 Loading class java/io/FilePermissionCollection
Event: 125.816 Loading class java/io/FilePermissionCollection done
Event: 125.816 Loading class java/util/Vector
Event: 125.817 Loading class java/util/Vector done

Classes unloaded (0 events):
No events

Classes redefined (0 events):
No events

Internal exceptions (4 events):
Event: 92.560 Thread 0x000001eea26a1100 Exception <a 'java/lang/NoSuchMethodError'{0x00000000c92ac938}: 'void java.lang.invoke.DirectMethodHandle$Holder.invokeStatic(java.lang.Object, java.lang.Object, java.lang.Object)'> (0x00000000c92ac938) 
thrown [s\open\src\hotspot\share\interpreter\linkResolver.cpp, line 774]
Event: 92.594 Thread 0x000001eea26a1100 Exception <a 'java/lang/NoSuchMethodError'{0x00000000c92c4628}: 'java.lang.Object java.lang.invoke.Invokers$Holder.invokeExact_MT(java.lang.Object, java.lang.Object, java.lang.Object, java.lang.Object, java.lang.Object)'> (0x00000000c92c4628) 
thrown [s\open\src\hotspot\share\interpreter\linkResolver.cpp, line 774]
Event: 118.448 Thread 0x000001eefe1657c0 Exception <a 'java/lang/NoSuchMethodError'{0x00000000c9127760}: 'void java.lang.invoke.DirectMethodHandle$Holder.invokeStatic(java.lang.Object, java.lang.Object)'> (0x00000000c9127760) 
thrown [s\open\src\hotspot\share\interpreter\linkResolver.cpp, line 774]
Event: 119.971 Thread 0x000001eea26a1100 Exception <a 'java/lang/NoSuchMethodError'{0x00000000c9169638}: 'int java.lang.invoke.DirectMethodHandle$Holder.invokeSpecial(java.lang.Object, java.lang.Object, java.lang.Object)'> (0x00000000c9169638) 
thrown [s\open\src\hotspot\share\interpreter\linkResolver.cpp, line 774]

ZGC Phase Switch (0 events):
No events

VM Operations (18 events):
Event: 29.049 Executing VM operation: Cleanup
Event: 36.884 Executing VM operation: Cleanup done
Event: 37.931 Executing VM operation: Cleanup
Event: 40.687 Executing VM operation: Cleanup done
Event: 75.933 Executing VM operation: Cleanup
Event: 82.514 Executing VM operation: Cleanup done
Event: 85.072 Executing VM operation: Cleanup
Event: 92.540 Executing VM operation: Cleanup done
Event: 95.458 Executing VM operation: Cleanup
Event: 106.331 Executing VM operation: Cleanup done
Event: 114.891 Executing VM operation: Cleanup
Event: 118.083 Executing VM operation: Cleanup done
Event: 119.088 Executing VM operation: Cleanup
Event: 119.969 Executing VM operation: Cleanup done
Event: 121.973 Executing VM operation: Cleanup
Event: 121.973 Executing VM operation: Cleanup done
Event: 125.991 Executing VM operation: Cleanup
Event: 126.209 Executing VM operation: Cleanup done

Events (12 events):
Event: 1.340 Thread 0x000001eea26a1100 Thread added: 0x000001eea26a1100
Event: 10.856 Thread 0x000001eea275e250 Thread added: 0x000001eea275e250
Event: 10.856 Thread 0x000001eebcbcb830 Thread added: 0x000001eebcbcb830
Event: 10.857 Thread 0x000001eebcbcd400 Thread added: 0x000001eebcbcd400
Event: 10.857 Thread 0x000001eebcbcde60 Thread added: 0x000001eebcbcde60
Event: 10.857 Thread 0x000001eebcbce8c0 Thread added: 0x000001eebcbce8c0
Event: 10.857 Thread 0x000001eebcbcf320 Thread added: 0x000001eebcbcf320
Event: 10.857 Thread 0x000001eebcbd00b0 Thread added: 0x000001eebcbd00b0
Event: 13.950 Thread 0x000001eebcc3e040 Thread added: 0x000001eebcc3e040
Event: 15.880 Thread 0x000001eebcc771a0 Thread added: 0x000001eebcc771a0
Event: 110.794 Thread 0x000001eefe1657c0 Thread added: 0x000001eefe1657c0
Event: 110.800 Thread 0x000001eefe165e30 Thread added: 0x000001eefe165e30


Dynamic libraries:
0x00007ff689cf0000 - 0x00007ff689cfe000 	C:\Users\LENOVO\.jdks\openjdk-22.0.1\bin\java.exe
0x00007ff84c330000 - 0x00007ff84c547000 	C:\WINDOWS\SYSTEM32\ntdll.dll
0x00007ff84a4d0000 - 0x00007ff84a594000 	C:\WINDOWS\System32\KERNEL32.DLL
0x00007ff849ba0000 - 0x00007ff849f4c000 	C:\WINDOWS\System32\KERNELBASE.dll
0x00007ff8498f0000 - 0x00007ff849a01000 	C:\WINDOWS\System32\ucrtbase.dll
0x00007ff837380000 - 0x00007ff837397000 	C:\Users\LENOVO\.jdks\openjdk-22.0.1\bin\jli.dll
0x00007ff84be90000 - 0x00007ff84c03e000 	C:\WINDOWS\System32\USER32.dll
0x00007ff849750000 - 0x00007ff849776000 	C:\WINDOWS\System32\win32u.dll
0x00007ff84c260000 - 0x00007ff84c289000 	C:\WINDOWS\System32\GDI32.dll
0x00007ff849f50000 - 0x00007ff84a069000 	C:\WINDOWS\System32\gdi32full.dll
0x00007ff849a80000 - 0x00007ff849b1a000 	C:\WINDOWS\System32\msvcp_win.dll
0x00007ff834aa0000 - 0x00007ff834abb000 	C:\Users\LENOVO\.jdks\openjdk-22.0.1\bin\VCRUNTIME140.dll
0x00007ff836920000 - 0x00007ff836bb3000 	C:\WINDOWS\WinSxS\amd64_microsoft.windows.common-controls_6595b64144ccf1df_6.0.22621.3672_none_2713b9d173822955\COMCTL32.dll
0x00007ff84a5b0000 - 0x00007ff84a657000 	C:\WINDOWS\System32\msvcrt.dll
0x00007ff84b950000 - 0x00007ff84b981000 	C:\WINDOWS\System32\IMM32.DLL
0x00007ff843710000 - 0x00007ff84371c000 	C:\Users\LENOVO\.jdks\openjdk-22.0.1\bin\vcruntime140_1.dll
0x00007ff818b50000 - 0x00007ff818bde000 	C:\Users\LENOVO\.jdks\openjdk-22.0.1\bin\msvcp140.dll
0x00007fffea8b0000 - 0x00007fffeb5f7000 	C:\Users\LENOVO\.jdks\openjdk-22.0.1\bin\server\jvm.dll
0x00007ff84a6d0000 - 0x00007ff84a782000 	C:\WINDOWS\System32\ADVAPI32.dll
0x00007ff84b660000 - 0x00007ff84b70a000 	C:\WINDOWS\System32\sechost.dll
0x00007ff849720000 - 0x00007ff849748000 	C:\WINDOWS\System32\bcrypt.dll
0x00007ff84b810000 - 0x00007ff84b925000 	C:\WINDOWS\System32\RPCRT4.dll
0x00007ff84b790000 - 0x00007ff84b801000 	C:\WINDOWS\System32\WS2_32.dll
0x00007ff849520000 - 0x00007ff84956d000 	C:\WINDOWS\SYSTEM32\POWRPROF.dll
0x00007ff841ac0000 - 0x00007ff841af4000 	C:\WINDOWS\SYSTEM32\WINMM.dll
0x00007ff839a80000 - 0x00007ff839a8a000 	C:\WINDOWS\SYSTEM32\VERSION.dll
0x00007ff849500000 - 0x00007ff849513000 	C:\WINDOWS\SYSTEM32\UMPDC.dll
0x00007ff848690000 - 0x00007ff8486a8000 	C:\WINDOWS\SYSTEM32\kernel.appcore.dll
0x00007ff843060000 - 0x00007ff84306a000 	C:\Users\LENOVO\.jdks\openjdk-22.0.1\bin\jimage.dll
0x00007ff846f90000 - 0x00007ff8471c2000 	C:\WINDOWS\SYSTEM32\DBGHELP.DLL
0x00007ff84a090000 - 0x00007ff84a418000 	C:\WINDOWS\System32\combase.dll
0x00007ff84b9a0000 - 0x00007ff84ba77000 	C:\WINDOWS\System32\OLEAUT32.dll
0x00007ff81e420000 - 0x00007ff81e452000 	C:\WINDOWS\SYSTEM32\dbgcore.DLL
0x00007ff849b20000 - 0x00007ff849b9b000 	C:\WINDOWS\System32\bcryptPrimitives.dll
0x00007ff837370000 - 0x00007ff83737f000 	C:\Users\LENOVO\.jdks\openjdk-22.0.1\bin\instrument.dll
0x00007ff834a80000 - 0x00007ff834a9e000 	C:\Users\LENOVO\.jdks\openjdk-22.0.1\bin\java.dll
0x00007ff84a870000 - 0x00007ff84b0cc000 	C:\WINDOWS\System32\SHELL32.dll
0x00007ff84bbe0000 - 0x00007ff84bd85000 	C:\WINDOWS\System32\ole32.dll
0x00007ff8475b0000 - 0x00007ff847ea7000 	C:\WINDOWS\SYSTEM32\windows.storage.dll
0x00007ff847470000 - 0x00007ff8475af000 	C:\WINDOWS\SYSTEM32\wintypes.dll
0x00007ff84b0d0000 - 0x00007ff84b1c4000 	C:\WINDOWS\System32\SHCORE.dll
0x00007ff84c040000 - 0x00007ff84c09e000 	C:\WINDOWS\System32\shlwapi.dll
0x00007ff849590000 - 0x00007ff8495b1000 	C:\WINDOWS\SYSTEM32\profapi.dll
0x00007ff8159b0000 - 0x00007ff815a87000 	C:\Users\LENOVO\.jdks\openjdk-22.0.1\bin\jsvml.dll
0x00007ff832d00000 - 0x00007ff832d17000 	C:\Users\LENOVO\.jdks\openjdk-22.0.1\bin\zip.dll
0x00007ff837090000 - 0x00007ff8370a0000 	C:\Users\LENOVO\.jdks\openjdk-22.0.1\bin\net.dll
0x00007ff848b00000 - 0x00007ff848b69000 	C:\WINDOWS\system32\mswsock.dll
0x00007ff832ca0000 - 0x00007ff832cb6000 	C:\Users\LENOVO\.jdks\openjdk-22.0.1\bin\nio.dll
0x00007ff8321b0000 - 0x00007ff8321ca000 	C:\Program Files\JetBrains\IntelliJ IDEA 2024.1.2\bin\breakgen64.dll
0x00007ff8354a0000 - 0x00007ff8354a9000 	C:\Users\LENOVO\.jdks\openjdk-22.0.1\bin\extnet.dll

dbghelp: loaded successfully - version: 4.0.5 - missing functions: none
symbol engine: initialized successfully - sym options: 0x614 - pdb path: .;C:\Users\LENOVO\.jdks\openjdk-22.0.1\bin;C:\WINDOWS\SYSTEM32;C:\WINDOWS\WinSxS\amd64_microsoft.windows.common-controls_6595b64144ccf1df_6.0.22621.3672_none_2713b9d173822955;C:\Users\LENOVO\.jdks\openjdk-22.0.1\bin\server;C:\Program Files\JetBrains\IntelliJ IDEA 2024.1.2\bin

VM Arguments:
jvm_args: -Dmaven.multiModuleProjectDirectory=C:\Users\LENOVO\Desktop\PROJET PI\Projet_pidev_esprit -Djansi.passthrough=true -Dmaven.home=C:\Program Files\JetBrains\IntelliJ IDEA 2024.1.2\plugins\maven\lib\maven3 -Dclassworlds.conf=C:\Program Files\JetBrains\IntelliJ IDEA 2024.1.2\plugins\maven\lib\maven3\bin\m2.conf -Dmaven.ext.class.path=C:\Program Files\JetBrains\IntelliJ IDEA 2024.1.2\plugins\maven\lib\maven-event-listener.jar -javaagent:C:\Program Files\JetBrains\IntelliJ IDEA 2024.1.2\lib\idea_rt.jar=54257:C:\Program Files\JetBrains\IntelliJ IDEA 2024.1.2\bin -Dfile.encoding=UTF-8 -Dsun.stdout.encoding=UTF-8 -Dsun.stderr.encoding=UTF-8 
java_command: org.codehaus.classworlds.Launcher -Didea.version=2024.1.2 org.openjfx:javafx-maven-plugin:0.0.8:run
java_class_path (initial): C:\Program Files\JetBrains\IntelliJ IDEA 2024.1.2\plugins\maven\lib\maven3\boot\plexus-classworlds-2.7.0.jar;C:\Program Files\JetBrains\IntelliJ IDEA 2024.1.2\plugins\maven\lib\maven3\boot\plexus-classworlds.license
Launcher Type: SUN_STANDARD

[Global flags]
     intx CICompilerCount                          = 2                                         {product} {ergonomic}
     uint ConcGCThreads                            = 1                                         {product} {ergonomic}
     uint G1ConcRefinementThreads                  = 2                                         {product} {ergonomic}
   size_t G1HeapRegionSize                         = 1048576                                   {product} {ergonomic}
   size_t InitialHeapSize                          = 62914560                                  {product} {ergonomic}
   size_t MarkStackSize                            = 4194304                                   {product} {ergonomic}
   size_t MaxHeapSize                              = 981467136                                 {product} {ergonomic}
   size_t MaxNewSize                               = 588251136                                 {product} {ergonomic}
   size_t MinHeapDeltaBytes                        = 1048576                                   {product} {ergonomic}
   size_t MinHeapSize                              = 8388608                                   {product} {ergonomic}
    uintx NonNMethodCodeHeapSize                   = 5826188                                {pd product} {ergonomic}
    uintx NonProfiledCodeHeapSize                  = 122916026                              {pd product} {ergonomic}
    uintx ProfiledCodeHeapSize                     = 122916026                              {pd product} {ergonomic}
    uintx ReservedCodeCacheSize                    = 251658240                              {pd product} {ergonomic}
     bool SegmentedCodeCache                       = true                                      {product} {ergonomic}
   size_t SoftMaxHeapSize                          = 981467136                              {manageable} {ergonomic}
     bool UseCompressedOops                        = true                           {product lp64_product} {ergonomic}
     bool UseG1GC                                  = true                                      {product} {ergonomic}
     bool UseLargePagesIndividualAllocation        = false                                  {pd product} {ergonomic}

Logging:
Log output configuration:
 #0: stdout all=warning uptime,level,tags foldmultilines=false
 #1: stderr all=off uptime,level,tags foldmultilines=false

Environment Variables:
PATH=C:\WINDOWS\system32;C:\WINDOWS;C:\WINDOWS\System32\Wbem;C:\WINDOWS\System32\WindowsPowerShell\v1.0\;C:\WINDOWS\System32\OpenSSH\;C:\Program Files\Git\cmd;C:\Program Files (x86)\dotnet\;C:\xampp\php;C:\ProgramData\ComposerSetup\bin;C:\Users\LENOVO\scoop\shims;C:\Users\LENOVO\AppData\Local\Microsoft\WindowsApps;C:\Users\LENOVO\AppData\Local\Programs\Microsoft VS Code\bin;C:\Program Files\JetBrains\IntelliJ IDEA 2024.1.2\bin;;C:\Users\LENOVO\AppData\Roaming\Composer\vendor\bin
USERNAME=LENOVO
OS=Windows_NT
PROCESSOR_IDENTIFIER=Intel64 Family 6 Model 122 Stepping 8, GenuineIntel
TMP=C:\Users\LENOVO\AppData\Local\Temp
TEMP=C:\Users\LENOVO\AppData\Local\Temp




Periodic native trim disabled

---------------  S Y S T E M  ---------------

OS:
 Windows 11 , 64 bit Build 22621 (10.0.22621.3672)
OS uptime: 11 days 2:25 hours

CPU: total 2 (initial active 2) (2 cores per cpu, 1 threads per core) family 6 model 122 stepping 8 microcode 0x1a, cx8, cmov, fxsr, mmx, 3dnowpref, sse, sse2, sse3, ssse3, sse4.1, sse4.2, popcnt, tsc, tscinvbit, aes, erms, clmul, sha, clflush, clflushopt, rdtscp, rdpid
Processor Information for all 2 processors :
  Max Mhz: 1101, Current Mhz: 1101, Mhz Limit: 1101

Memory: 4k page, system-wide physical 3737M (68M free)
TotalPageFile size 15001M (AvailPageFile size 0M)
current process WorkingSet (physical memory assigned to process): 29M, peak: 29M
current process commit charge ("private bytes"): 130M, peak: 130M

vm_info: OpenJDK 64-Bit Server VM (22.0.1+8-16) for windows-amd64 JRE (22.0.1+8-16), built on 2024-03-12T10:33:16Z by "mach5one" with MS VC++ 17.6 (VS2022)

END.
