#
# There is insufficient memory for the Java Runtime Environment to continue.
# Native memory allocation (malloc) failed to allocate 87488 bytes. Error detail: Chunk::new
# Possible reasons:
#   The system is out of physical RAM or swap space
#   This process is running with CompressedOops enabled, and the Java Heap may be blocking the growth of the native heap
# Possible solutions:
#   Reduce memory load on the system
#   Increase physical memory or swap space
#   Check if swap backing store is full
#   Decrease Java heap size (-Xmx/-Xms)
#   Decrease number of Java threads
#   Decrease Java thread stack sizes (-Xss)
#   Set larger code cache with -XX:ReservedCodeCacheSize=
#   JVM is running with Unscaled Compressed Oops mode in which the Java heap is
#     placed in the first 4GB address space. The Java Heap base address is the
#     maximum limit for the native heap growth. Please use -XX:HeapBaseMinAddress
#     to set the Java Heap base and to place the Java Heap above 4GB virtual address.
# This output file may be truncated or incomplete.
#
#  Out of Memory Error (arena.cpp:150), pid=68732, tid=64344
#
# JRE version: OpenJDK Runtime Environment (22.0.1+8) (build 22.0.1+8-16)
# Java VM: OpenJDK 64-Bit Server VM (22.0.1+8-16, mixed mode, sharing, tiered, compressed oops, compressed class ptrs, g1 gc, windows-amd64)
# No core dump will be written. Minidumps are not enabled by default on client versions of Windows
#

---------------  S U M M A R Y ------------

Command Line: -Dmaven.multiModuleProjectDirectory=C:\Users\LENOVO\Desktop\PROJET PI\Projet_pidev_esprit -Djansi.passthrough=true -Dmaven.home=C:\Program Files\JetBrains\IntelliJ IDEA 2024.1.2\plugins\maven\lib\maven3 -Dclassworlds.conf=C:\Program Files\JetBrains\IntelliJ IDEA 2024.1.2\plugins\maven\lib\maven3\bin\m2.conf -Dmaven.ext.class.path=C:\Program Files\JetBrains\IntelliJ IDEA 2024.1.2\plugins\maven\lib\maven-event-listener.jar -javaagent:C:\Program Files\JetBrains\IntelliJ IDEA 2024.1.2\lib\idea_rt.jar=54267:C:\Program Files\JetBrains\IntelliJ IDEA 2024.1.2\bin -Dfile.encoding=UTF-8 -Dsun.stdout.encoding=UTF-8 -Dsun.stderr.encoding=UTF-8 org.codehaus.classworlds.Launcher -Didea.version=2024.1.2 org.openjfx:javafx-maven-plugin:0.0.8:run

Host: Intel(R) Celeron(R) N4020 CPU @ 1.10GHz, 2 cores, 3G,  Windows 11 , 64 bit Build 22621 (10.0.22621.3672)
Time: Sat Jul  6 01:09:22 2024 Paris, Madrid (heure duild 22621 (10.0.22621.3672) elapsed time: 182.081427 seconds (0d 0h 3m 2s)

---------------  T H R E A D  ---------------

Current thread (0x000001d541132f20):  JavaThread "C2 CompilerThread0" daemon [_thread_in_native, id=64344, stack(0x000000418ef00000,0x000000418f000000) (1024K)]


Current CompileTask:
C2:182081  994       4       java.io.WinNTFileSystem::normalize (148 bytes)

Stack: [0x000000418ef00000,0x000000418f000000]
Native frames: (J=compiled Java code, j=interpreted, Vv=VM code, C=native code)
V  [jvm.dll+0x6e2279]  (no source info available)
V  [jvm.dll+0x874e33]  (no source info available)
V  [jvm.dll+0x87725e]  (no source info available)
V  [jvm.dll+0x877933]  (no source info available)
V  [jvm.dll+0x27fd76]  (no source info available)
V  [jvm.dll+0xc3d0f]  (no source info available)
V  [jvm.dll+0xc3f6b]  (no source info available)
V  [jvm.dll+0x3bb10c]  (no source info available)
V  [jvm.dll+0x387b6b]  (no source info available)
V  [jvm.dll+0x386fda]  (no source info available)
V  [jvm.dll+0x247918]  (no source info available)
V  [jvm.dll+0x246fbf]  (no source info available)
V  [jvm.dll+0x1c4e90]  (no source info available)
V  [jvm.dll+0x2569fe]  (no source info available)
V  [jvm.dll+0x254cba]  (no source info available)
V  [jvm.dll+0x3f5336]  (no source info available)
V  [jvm.dll+0x81d44b]  (no source info available)
V  [jvm.dll+0x6e0915]  (no source info available)
C  [ucrtbase.dll+0x29333]  (no source info available)
C  [KERNEL32.DLL+0x1257d]  (no source info available)
C  [ntdll.dll+0x5af28]  (no source info available)


---------------  P R O C E S S  ---------------

Threads class SMR info:
_java_thread_list=0x000001d541349fe0, length=12, elements={
0x000001d54d443b40, 0x000001d54d6de2e0, 0x000001d54112ba80, 0x000001d54112e260,
0x000001d54112ecc0, 0x000001d54112f720, 0x000001d541130180, 0x000001d541132f20,
0x000001d54119f720, 0x000001d54d6b55a0, 0x000001d541428ea0, 0x000001d541429510
}

Java Threads: ( => current thread )
  0x000001d54d443b40 JavaThread "main"                              [_thread_in_Java, id=70180, stack(0x000000418e100000,0x000000418e200000) (1024K)]
  0x000001d54d6de2e0 JavaThread "Reference Handler"          daemon [_thread_blocked, id=50196, stack(0x000000418e900000,0x000000418ea00000) (1024K)]
  0x000001d54112ba80 JavaThread "Finalizer"                  daemon [_thread_blocked, id=70536, stack(0x000000418ea00000,0x000000418eb00000) (1024K)]
  0x000001d54112e260 JavaThread "Signal Dispatcher"          daemon [_thread_blocked, id=68656, stack(0x000000418eb00000,0x000000418ec00000) (1024K)]
  0x000001d54112ecc0 JavaThread "Attach Listener"            daemon [_thread_blocked, id=68516, stack(0x000000418ec00000,0x000000418ed00000) (1024K)]
  0x000001d54112f720 JavaThread "Service Thread"             daemon [_thread_blocked, id=51120, stack(0x000000418ed00000,0x000000418ee00000) (1024K)]
  0x000001d541130180 JavaThread "Monitor Deflation Thread"   daemon [_thread_blocked, id=68348, stack(0x000000418ee00000,0x000000418ef00000) (1024K)]
=>0x000001d541132f20 JavaThread "C2 CompilerThread0"         daemon [_thread_in_native, id=64344, stack(0x000000418ef00000,0x000000418f000000) (1024K)]
  0x000001d54119f720 JavaThread "C1 CompilerThread0"         daemon [_thread_blocked, id=63844, stack(0x000000418f000000,0x000000418f100000) (1024K)]
  0x000001d54d6b55a0 JavaThread "Common-Cleaner"             daemon [_thread_blocked, id=56464, stack(0x000000418f100000,0x000000418f200000) (1024K)]
  0x000001d541428ea0 JavaThread "Monitor Ctrl-Break"         daemon [_thread_in_native, id=71780, stack(0x000000418f200000,0x000000418f300000) (1024K)]
  0x000001d541429510 JavaThread "Notification Thread"        daemon [_thread_blocked, id=71784, stack(0x000000418f300000,0x000000418f400000) (1024K)]
Total: 12

Other Threads:
  0x000001d54d6c9f20 VMThread "VM Thread"                           [id=71336, stack(0x000000418e800000,0x000000418e900000) (1024K)]
  0x000001d54111ccf0 WatcherThread "VM Periodic Task Thread"        [id=64932, stack(0x000000418e700000,0x000000418e800000) (1024K)]
  0x000001d54d650a20 WorkerThread "GC Thread#0"                     [id=57976, stack(0x000000418e200000,0x000000418e300000) (1024K)]
  0x000001d5413dea20 WorkerThread "GC Thread#1"                     [id=72300, stack(0x000000418f400000,0x000000418f500000) (1024K)]
  0x000001d54d65a320 ConcurrentGCThread "G1 Main Marker"            [id=67224, stack(0x000000418e300000,0x000000418e400000) (1024K)]
  0x000001d54d65ae30 WorkerThread "G1 Conc#0"                       [id=70568, stack(0x000000418e400000,0x000000418e500000) (1024K)]
  0x000001d54d6a79f0 ConcurrentGCThread "G1 Refine#0"               [id=71260, stack(0x000000418e500000,0x000000418e600000) (1024K)]
  0x000001d54d6a8570 ConcurrentGCThread "G1 Service"                [id=71532, stack(0x000000418e600000,0x000000418e700000) (1024K)]
Total: 8

Threads with active compile tasks:
C2 CompilerThread0  182464  994       4       java.io.WinNTFileSystem::normalize (148 bytes)
Total: 1

VM state: not at safepoint (normal execution)

VM Mutex/Monitor currently owned by a thread: None

Heap address: 0x00000000c5800000, size: 936 MB, Compressed Oops mode: 32-bit

CDS archive(s) mapped at: [0x000001d500000000-0x000001d500c50000-0x000001d500c50000), size 12910592, SharedBaseAddress: 0x000001d500000000, ArchiveRelocationMode: 1.
Compressed class space mapped at: 0x000001d501000000-0x000001d541000000, reserved size: 1073741824
Narrow klass base: 0x000001d500000000, Narrow klass shift: 0, Narrow klass range: 0x41000000

GC Precious Log:
 CardTable entry size: 512
 Card Set container configuration: InlinePtr #cards 5 size 8 Array Of Cards #cards 12 size 40 Howl #buckets 4 coarsen threshold 1843 Howl Bitmap #cards 512 size 80 coarsen threshold 460 Card regions per heap region 1 cards per card region 2048
 CPUs: 2 total, 2 available
 Memory: 3737M
 Large Page Support: Disabled
 NUMA Support: Disabled
 Compressed Oops: Enabled (32-bit)
 Heap Region Size: 1M
 Heap Min Capacity: 8M
 Heap Initial Capacity: 60M
 Heap Max Capacity: 936M
 Pre-touch: Disabled
 Parallel Workers: 2
 Concurrent Workers: 1
 Concurrent Refinement Workers: 2
 Periodic GC: Disabled

Heap:
 garbage-first heap   total reserved 958464K, committed 61440K, used 6877K [0x00000000c5800000, 0x0000000100000000)
  region size 1024K, 5 young (5120K), 1 survivors (1024K)
 Metaspace       used 5362K, committed 5568K, reserved 1114112K
  class space    used 600K, committed 704K, reserved 1048576K

Heap Regions: E=young(eden), S=young(survivor), O=old, HS=humongous(starts), HC=humongous(continues), CS=collection set, F=free, TAMS=top-at-mark-start, PB=parsable bottom
|   0|0x00000000c5800000, 0x00000000c5900000, 0x00000000c5900000|100%| O|  |TAMS 0x00000000c5800000| PB 0x00000000c5800000| Untracked |  0
|   1|0x00000000c5900000, 0x00000000c5a00000, 0x00000000c5a00000|100%| O|  |TAMS 0x00000000c5900000| PB 0x00000000c5900000| Untracked |  0
|   2|0x00000000c5a00000, 0x00000000c5ab7618, 0x00000000c5b00000| 71%| O|  |TAMS 0x00000000c5a00000| PB 0x00000000c5a00000| Untracked |  0
|   3|0x00000000c5b00000, 0x00000000c5b00000, 0x00000000c5c00000|  0%| F|  |TAMS 0x00000000c5b00000| PB 0x00000000c5b00000| Untracked |  0
|   4|0x00000000c5c00000, 0x00000000c5c00000, 0x00000000c5d00000|  0%| F|  |TAMS 0x00000000c5c00000| PB 0x00000000c5c00000| Untracked |  0
|   5|0x00000000c5d00000, 0x00000000c5d00000, 0x00000000c5e00000|  0%| F|  |TAMS 0x00000000c5d00000| PB 0x00000000c5d00000| Untracked |  0
|   6|0x00000000c5e00000, 0x00000000c5e00000, 0x00000000c5f00000|  0%| F|  |TAMS 0x00000000c5e00000| PB 0x00000000c5e00000| Untracked |  0
|   7|0x00000000c5f00000, 0x00000000c5f00000, 0x00000000c6000000|  0%| F|  |TAMS 0x00000000c5f00000| PB 0x00000000c5f00000| Untracked |  0
|   8|0x00000000c6000000, 0x00000000c6000000, 0x00000000c6100000|  0%| F|  |TAMS 0x00000000c6000000| PB 0x00000000c6000000| Untracked |  0
|   9|0x00000000c6100000, 0x00000000c6100000, 0x00000000c6200000|  0%| F|  |TAMS 0x00000000c6100000| PB 0x00000000c6100000| Untracked |  0
|  10|0x00000000c6200000, 0x00000000c6200000, 0x00000000c6300000|  0%| F|  |TAMS 0x00000000c6200000| PB 0x00000000c6200000| Untracked |  0
|  11|0x00000000c6300000, 0x00000000c6300000, 0x00000000c6400000|  0%| F|  |TAMS 0x00000000c6300000| PB 0x00000000c6300000| Untracked |  0
|  12|0x00000000c6400000, 0x00000000c6400000, 0x00000000c6500000|  0%| F|  |TAMS 0x00000000c6400000| PB 0x00000000c6400000| Untracked |  0
|  13|0x00000000c6500000, 0x00000000c6500000, 0x00000000c6600000|  0%| F|  |TAMS 0x00000000c6500000| PB 0x00000000c6500000| Untracked |  0
|  14|0x00000000c6600000, 0x00000000c6600000, 0x00000000c6700000|  0%| F|  |TAMS 0x00000000c6600000| PB 0x00000000c6600000| Untracked |  0
|  15|0x00000000c6700000, 0x00000000c6700000, 0x00000000c6800000|  0%| F|  |TAMS 0x00000000c6700000| PB 0x00000000c6700000| Untracked |  0
|  16|0x00000000c6800000, 0x00000000c6800000, 0x00000000c6900000|  0%| F|  |TAMS 0x00000000c6800000| PB 0x00000000c6800000| Untracked |  0
|  17|0x00000000c6900000, 0x00000000c6900000, 0x00000000c6a00000|  0%| F|  |TAMS 0x00000000c6900000| PB 0x00000000c6900000| Untracked |  0
|  18|0x00000000c6a00000, 0x00000000c6a00000, 0x00000000c6b00000|  0%| F|  |TAMS 0x00000000c6a00000| PB 0x00000000c6a00000| Untracked |  0
|  19|0x00000000c6b00000, 0x00000000c6b00000, 0x00000000c6c00000|  0%| F|  |TAMS 0x00000000c6b00000| PB 0x00000000c6b00000| Untracked |  0
|  20|0x00000000c6c00000, 0x00000000c6c00000, 0x00000000c6d00000|  0%| F|  |TAMS 0x00000000c6c00000| PB 0x00000000c6c00000| Untracked |  0
|  21|0x00000000c6d00000, 0x00000000c6d00000, 0x00000000c6e00000|  0%| F|  |TAMS 0x00000000c6d00000| PB 0x00000000c6d00000| Untracked |  0
|  22|0x00000000c6e00000, 0x00000000c6e00000, 0x00000000c6f00000|  0%| F|  |TAMS 0x00000000c6e00000| PB 0x00000000c6e00000| Untracked |  0
|  23|0x00000000c6f00000, 0x00000000c6f00000, 0x00000000c7000000|  0%| F|  |TAMS 0x00000000c6f00000| PB 0x00000000c6f00000| Untracked |  0
|  24|0x00000000c7000000, 0x00000000c7000000, 0x00000000c7100000|  0%| F|  |TAMS 0x00000000c7000000| PB 0x00000000c7000000| Untracked |  0
|  25|0x00000000c7100000, 0x00000000c7100000, 0x00000000c7200000|  0%| F|  |TAMS 0x00000000c7100000| PB 0x00000000c7100000| Untracked |  0
|  26|0x00000000c7200000, 0x00000000c7200000, 0x00000000c7300000|  0%| F|  |TAMS 0x00000000c7200000| PB 0x00000000c7200000| Untracked |  0
|  27|0x00000000c7300000, 0x00000000c7300000, 0x00000000c7400000|  0%| F|  |TAMS 0x00000000c7300000| PB 0x00000000c7300000| Untracked |  0
|  28|0x00000000c7400000, 0x00000000c7400000, 0x00000000c7500000|  0%| F|  |TAMS 0x00000000c7400000| PB 0x00000000c7400000| Untracked |  0
|  29|0x00000000c7500000, 0x00000000c7500000, 0x00000000c7600000|  0%| F|  |TAMS 0x00000000c7500000| PB 0x00000000c7500000| Untracked |  0
|  30|0x00000000c7600000, 0x00000000c7600000, 0x00000000c7700000|  0%| F|  |TAMS 0x00000000c7600000| PB 0x00000000c7600000| Untracked |  0
|  31|0x00000000c7700000, 0x00000000c7700000, 0x00000000c7800000|  0%| F|  |TAMS 0x00000000c7700000| PB 0x00000000c7700000| Untracked |  0
|  32|0x00000000c7800000, 0x00000000c7800000, 0x00000000c7900000|  0%| F|  |TAMS 0x00000000c7800000| PB 0x00000000c7800000| Untracked |  0
|  33|0x00000000c7900000, 0x00000000c7900000, 0x00000000c7a00000|  0%| F|  |TAMS 0x00000000c7900000| PB 0x00000000c7900000| Untracked |  0
|  34|0x00000000c7a00000, 0x00000000c7a00000, 0x00000000c7b00000|  0%| F|  |TAMS 0x00000000c7a00000| PB 0x00000000c7a00000| Untracked |  0
|  35|0x00000000c7b00000, 0x00000000c7b00000, 0x00000000c7c00000|  0%| F|  |TAMS 0x00000000c7b00000| PB 0x00000000c7b00000| Untracked |  0
|  36|0x00000000c7c00000, 0x00000000c7c00000, 0x00000000c7d00000|  0%| F|  |TAMS 0x00000000c7c00000| PB 0x00000000c7c00000| Untracked |  0
|  37|0x00000000c7d00000, 0x00000000c7d00000, 0x00000000c7e00000|  0%| F|  |TAMS 0x00000000c7d00000| PB 0x00000000c7d00000| Untracked |  0
|  38|0x00000000c7e00000, 0x00000000c7e00000, 0x00000000c7f00000|  0%| F|  |TAMS 0x00000000c7e00000| PB 0x00000000c7e00000| Untracked |  0
|  39|0x00000000c7f00000, 0x00000000c7f00000, 0x00000000c8000000|  0%| F|  |TAMS 0x00000000c7f00000| PB 0x00000000c7f00000| Untracked |  0
|  40|0x00000000c8000000, 0x00000000c8000000, 0x00000000c8100000|  0%| F|  |TAMS 0x00000000c8000000| PB 0x00000000c8000000| Untracked |  0
|  41|0x00000000c8100000, 0x00000000c8100000, 0x00000000c8200000|  0%| F|  |TAMS 0x00000000c8100000| PB 0x00000000c8100000| Untracked |  0
|  42|0x00000000c8200000, 0x00000000c8200000, 0x00000000c8300000|  0%| F|  |TAMS 0x00000000c8200000| PB 0x00000000c8200000| Untracked |  0
|  43|0x00000000c8300000, 0x00000000c8300000, 0x00000000c8400000|  0%| F|  |TAMS 0x00000000c8300000| PB 0x00000000c8300000| Untracked |  0
|  44|0x00000000c8400000, 0x00000000c8400000, 0x00000000c8500000|  0%| F|  |TAMS 0x00000000c8400000| PB 0x00000000c8400000| Untracked |  0
|  45|0x00000000c8500000, 0x00000000c8500000, 0x00000000c8600000|  0%| F|  |TAMS 0x00000000c8500000| PB 0x00000000c8500000| Untracked |  0
|  46|0x00000000c8600000, 0x00000000c8600000, 0x00000000c8700000|  0%| F|  |TAMS 0x00000000c8600000| PB 0x00000000c8600000| Untracked |  0
|  47|0x00000000c8700000, 0x00000000c8700000, 0x00000000c8800000|  0%| F|  |TAMS 0x00000000c8700000| PB 0x00000000c8700000| Untracked |  0
|  48|0x00000000c8800000, 0x00000000c8800000, 0x00000000c8900000|  0%| F|  |TAMS 0x00000000c8800000| PB 0x00000000c8800000| Untracked |  0
|  49|0x00000000c8900000, 0x00000000c8900000, 0x00000000c8a00000|  0%| F|  |TAMS 0x00000000c8900000| PB 0x00000000c8900000| Untracked |  0
|  50|0x00000000c8a00000, 0x00000000c8a00000, 0x00000000c8b00000|  0%| F|  |TAMS 0x00000000c8a00000| PB 0x00000000c8a00000| Untracked |  0
|  51|0x00000000c8b00000, 0x00000000c8b00000, 0x00000000c8c00000|  0%| F|  |TAMS 0x00000000c8b00000| PB 0x00000000c8b00000| Untracked |  0
|  52|0x00000000c8c00000, 0x00000000c8c00000, 0x00000000c8d00000|  0%| F|  |TAMS 0x00000000c8c00000| PB 0x00000000c8c00000| Untracked |  0
|  53|0x00000000c8d00000, 0x00000000c8e00000, 0x00000000c8e00000|100%| S|CS|TAMS 0x00000000c8d00000| PB 0x00000000c8d00000| Complete |  0
|  54|0x00000000c8e00000, 0x00000000c8e00000, 0x00000000c8f00000|  0%| F|  |TAMS 0x00000000c8e00000| PB 0x00000000c8e00000| Untracked |  0
|  55|0x00000000c8f00000, 0x00000000c8f00000, 0x00000000c9000000|  0%| F|  |TAMS 0x00000000c8f00000| PB 0x00000000c8f00000| Untracked |  0
|  56|0x00000000c9000000, 0x00000000c908ffc0, 0x00000000c9100000| 56%| E|  |TAMS 0x00000000c9000000| PB 0x00000000c9000000| Complete |  0
|  57|0x00000000c9100000, 0x00000000c9200000, 0x00000000c9200000|100%| E|CS|TAMS 0x00000000c9100000| PB 0x00000000c9100000| Complete |  0
|  58|0x00000000c9200000, 0x00000000c9300000, 0x00000000c9300000|100%| E|CS|TAMS 0x00000000c9200000| PB 0x00000000c9200000| Complete |  0
|  59|0x00000000c9300000, 0x00000000c9400000, 0x00000000c9400000|100%| E|CS|TAMS 0x00000000c9300000| PB 0x00000000c9300000| Complete |  0

Card table byte_map: [0x000001d566770000,0x000001d566950000] _byte_map_base: 0x000001d566144000

Marking Bits: (CMBitMap*) 0x000001d54d651130
 Bits: [0x000001d566950000, 0x000001d5677f0000)

Polling page: 0x000001d54d400000

Metaspace:

Usage:
  Non-class:      4.65 MB used.
      Class:    600.76 KB used.
       Both:      5.24 MB used.

Virtual space:
  Non-class space:       64.00 MB reserved,       4.75 MB (  7%) committed,  1 nodes.
      Class space:        1.00 GB reserved,     704.00 KB ( <1%) committed,  1 nodes.
             Both:        1.06 GB reserved,       5.44 MB ( <1%) committed. 

Chunk freelists:
   Non-Class:  9.58 MB
       Class:  15.36 MB
        Both:  24.94 MB

MaxMetaspaceSize: unlimited
CompressedClassSpaceSize: 1.00 GB
Initial GC threshold: 21.00 MB
Current GC threshold: 21.00 MB
CDS: on
 - commit_granule_bytes: 65536.
 - commit_granule_words: 8192.
 - virtual_space_node_default_size: 8388608.
 - enlarge_chunks_in_place: 1.
 - use_allocation_guard: 0.


Internal statistics:

num_allocs_failed_limit: 0.
num_arena_births: 56.
num_arena_deaths: 0.
num_vsnodes_births: 2.
num_vsnodes_deaths: 0.
num_space_committed: 87.
num_space_uncommitted: 0.
num_chunks_returned_to_freelist: 0.
num_chunks_taken_from_freelist: 187.
num_chunk_merges: 0.
num_chunk_splits: 126.
num_chunks_enlarged: 102.
num_inconsistent_stats: 0.

CodeHeap 'non-profiled nmethods': size=120064Kb used=323Kb max_used=323Kb free=119741Kb
 bounds [0x000001d55ec50000, 0x000001d55eec0000, 0x000001d566190000]
CodeHeap 'profiled nmethods': size=120000Kb used=1834Kb max_used=1834Kb free=118165Kb
 bounds [0x000001d557190000, 0x000001d557400000, 0x000001d55e6c0000]
CodeHeap 'non-nmethods': size=5696Kb used=1385Kb max_used=1399Kb free=4310Kb
 bounds [0x000001d55e6c0000, 0x000001d55e930000, 0x000001d55ec50000]
 total_blobs=1473 nmethods=992 adapters=387
 compilation: enabled
              stopped_count=0, restarted_count=0
 full_count=0

Compilation events (20 events):
Event: 179.660 Thread 0x000001d54119f720 nmethod 986 0x000001d557355c10 code [0x000001d557355da0, 0x000001d557355f08]
Event: 179.660 Thread 0x000001d54119f720  987       3       java.util.zip.CRC32::getValue (10 bytes)
Event: 179.661 Thread 0x000001d54119f720 nmethod 987 0x000001d557356010 code [0x000001d5573561a0, 0x000001d5573562c0]
Event: 179.665 Thread 0x000001d54119f720  991       3       java.util.Properties::getProperty (50 bytes)
Event: 179.665 Thread 0x000001d54119f720 nmethod 991 0x000001d557356390 code [0x000001d557356560, 0x000001d557356998]
Event: 179.679 Thread 0x000001d54119f720  992       3       jdk.internal.perf.PerfCounter::addElapsedTimeFrom (10 bytes)
Event: 179.680 Thread 0x000001d54119f720 nmethod 992 0x000001d557356b10 code [0x000001d557356cc0, 0x000001d557356e48]
Event: 179.700 Thread 0x000001d54119f720  993       3       java.util.Collections$UnmodifiableCollection$1::next (10 bytes)
Event: 179.701 Thread 0x000001d54119f720 nmethod 993 0x000001d557356f10 code [0x000001d5573570c0, 0x000001d557357298]
Event: 182.066 Thread 0x000001d541132f20  994       4       java.io.WinNTFileSystem::normalize (148 bytes)
Event: 182.070 Thread 0x000001d54119f720  995       3       org.codehaus.plexus.classworlds.realm.ClassRealm::getClassRealmLoadingLock (14 bytes)
Event: 182.070 Thread 0x000001d54119f720 nmethod 995 0x000001d557357390 code [0x000001d557357540, 0x000001d557357710]
Event: 182.071 Thread 0x000001d54119f720  996       3       org.codehaus.plexus.classworlds.realm.ClassRealm::findClassInternal (6 bytes)
Event: 182.071 Thread 0x000001d54119f720 nmethod 996 0x000001d557357810 code [0x000001d5573579c0, 0x000001d557357b00]
Event: 182.071 Thread 0x000001d54119f720  997       3       java.net.URLClassLoader$1::run (5 bytes)
Event: 182.071 Thread 0x000001d54119f720 nmethod 997 0x000001d557357b90 code [0x000001d557357d40, 0x000001d557357e98]
Event: 182.072 Thread 0x000001d54119f720  998       3       java.security.CodeSource::<init> (52 bytes)
Event: 182.072 Thread 0x000001d54119f720 nmethod 998 0x000001d557357f90 code [0x000001d557358160, 0x000001d557358660]
Event: 182.072 Thread 0x000001d54119f720  999       3       java.security.SecureClassLoader::defineClass (16 bytes)
Event: 182.073 Thread 0x000001d54119f720 nmethod 999 0x000001d557358790 code [0x000001d557358940, 0x000001d557358ae8]

GC Heap History (4 events):
Event: 42.260 GC heap before
{Heap before GC invocations=0 (full 0):
 garbage-first heap   total reserved 958464K, committed 61440K, used 6144K [0x00000000c5800000, 0x0000000100000000)
  region size 1024K, 7 young (7168K), 0 survivors (0K)
 Metaspace       used 2534K, committed 2688K, reserved 1114112K
  class space    used 244K, committed 320K, reserved 1048576K
}
Event: 44.919 GC heap after
{Heap after GC invocations=1 (full 0):
 garbage-first heap   total reserved 958464K, committed 61440K, used 2304K [0x00000000c5800000, 0x0000000100000000)
  region size 1024K, 1 young (1024K), 1 survivors (1024K)
 Metaspace       used 2534K, committed 2688K, reserved 1114112K
  class space    used 244K, committed 320K, reserved 1048576K
}
Event: 103.569 GC heap before
{Heap before GC invocations=1 (full 0):
 garbage-first heap   total reserved 958464K, committed 61440K, used 8448K [0x00000000c5800000, 0x0000000100000000)
  region size 1024K, 7 young (7168K), 1 survivors (1024K)
 Metaspace       used 4208K, committed 4288K, reserved 1114112K
  class space    used 419K, committed 448K, reserved 1048576K
}
Event: 103.741 GC heap after
{Heap after GC invocations=2 (full 0):
 garbage-first heap   total reserved 958464K, committed 61440K, used 3805K [0x00000000c5800000, 0x0000000100000000)
  region size 1024K, 1 young (1024K), 1 survivors (1024K)
 Metaspace       used 4208K, committed 4288K, reserved 1114112K
  class space    used 419K, committed 448K, reserved 1048576K
}

Dll operation events (12 events):
Event: 5.073 Loaded shared library C:\Users\LENOVO\.jdks\openjdk-22.0.1\bin\java.dll
Event: 7.707 Loaded shared library C:\Users\LENOVO\.jdks\openjdk-22.0.1\bin\jsvml.dll
Event: 15.155 Loaded shared library C:\Users\LENOVO\.jdks\openjdk-22.0.1\bin\zip.dll
Event: 15.163 Loaded shared library C:\Users\LENOVO\.jdks\openjdk-22.0.1\bin\instrument.dll
Event: 15.172 Loaded shared library C:\Users\LENOVO\.jdks\openjdk-22.0.1\bin\net.dll
Event: 15.178 Loaded shared library C:\Users\LENOVO\.jdks\openjdk-22.0.1\bin\nio.dll
Event: 15.184 Loaded shared library C:\Users\LENOVO\.jdks\openjdk-22.0.1\bin\zip.dll
Event: 18.004 Loaded shared library C:\Program Files\JetBrains\IntelliJ IDEA 2024.1.2\bin\breakgen64.dll
Event: 18.910 Loaded shared library C:\Users\LENOVO\.jdks\openjdk-22.0.1\bin\extnet.dll
Event: 26.291 Loaded shared library C:\Users\LENOVO\.jdks\openjdk-22.0.1\bin\jimage.dll
Event: 31.764 Loaded shared library C:\Users\LENOVO\AppData\Local\Temp\jansi-2.4.0-4e3a74b1dd888b4a-jansi.dll
Event: 32.746 Loaded shared library C:\Users\LENOVO\.jdks\openjdk-22.0.1\bin\verify.dll

Deoptimization events (20 events):
Event: 42.245 Thread 0x000001d54d443b40 DEOPT PACKING pc=0x000001d55ec78920 sp=0x000000418e1fe8e0
Event: 42.245 Thread 0x000001d54d443b40 DEOPT UNPACKING pc=0x000001d55e71469c sp=0x000000418e1fe8a0 mode 2
Event: 55.724 Thread 0x000001d54d443b40 DEOPT PACKING pc=0x000001d55720bba5 sp=0x000000418e1fd8c0
Event: 55.724 Thread 0x000001d54d443b40 DEOPT UNPACKING pc=0x000001d55e714e23 sp=0x000000418e1fcd10 mode 0
Event: 58.969 Thread 0x000001d54d443b40 Uncommon trap: trap_request=0xffffff45 fr.pc=0x000001d55ec66bec relative=0x000000000000048c
Event: 58.969 Thread 0x000001d54d443b40 Uncommon trap: reason=unstable_if action=reinterpret pc=0x000001d55ec66bec method=java.lang.StringLatin1.canEncode(C)Z @ 4 c2
Event: 58.969 Thread 0x000001d54d443b40 DEOPT PACKING pc=0x000001d55ec66bec sp=0x000000418e1fe100
Event: 58.969 Thread 0x000001d54d443b40 DEOPT UNPACKING pc=0x000001d55e71469c sp=0x000000418e1fe020 mode 2
Event: 58.969 Thread 0x000001d54d443b40 Uncommon trap: trap_request=0xffffff45 fr.pc=0x000001d55ec7a9c8 relative=0x0000000000000468
Event: 58.969 Thread 0x000001d54d443b40 Uncommon trap: reason=unstable_if action=reinterpret pc=0x000001d55ec7a9c8 method=java.lang.AbstractStringBuilder.isLatin1()Z @ 10 c2
Event: 58.969 Thread 0x000001d54d443b40 DEOPT PACKING pc=0x000001d55ec7a9c8 sp=0x000000418e1fe110
Event: 58.969 Thread 0x000001d54d443b40 DEOPT UNPACKING pc=0x000001d55e71469c sp=0x000000418e1fe0a0 mode 2
Event: 62.195 Thread 0x000001d54112ecc0 Uncommon trap: trap_request=0xffffff45 fr.pc=0x000001d55ec8a91c relative=0x000000000000013c
Event: 62.195 Thread 0x000001d54112ecc0 Uncommon trap: reason=unstable_if action=reinterpret pc=0x000001d55ec8a91c method=java.util.regex.Pattern$BmpCharPropertyGreedy.match(Ljava/util/regex/Matcher;ILjava/lang/CharSequence;)Z @ 12 c2
Event: 62.195 Thread 0x000001d54112ecc0 DEOPT PACKING pc=0x000001d55ec8a91c sp=0x000000418ecfe650
Event: 62.195 Thread 0x000001d54112ecc0 DEOPT UNPACKING pc=0x000001d55e71469c sp=0x000000418ecfe5e8 mode 2
Event: 63.826 Thread 0x000001d54d443b40 DEOPT PACKING pc=0x000001d55720bba5 sp=0x000000418e1fcba0
Event: 63.826 Thread 0x000001d54d443b40 DEOPT UNPACKING pc=0x000001d55e714e23 sp=0x000000418e1fbff0 mode 0
Event: 108.024 Thread 0x000001d54d443b40 DEOPT PACKING pc=0x000001d5571f0b49 sp=0x000000418e1f9dd0
Event: 108.025 Thread 0x000001d54d443b40 DEOPT UNPACKING pc=0x000001d55e714e23 sp=0x000000418e1f9240 mode 0

Classes loaded (20 events):
Event: 171.082 Loading class java/lang/reflect/AnnotatedType done
Event: 171.082 Loading class sun/reflect/annotation/AnnotatedTypeFactory$AnnotatedTypeBaseImpl done
Event: 171.085 Loading class java/util/stream/Streams$ConcatSpliterator$OfRef
Event: 171.085 Loading class java/util/stream/Streams$ConcatSpliterator
Event: 171.085 Loading class java/util/stream/Streams$ConcatSpliterator done
Event: 171.085 Loading class java/util/stream/Streams$ConcatSpliterator$OfRef done
Event: 171.085 Loading class java/util/stream/Streams$2
Event: 171.086 Loading class java/util/stream/Streams$2 done
Event: 176.713 Loading class java/util/stream/SortedOps
Event: 176.715 Loading class java/util/stream/SortedOps done
Event: 176.716 Loading class java/util/stream/SortedOps$OfRef
Event: 176.716 Loading class java/util/stream/ReferencePipeline$StatefulOp
Event: 176.717 Loading class java/util/stream/ReferencePipeline$StatefulOp done
Event: 176.717 Loading class java/util/stream/SortedOps$OfRef done
Event: 176.727 Loading class java/util/stream/SortedOps$SizedRefSortingSink
Event: 176.727 Loading class java/util/stream/SortedOps$AbstractRefSortingSink
Event: 176.730 Loading class java/util/stream/SortedOps$AbstractRefSortingSink done
Event: 176.730 Loading class java/util/stream/SortedOps$SizedRefSortingSink done
Event: 179.695 Loading class java/lang/StackTraceElement$HashedModules
Event: 179.695 Loading class java/lang/StackTraceElement$HashedModules done

Classes unloaded (0 events):
No events

Classes redefined (0 events):
No events

Internal exceptions (17 events):
Event: 17.059 Thread 0x000001d54d443b40 Exception <a 'java/lang/NoSuchMethodError'{0x00000000c92cfef8}: 'void java.lang.invoke.DirectMethodHandle$Holder.invokeStatic(java.lang.Object, java.lang.Object, java.lang.Object)'> (0x00000000c92cfef8) 
thrown [s\open\src\hotspot\share\interpreter\linkResolver.cpp, line 774]
Event: 17.430 Thread 0x000001d54d443b40 Exception <a 'java/lang/NoSuchMethodError'{0x00000000c92e7bd8}: 'java.lang.Object java.lang.invoke.Invokers$Holder.invokeExact_MT(java.lang.Object, java.lang.Object, java.lang.Object, java.lang.Object, java.lang.Object)'> (0x00000000c92e7bd8) 
thrown [s\open\src\hotspot\share\interpreter\linkResolver.cpp, line 774]
Event: 18.913 Thread 0x000001d541428ea0 Exception <a 'java/lang/NoSuchMethodError'{0x00000000c915b730}: 'void java.lang.invoke.DirectMethodHandle$Holder.invokeStatic(java.lang.Object, java.lang.Object)'> (0x00000000c915b730) 
thrown [s\open\src\hotspot\share\interpreter\linkResolver.cpp, line 774]
Event: 18.962 Thread 0x000001d54d443b40 Exception <a 'java/lang/NoSuchMethodError'{0x00000000c9189370}: 'int java.lang.invoke.DirectMethodHandle$Holder.invokeSpecial(java.lang.Object, java.lang.Object, java.lang.Object)'> (0x00000000c9189370) 
thrown [s\open\src\hotspot\share\interpreter\linkResolver.cpp, line 774]
Event: 26.285 Thread 0x000001d54d443b40 Exception <a 'java/lang/NullPointerException'{0x00000000c8fe76c0}> (0x00000000c8fe76c0) 
thrown [s\open\src\hotspot\share\interpreter\linkResolver.cpp, line 1374]
Event: 32.739 Thread 0x000001d54d443b40 Exception <a 'sun/nio/fs/WindowsException'{0x00000000c8e62940}> (0x00000000c8e62940) 
thrown [s\open\src\hotspot\share\prims\jni.cpp, line 520]
Event: 32.740 Thread 0x000001d54d443b40 Exception <a 'sun/nio/fs/WindowsException'{0x00000000c8e63048}> (0x00000000c8e63048) 
thrown [s\open\src\hotspot\share\prims\jni.cpp, line 520]
Event: 32.740 Thread 0x000001d54d443b40 Exception <a 'sun/nio/fs/WindowsException'{0x00000000c8e635c0}> (0x00000000c8e635c0) 
thrown [s\open\src\hotspot\share\prims\jni.cpp, line 520]
Event: 32.740 Thread 0x000001d54d443b40 Exception <a 'sun/nio/fs/WindowsException'{0x00000000c8e63b18}> (0x00000000c8e63b18) 
thrown [s\open\src\hotspot\share\prims\jni.cpp, line 520]
Event: 32.740 Thread 0x000001d54d443b40 Exception <a 'sun/nio/fs/WindowsException'{0x00000000c8e64020}> (0x00000000c8e64020) 
thrown [s\open\src\hotspot\share\prims\jni.cpp, line 520]
Event: 32.740 Thread 0x000001d54d443b40 Exception <a 'sun/nio/fs/WindowsException'{0x00000000c8e644e0}> (0x00000000c8e644e0) 
thrown [s\open\src\hotspot\share\prims\jni.cpp, line 520]
Event: 53.826 Thread 0x000001d54d443b40 Exception <a 'java/lang/NoSuchMethodError'{0x00000000c93a3f78}: 'java.lang.Object java.lang.invoke.DirectMethodHandle$Holder.invokeSpecialIFC(java.lang.Object, java.lang.Object, java.lang.Object, java.lang.Object)'> (0x00000000c93a3f78) 
thrown [s\open\src\hotspot\share\interpreter\linkResolver.cpp, line 774]
Event: 62.210 Thread 0x000001d54112ecc0 Exception <a 'java/lang/NoSuchMethodError'{0x00000000c91f8958}: 'java.lang.Object java.lang.invoke.Invokers$Holder.invokeExact_MT(java.lang.Object, java.lang.Object, java.lang.Object, java.lang.Object, java.lang.Object, java.lang.Object)'> (0x00000000c91f8958) 
thrown [s\open\src\hotspot\share\interpreter\linkResolver.cpp, line 774]
Event: 131.864 Thread 0x000001d54d443b40 Exception <a 'java/lang/NoSuchMethodError'{0x00000000c93ad0d0}: 'void java.lang.invoke.DirectMethodHandle$Holder.invokeSpecial(java.lang.Object, java.lang.Object, java.lang.Object)'> (0x00000000c93ad0d0) 
thrown [s\open\src\hotspot\share\interpreter\linkResolver.cpp, line 774]
Event: 171.137 Thread 0x000001d54d443b40 Exception <a 'java/lang/NoSuchMethodError'{0x00000000c92f3a40}: 'java.lang.Object java.lang.invoke.DirectMethodHandle$Holder.invokeInterface(java.lang.Object, java.lang.Object)'> (0x00000000c92f3a40) 
thrown [s\open\src\hotspot\share\interpreter\linkResolver.cpp, line 774]
Event: 175.326 Thread 0x000001d54d443b40 Exception <a 'java/lang/NoSuchMethodError'{0x00000000c91894b0}: 'int java.lang.invoke.DirectMethodHandle$Holder.invokeStatic(java.lang.Object, java.lang.Object, java.lang.Object, java.lang.Object)'> (0x00000000c91894b0) 
thrown [s\open\src\hotspot\share\interpreter\linkResolver.cpp, line 774]
Event: 175.335 Thread 0x000001d54d443b40 Exception <a 'java/lang/NoSuchMethodError'{0x00000000c9197ca0}: 'int java.lang.invoke.DirectMethodHandle$Holder.invokeSpecialIFC(java.lang.Object, java.lang.Object, java.lang.Object, java.lang.Object, java.lang.Object)'> (0x00000000c9197ca0) 
thrown [s\open\src\hotspot\share\interpreter\linkResolver.cpp, line 774]

ZGC Phase Switch (0 events):
No events

VM Operations (20 events):
Event: 79.905 Executing VM operation: Cleanup
Event: 80.847 Executing VM operation: Cleanup done
Event: 103.569 Executing VM operation: G1CollectForAllocation (G1 Evacuation Pause)
Event: 103.741 Executing VM operation: G1CollectForAllocation (G1 Evacuation Pause) done
Event: 104.744 Executing VM operation: Cleanup
Event: 108.001 Executing VM operation: Cleanup done
Event: 126.220 Executing VM operation: HandshakeAllThreads (HandshakeForDeflation)
Event: 126.221 Executing VM operation: HandshakeAllThreads (HandshakeForDeflation) done
Event: 126.223 Executing VM operation: RendezvousGCThreads
Event: 126.223 Executing VM operation: RendezvousGCThreads done
Event: 142.153 Executing VM operation: Cleanup
Event: 145.264 Executing VM operation: Cleanup done
Event: 152.769 Executing VM operation: Cleanup
Event: 157.844 Executing VM operation: Cleanup done
Event: 166.684 Executing VM operation: Cleanup
Event: 168.481 Executing VM operation: Cleanup done
Event: 175.528 Executing VM operation: Cleanup
Event: 176.676 Executing VM operation: Cleanup done
Event: 179.692 Executing VM operation: Cleanup
Event: 179.694 Executing VM operation: Cleanup done

Events (12 events):
Event: 5.143 Thread 0x000001d54d443b40 Thread added: 0x000001d54d443b40
Event: 7.702 Thread 0x000001d54d6de2e0 Thread added: 0x000001d54d6de2e0
Event: 7.702 Thread 0x000001d54112ba80 Thread added: 0x000001d54112ba80
Event: 7.704 Thread 0x000001d54112e260 Thread added: 0x000001d54112e260
Event: 7.704 Thread 0x000001d54112ecc0 Thread added: 0x000001d54112ecc0
Event: 7.704 Thread 0x000001d54112f720 Thread added: 0x000001d54112f720
Event: 7.704 Thread 0x000001d541130180 Thread added: 0x000001d541130180
Event: 7.704 Thread 0x000001d541132f20 Thread added: 0x000001d541132f20
Event: 8.166 Thread 0x000001d54119f720 Thread added: 0x000001d54119f720
Event: 14.501 Thread 0x000001d54d6b55a0 Thread added: 0x000001d54d6b55a0
Event: 18.005 Thread 0x000001d541428ea0 Thread added: 0x000001d541428ea0
Event: 18.005 Thread 0x000001d541429510 Thread added: 0x000001d541429510


Dynamic libraries:
0x00007ff689cf0000 - 0x00007ff689cfe000 	C:\Users\LENOVO\.jdks\openjdk-22.0.1\bin\java.exe
0x00007ff84c330000 - 0x00007ff84c547000 	C:\WINDOWS\SYSTEM32\ntdll.dll
0x00007ff84a4d0000 - 0x00007ff84a594000 	C:\WINDOWS\System32\KERNEL32.DLL
0x00007ff849ba0000 - 0x00007ff849f4c000 	C:\WINDOWS\System32\KERNELBASE.dll
0x00007ff8498f0000 - 0x00007ff849a01000 	C:\WINDOWS\System32\ucrtbase.dll
0x00007ff837380000 - 0x00007ff837397000 	C:\Users\LENOVO\.jdks\openjdk-22.0.1\bin\jli.dll
0x00007ff84be90000 - 0x00007ff84c03e000 	C:\WINDOWS\System32\USER32.dll
0x00007ff849750000 - 0x00007ff849776000 	C:\WINDOWS\System32\win32u.dll
0x00007ff84c260000 - 0x00007ff84c289000 	C:\WINDOWS\System32\GDI32.dll
0x00007ff849f50000 - 0x00007ff84a069000 	C:\WINDOWS\System32\gdi32full.dll
0x00007ff849a80000 - 0x00007ff849b1a000 	C:\WINDOWS\System32\msvcp_win.dll
0x00007ff834aa0000 - 0x00007ff834abb000 	C:\Users\LENOVO\.jdks\openjdk-22.0.1\bin\VCRUNTIME140.dll
0x00007ff836920000 - 0x00007ff836bb3000 	C:\WINDOWS\WinSxS\amd64_microsoft.windows.common-controls_6595b64144ccf1df_6.0.22621.3672_none_2713b9d173822955\COMCTL32.dll
0x00007ff84a5b0000 - 0x00007ff84a657000 	C:\WINDOWS\System32\msvcrt.dll
0x00007ff84b950000 - 0x00007ff84b981000 	C:\WINDOWS\System32\IMM32.DLL
0x00007ff843710000 - 0x00007ff84371c000 	C:\Users\LENOVO\.jdks\openjdk-22.0.1\bin\vcruntime140_1.dll
0x00007ff818b50000 - 0x00007ff818bde000 	C:\Users\LENOVO\.jdks\openjdk-22.0.1\bin\msvcp140.dll
0x00007fffea8b0000 - 0x00007fffeb5f7000 	C:\Users\LENOVO\.jdks\openjdk-22.0.1\bin\server\jvm.dll
0x00007ff84a6d0000 - 0x00007ff84a782000 	C:\WINDOWS\System32\ADVAPI32.dll
0x00007ff84b660000 - 0x00007ff84b70a000 	C:\WINDOWS\System32\sechost.dll
0x00007ff849720000 - 0x00007ff849748000 	C:\WINDOWS\System32\bcrypt.dll
0x00007ff84b810000 - 0x00007ff84b925000 	C:\WINDOWS\System32\RPCRT4.dll
0x00007ff84b790000 - 0x00007ff84b801000 	C:\WINDOWS\System32\WS2_32.dll
0x00007ff849520000 - 0x00007ff84956d000 	C:\WINDOWS\SYSTEM32\POWRPROF.dll
0x00007ff841ac0000 - 0x00007ff841af4000 	C:\WINDOWS\SYSTEM32\WINMM.dll
0x00007ff839a80000 - 0x00007ff839a8a000 	C:\WINDOWS\SYSTEM32\VERSION.dll
0x00007ff849500000 - 0x00007ff849513000 	C:\WINDOWS\SYSTEM32\UMPDC.dll
0x00007ff848690000 - 0x00007ff8486a8000 	C:\WINDOWS\SYSTEM32\kernel.appcore.dll
0x00007ff843060000 - 0x00007ff84306a000 	C:\Users\LENOVO\.jdks\openjdk-22.0.1\bin\jimage.dll
0x00007ff846f90000 - 0x00007ff8471c2000 	C:\WINDOWS\SYSTEM32\DBGHELP.DLL
0x00007ff84a090000 - 0x00007ff84a418000 	C:\WINDOWS\System32\combase.dll
0x00007ff84b9a0000 - 0x00007ff84ba77000 	C:\WINDOWS\System32\OLEAUT32.dll
0x00007ff81e420000 - 0x00007ff81e452000 	C:\WINDOWS\SYSTEM32\dbgcore.DLL
0x00007ff849b20000 - 0x00007ff849b9b000 	C:\WINDOWS\System32\bcryptPrimitives.dll
0x00007ff837370000 - 0x00007ff83737f000 	C:\Users\LENOVO\.jdks\openjdk-22.0.1\bin\instrument.dll
0x00007ff834a80000 - 0x00007ff834a9e000 	C:\Users\LENOVO\.jdks\openjdk-22.0.1\bin\java.dll
0x00007ff84a870000 - 0x00007ff84b0cc000 	C:\WINDOWS\System32\SHELL32.dll
0x00007ff84bbe0000 - 0x00007ff84bd85000 	C:\WINDOWS\System32\ole32.dll
0x00007ff8475b0000 - 0x00007ff847ea7000 	C:\WINDOWS\SYSTEM32\windows.storage.dll
0x00007ff847470000 - 0x00007ff8475af000 	C:\WINDOWS\SYSTEM32\wintypes.dll
0x00007ff84b0d0000 - 0x00007ff84b1c4000 	C:\WINDOWS\System32\SHCORE.dll
0x00007ff84c040000 - 0x00007ff84c09e000 	C:\WINDOWS\System32\shlwapi.dll
0x00007ff849590000 - 0x00007ff8495b1000 	C:\WINDOWS\SYSTEM32\profapi.dll
0x00007ff8159b0000 - 0x00007ff815a87000 	C:\Users\LENOVO\.jdks\openjdk-22.0.1\bin\jsvml.dll
0x00007ff832d00000 - 0x00007ff832d17000 	C:\Users\LENOVO\.jdks\openjdk-22.0.1\bin\zip.dll
0x00007ff837090000 - 0x00007ff8370a0000 	C:\Users\LENOVO\.jdks\openjdk-22.0.1\bin\net.dll
0x00007ff848b00000 - 0x00007ff848b69000 	C:\WINDOWS\system32\mswsock.dll
0x00007ff832ca0000 - 0x00007ff832cb6000 	C:\Users\LENOVO\.jdks\openjdk-22.0.1\bin\nio.dll
0x00007ff8321b0000 - 0x00007ff8321ca000 	C:\Program Files\JetBrains\IntelliJ IDEA 2024.1.2\bin\breakgen64.dll
0x00007ff8354a0000 - 0x00007ff8354a9000 	C:\Users\LENOVO\.jdks\openjdk-22.0.1\bin\extnet.dll
0x0000000069ac0000 - 0x0000000069ae4000 	C:\Users\LENOVO\AppData\Local\Temp\jansi-2.4.0-4e3a74b1dd888b4a-jansi.dll
0x00007ff834a70000 - 0x00007ff834a80000 	C:\Users\LENOVO\.jdks\openjdk-22.0.1\bin\verify.dll

dbghelp: loaded successfully - version: 4.0.5 - missing functions: none
symbol engine: initialized successfully - sym options: 0x614 - pdb path: .;C:\Users\LENOVO\.jdks\openjdk-22.0.1\bin;C:\WINDOWS\SYSTEM32;C:\WINDOWS\WinSxS\amd64_microsoft.windows.common-controls_6595b64144ccf1df_6.0.22621.3672_none_2713b9d173822955;C:\Users\LENOVO\.jdks\openjdk-22.0.1\bin\server;C:\Program Files\JetBrains\IntelliJ IDEA 2024.1.2\bin;C:\Users\LENOVO\AppData\Local\Temp

VM Arguments:
jvm_args: -Dmaven.multiModuleProjectDirectory=C:\Users\LENOVO\Desktop\PROJET PI\Projet_pidev_esprit -Djansi.passthrough=true -Dmaven.home=C:\Program Files\JetBrains\IntelliJ IDEA 2024.1.2\plugins\maven\lib\maven3 -Dclassworlds.conf=C:\Program Files\JetBrains\IntelliJ IDEA 2024.1.2\plugins\maven\lib\maven3\bin\m2.conf -Dmaven.ext.class.path=C:\Program Files\JetBrains\IntelliJ IDEA 2024.1.2\plugins\maven\lib\maven-event-listener.jar -javaagent:C:\Program Files\JetBrains\IntelliJ IDEA 2024.1.2\lib\idea_rt.jar=54267:C:\Program Files\JetBrains\IntelliJ IDEA 2024.1.2\bin -Dfile.encoding=UTF-8 -Dsun.stdout.encoding=UTF-8 -Dsun.stderr.encoding=UTF-8 
java_command: org.codehaus.classworlds.Launcher -Didea.version=2024.1.2 org.openjfx:javafx-maven-plugin:0.0.8:run
java_class_path (initial): C:\Program Files\JetBrains\IntelliJ IDEA 2024.1.2\plugins\maven\lib\maven3\boot\plexus-classworlds-2.7.0.jar;C:\Program Files\JetBrains\IntelliJ IDEA 2024.1.2\plugins\maven\lib\maven3\boot\plexus-classworlds.license
Launcher Type: SUN_STANDARD

[Global flags]
     intx CICompilerCount                          = 2                                         {product} {ergonomic}
     uint ConcGCThreads                            = 1                                         {product} {ergonomic}
     uint G1ConcRefinementThreads                  = 2                                         {product} {ergonomic}
   size_t G1HeapRegionSize                         = 1048576                                   {product} {ergonomic}
   size_t InitialHeapSize                          = 62914560                                  {product} {ergonomic}
   size_t MarkStackSize                            = 4194304                                   {product} {ergonomic}
   size_t MaxHeapSize                              = 981467136                                 {product} {ergonomic}
   size_t MaxNewSize                               = 588251136                                 {product} {ergonomic}
   size_t MinHeapDeltaBytes                        = 1048576                                   {product} {ergonomic}
   size_t MinHeapSize                              = 8388608                                   {product} {ergonomic}
    uintx NonNMethodCodeHeapSize                   = 5826188                                {pd product} {ergonomic}
    uintx NonProfiledCodeHeapSize                  = 122916026                              {pd product} {ergonomic}
    uintx ProfiledCodeHeapSize                     = 122916026                              {pd product} {ergonomic}
    uintx ReservedCodeCacheSize                    = 251658240                              {pd product} {ergonomic}
     bool SegmentedCodeCache                       = true                                      {product} {ergonomic}
   size_t SoftMaxHeapSize                          = 981467136                              {manageable} {ergonomic}
     bool UseCompressedOops                        = true                           {product lp64_product} {ergonomic}
     bool UseG1GC                                  = true                                      {product} {ergonomic}
     bool UseLargePagesIndividualAllocation        = false                                  {pd product} {ergonomic}

Logging:
Log output configuration:
 #0: stdout all=warning uptime,level,tags foldmultilines=false
 #1: stderr all=off uptime,level,tags foldmultilines=false

Environment Variables:
PATH=C:\WINDOWS\system32;C:\WINDOWS;C:\WINDOWS\System32\Wbem;C:\WINDOWS\System32\WindowsPowerShell\v1.0\;C:\WINDOWS\System32\OpenSSH\;C:\Program Files\Git\cmd;C:\Program Files (x86)\dotnet\;C:\xampp\php;C:\ProgramData\ComposerSetup\bin;C:\Users\LENOVO\scoop\shims;C:\Users\LENOVO\AppData\Local\Microsoft\WindowsApps;C:\Users\LENOVO\AppData\Local\Programs\Microsoft VS Code\bin;C:\Program Files\JetBrains\IntelliJ IDEA 2024.1.2\bin;;C:\Users\LENOVO\AppData\Roaming\Composer\vendor\bin
USERNAME=LENOVO
OS=Windows_NT
PROCESSOR_IDENTIFIER=Intel64 Family 6 Model 122 Stepping 8, GenuineIntel
TMP=C:\Users\LENOVO\AppData\Local\Temp
TEMP=C:\Users\LENOVO\AppData\Local\Temp




Periodic native trim disabled

---------------  S Y S T E M  ---------------

OS:
 Windows 11 , 64 bit Build 22621 (10.0.22621.3672)
OS uptime: 11 days 2:24 hours

CPU: total 2 (initial active 2) (2 cores per cpu, 1 threads per core) family 6 model 122 stepping 8 microcode 0x1a, cx8, cmov, fxsr, mmx, 3dnowpref, sse, sse2, sse3, ssse3, sse4.1, sse4.2, popcnt, tsc, tscinvbit, aes, erms, clmul, sha, clflush, clflushopt, rdtscp, rdpid
Processor Information for all 2 processors :
  Max Mhz: 1101, Current Mhz: 1101, Mhz Limit: 1101

Memory: 4k page, system-wide physical 3737M (118M free)
TotalPageFile size 15001M (AvailPageFile size 5M)
current process WorkingSet (physical memory assigned to process): 29M, peak: 39M
current process commit charge ("private bytes"): 136M, peak: 140M

vm_info: OpenJDK 64-Bit Server VM (22.0.1+8-16) for windows-amd64 JRE (22.0.1+8-16), built on 2024-03-12T10:33:16Z by "mach5one" with MS VC++ 17.6 (VS2022)

END.
