#
# There is insufficient memory for the Java Runtime Environment to continue.
# Native memory allocation (malloc) failed to allocate 121808 bytes. Error detail: Chunk::new
# Possible reasons:
#   The system is out of physical RAM or swap space
#   This process is running with CompressedOops enabled, and the Java Heap may be blocking the growth of the native heap
# Possible solutions:
#   Reduce memory load on the system
#   Increase physical memory or swap space
#   Check if swap backing store is full
#   Decrease Java heap size (-Xmx/-Xms)
#   Decrease number of Java threads
#   Decrease Java thread stack sizes (-Xss)
#   Set larger code cache with -XX:ReservedCodeCacheSize=
#   JVM is running with Unscaled Compressed Oops mode in which the Java heap is
#     placed in the first 4GB address space. The Java Heap base address is the
#     maximum limit for the native heap growth. Please use -XX:HeapBaseMinAddress
#     to set the Java Heap base and to place the Java Heap above 4GB virtual address.
# This output file may be truncated or incomplete.
#
#  Out of Memory Error (arena.cpp:150), pid=69988, tid=71880
#
# JRE version: OpenJDK Runtime Environment (22.0.1+8) (build 22.0.1+8-16)
# Java VM: OpenJDK 64-Bit Server VM (22.0.1+8-16, mixed mode, sharing, tiered, compressed oops, compressed class ptrs, g1 gc, windows-amd64)
# No core dump will be written. Minidumps are not enabled by default on client versions of Windows
#

---------------  S U M M A R Y ------------

Command Line: -Dmaven.multiModuleProjectDirectory=C:\Users\LENOVO\Desktop\PROJET PI\Projet_pidev_esprit -Djansi.passthrough=true -Dmaven.home=C:\Program Files\JetBrains\IntelliJ IDEA 2024.1.2\plugins\maven\lib\maven3 -Dclassworlds.conf=C:\Program Files\JetBrains\IntelliJ IDEA 2024.1.2\plugins\maven\lib\maven3\bin\m2.conf -Dmaven.ext.class.path=C:\Program Files\JetBrains\IntelliJ IDEA 2024.1.2\plugins\maven\lib\maven-event-listener.jar -javaagent:C:\Program Files\JetBrains\IntelliJ IDEA 2024.1.2\lib\idea_rt.jar=54266:C:\Program Files\JetBrains\IntelliJ IDEA 2024.1.2\bin -Dfile.encoding=UTF-8 -Dsun.stdout.encoding=UTF-8 -Dsun.stderr.encoding=UTF-8 org.codehaus.classworlds.Launcher -Didea.version=2024.1.2 org.openjfx:javafx-maven-plugin:0.0.8:run

Host: Intel(R) Celeron(R) N4020 CPU @ 1.10GHz, 2 cores, 3G,  Windows 11 , 64 bit Build 22621 (10.0.22621.3672)
Time: Sat Jul  6 01:09:28 2024 Paris, Madrid (heure duild 22621 (10.0.22621.3672) elapsed time: 173.002356 seconds (0d 0h 2m 53s)

---------------  T H R E A D  ---------------

Current thread (0x00000140c11348f0):  JavaThread "C2 CompilerThread0" daemon [_thread_in_native, id=71880, stack(0x0000002149700000,0x0000002149800000) (1024K)]


Current CompileTask:
C2:173002  680  s!   4       jdk.internal.loader.URLClassPath::getLoader (194 bytes)

Stack: [0x0000002149700000,0x0000002149800000]
Native frames: (J=compiled Java code, j=interpreted, Vv=VM code, C=native code)
V  [jvm.dll+0x6e2279]  (no source info available)
V  [jvm.dll+0x874e33]  (no source info available)
V  [jvm.dll+0x87725e]  (no source info available)
V  [jvm.dll+0x877933]  (no source info available)
V  [jvm.dll+0x27fd76]  (no source info available)
V  [jvm.dll+0xc3d0f]  (no source info available)
V  [jvm.dll+0xc3f6b]  (no source info available)
V  [jvm.dll+0x3bb10c]  (no source info available)
V  [jvm.dll+0x387b6b]  (no source info available)
V  [jvm.dll+0x386fda]  (no source info available)
V  [jvm.dll+0x247918]  (no source info available)
V  [jvm.dll+0x246fbf]  (no source info available)
V  [jvm.dll+0x1c4e90]  (no source info available)
V  [jvm.dll+0x2569fe]  (no source info available)
V  [jvm.dll+0x254cba]  (no source info available)
V  [jvm.dll+0x3f5336]  (no source info available)
V  [jvm.dll+0x81d44b]  (no source info available)
V  [jvm.dll+0x6e0915]  (no source info available)
C  [ucrtbase.dll+0x29333]  (no source info available)
C  [KERNEL32.DLL+0x1257d]  (no source info available)
C  [ntdll.dll+0x5af28]  (no source info available)


---------------  P R O C E S S  ---------------

Threads class SMR info:
_java_thread_list=0x00000140c1374410, length=12, elements={
0x00000140c8fe3b40, 0x00000140c112a400, 0x00000140c112ddc0, 0x00000140c112e820,
0x00000140c112f280, 0x00000140c112fce0, 0x00000140c1130740, 0x00000140c11348f0,
0x00000140c11a0cb0, 0x00000140c11dd540, 0x00000140c1470840, 0x00000140c1470eb0
}

Java Threads: ( => current thread )
  0x00000140c8fe3b40 JavaThread "main"                              [_thread_in_vm, id=70796, stack(0x0000002148900000,0x0000002148a00000) (1024K)]
  0x00000140c112a400 JavaThread "Reference Handler"          daemon [_thread_blocked, id=71856, stack(0x0000002149100000,0x0000002149200000) (1024K)]
  0x00000140c112ddc0 JavaThread "Finalizer"                  daemon [_thread_blocked, id=71860, stack(0x0000002149200000,0x0000002149300000) (1024K)]
  0x00000140c112e820 JavaThread "Signal Dispatcher"          daemon [_thread_blocked, id=71864, stack(0x0000002149300000,0x0000002149400000) (1024K)]
  0x00000140c112f280 JavaThread "Attach Listener"            daemon [_thread_blocked, id=71868, stack(0x0000002149400000,0x0000002149500000) (1024K)]
  0x00000140c112fce0 JavaThread "Service Thread"             daemon [_thread_blocked, id=71872, stack(0x0000002149500000,0x0000002149600000) (1024K)]
  0x00000140c1130740 JavaThread "Monitor Deflation Thread"   daemon [_thread_blocked, id=71876, stack(0x0000002149600000,0x0000002149700000) (1024K)]
=>0x00000140c11348f0 JavaThread "C2 CompilerThread0"         daemon [_thread_in_native, id=71880, stack(0x0000002149700000,0x0000002149800000) (1024K)]
  0x00000140c11a0cb0 JavaThread "C1 CompilerThread0"         daemon [_thread_blocked, id=71920, stack(0x0000002149800000,0x0000002149900000) (1024K)]
  0x00000140c11dd540 JavaThread "Common-Cleaner"             daemon [_thread_blocked, id=71960, stack(0x0000002149900000,0x0000002149a00000) (1024K)]
  0x00000140c1470840 JavaThread "Monitor Ctrl-Break"         daemon [_thread_in_native, id=72036, stack(0x0000002149a00000,0x0000002149b00000) (1024K)]
  0x00000140c1470eb0 JavaThread "Notification Thread"        daemon [_thread_blocked, id=72040, stack(0x0000002149b00000,0x0000002149c00000) (1024K)]
Total: 12

Other Threads:
  0x00000140cb20d2f0 VMThread "VM Thread"                           [id=71800, stack(0x0000002149000000,0x0000002149100000) (1024K)]
  0x00000140c111ced0 WatcherThread "VM Periodic Task Thread"        [id=71796, stack(0x0000002148f00000,0x0000002149000000) (1024K)]
  0x00000140cb193580 WorkerThread "GC Thread#0"                     [id=71736, stack(0x0000002148a00000,0x0000002148b00000) (1024K)]
  0x00000140c13ddd40 WorkerThread "GC Thread#1"                     [id=64296, stack(0x0000002148700000,0x0000002148800000) (1024K)]
  0x00000140cb19ca80 ConcurrentGCThread "G1 Main Marker"            [id=71740, stack(0x0000002148b00000,0x0000002148c00000) (1024K)]
  0x00000140cb19d590 WorkerThread "G1 Conc#0"                       [id=71744, stack(0x0000002148c00000,0x0000002148d00000) (1024K)]
  0x00000140cb1ea150 ConcurrentGCThread "G1 Refine#0"               [id=71748, stack(0x0000002148d00000,0x0000002148e00000) (1024K)]
  0x00000140cb1eacd0 ConcurrentGCThread "G1 Service"                [id=71752, stack(0x0000002148e00000,0x0000002148f00000) (1024K)]
Total: 8

Threads with active compile tasks:
C2 CompilerThread0  173427  680  s!   4       jdk.internal.loader.URLClassPath::getLoader (194 bytes)
Total: 1

VM state: not at safepoint (normal execution)

VM Mutex/Monitor currently owned by a thread: None

Heap address: 0x00000000c5800000, size: 936 MB, Compressed Oops mode: 32-bit

CDS archive(s) mapped at: [0x0000014080000000-0x0000014080c50000-0x0000014080c50000), size 12910592, SharedBaseAddress: 0x0000014080000000, ArchiveRelocationMode: 1.
Compressed class space mapped at: 0x0000014081000000-0x00000140c1000000, reserved size: 1073741824
Narrow klass base: 0x0000014080000000, Narrow klass shift: 0, Narrow klass range: 0x41000000

GC Precious Log:
 CardTable entry size: 512
 Card Set container configuration: InlinePtr #cards 5 size 8 Array Of Cards #cards 12 size 40 Howl #buckets 4 coarsen threshold 1843 Howl Bitmap #cards 512 size 80 coarsen threshold 460 Card regions per heap region 1 cards per card region 2048
 CPUs: 2 total, 2 available
 Memory: 3737M
 Large Page Support: Disabled
 NUMA Support: Disabled
 Compressed Oops: Enabled (32-bit)
 Heap Region Size: 1M
 Heap Min Capacity: 8M
 Heap Initial Capacity: 60M
 Heap Max Capacity: 936M
 Pre-touch: Disabled
 Parallel Workers: 2
 Concurrent Workers: 1
 Concurrent Refinement Workers: 2
 Periodic GC: Disabled

Heap:
 garbage-first heap   total reserved 958464K, committed 61440K, used 3328K [0x00000000c5800000, 0x0000000100000000)
  region size 1024K, 3 young (3072K), 1 survivors (1024K)
 Metaspace       used 2995K, committed 3200K, reserved 1114112K
  class space    used 286K, committed 384K, reserved 1048576K

Heap Regions: E=young(eden), S=young(survivor), O=old, HS=humongous(starts), HC=humongous(continues), CS=collection set, F=free, TAMS=top-at-mark-start, PB=parsable bottom
|   0|0x00000000c5800000, 0x00000000c5900000, 0x00000000c5900000|100%| O|  |TAMS 0x00000000c5800000| PB 0x00000000c5800000| Untracked |  0
|   1|0x00000000c5900000, 0x00000000c5940000, 0x00000000c5a00000| 25%| O|  |TAMS 0x00000000c5900000| PB 0x00000000c5900000| Untracked |  0
|   2|0x00000000c5a00000, 0x00000000c5a00000, 0x00000000c5b00000|  0%| F|  |TAMS 0x00000000c5a00000| PB 0x00000000c5a00000| Untracked |  0
|   3|0x00000000c5b00000, 0x00000000c5b00000, 0x00000000c5c00000|  0%| F|  |TAMS 0x00000000c5b00000| PB 0x00000000c5b00000| Untracked |  0
|   4|0x00000000c5c00000, 0x00000000c5c00000, 0x00000000c5d00000|  0%| F|  |TAMS 0x00000000c5c00000| PB 0x00000000c5c00000| Untracked |  0
|   5|0x00000000c5d00000, 0x00000000c5d00000, 0x00000000c5e00000|  0%| F|  |TAMS 0x00000000c5d00000| PB 0x00000000c5d00000| Untracked |  0
|   6|0x00000000c5e00000, 0x00000000c5e00000, 0x00000000c5f00000|  0%| F|  |TAMS 0x00000000c5e00000| PB 0x00000000c5e00000| Untracked |  0
|   7|0x00000000c5f00000, 0x00000000c5f00000, 0x00000000c6000000|  0%| F|  |TAMS 0x00000000c5f00000| PB 0x00000000c5f00000| Untracked |  0
|   8|0x00000000c6000000, 0x00000000c6000000, 0x00000000c6100000|  0%| F|  |TAMS 0x00000000c6000000| PB 0x00000000c6000000| Untracked |  0
|   9|0x00000000c6100000, 0x00000000c6100000, 0x00000000c6200000|  0%| F|  |TAMS 0x00000000c6100000| PB 0x00000000c6100000| Untracked |  0
|  10|0x00000000c6200000, 0x00000000c6200000, 0x00000000c6300000|  0%| F|  |TAMS 0x00000000c6200000| PB 0x00000000c6200000| Untracked |  0
|  11|0x00000000c6300000, 0x00000000c6300000, 0x00000000c6400000|  0%| F|  |TAMS 0x00000000c6300000| PB 0x00000000c6300000| Untracked |  0
|  12|0x00000000c6400000, 0x00000000c6400000, 0x00000000c6500000|  0%| F|  |TAMS 0x00000000c6400000| PB 0x00000000c6400000| Untracked |  0
|  13|0x00000000c6500000, 0x00000000c6500000, 0x00000000c6600000|  0%| F|  |TAMS 0x00000000c6500000| PB 0x00000000c6500000| Untracked |  0
|  14|0x00000000c6600000, 0x00000000c6600000, 0x00000000c6700000|  0%| F|  |TAMS 0x00000000c6600000| PB 0x00000000c6600000| Untracked |  0
|  15|0x00000000c6700000, 0x00000000c6700000, 0x00000000c6800000|  0%| F|  |TAMS 0x00000000c6700000| PB 0x00000000c6700000| Untracked |  0
|  16|0x00000000c6800000, 0x00000000c6800000, 0x00000000c6900000|  0%| F|  |TAMS 0x00000000c6800000| PB 0x00000000c6800000| Untracked |  0
|  17|0x00000000c6900000, 0x00000000c6900000, 0x00000000c6a00000|  0%| F|  |TAMS 0x00000000c6900000| PB 0x00000000c6900000| Untracked |  0
|  18|0x00000000c6a00000, 0x00000000c6a00000, 0x00000000c6b00000|  0%| F|  |TAMS 0x00000000c6a00000| PB 0x00000000c6a00000| Untracked |  0
|  19|0x00000000c6b00000, 0x00000000c6b00000, 0x00000000c6c00000|  0%| F|  |TAMS 0x00000000c6b00000| PB 0x00000000c6b00000| Untracked |  0
|  20|0x00000000c6c00000, 0x00000000c6c00000, 0x00000000c6d00000|  0%| F|  |TAMS 0x00000000c6c00000| PB 0x00000000c6c00000| Untracked |  0
|  21|0x00000000c6d00000, 0x00000000c6d00000, 0x00000000c6e00000|  0%| F|  |TAMS 0x00000000c6d00000| PB 0x00000000c6d00000| Untracked |  0
|  22|0x00000000c6e00000, 0x00000000c6e00000, 0x00000000c6f00000|  0%| F|  |TAMS 0x00000000c6e00000| PB 0x00000000c6e00000| Untracked |  0
|  23|0x00000000c6f00000, 0x00000000c6f00000, 0x00000000c7000000|  0%| F|  |TAMS 0x00000000c6f00000| PB 0x00000000c6f00000| Untracked |  0
|  24|0x00000000c7000000, 0x00000000c7000000, 0x00000000c7100000|  0%| F|  |TAMS 0x00000000c7000000| PB 0x00000000c7000000| Untracked |  0
|  25|0x00000000c7100000, 0x00000000c7100000, 0x00000000c7200000|  0%| F|  |TAMS 0x00000000c7100000| PB 0x00000000c7100000| Untracked |  0
|  26|0x00000000c7200000, 0x00000000c7200000, 0x00000000c7300000|  0%| F|  |TAMS 0x00000000c7200000| PB 0x00000000c7200000| Untracked |  0
|  27|0x00000000c7300000, 0x00000000c7300000, 0x00000000c7400000|  0%| F|  |TAMS 0x00000000c7300000| PB 0x00000000c7300000| Untracked |  0
|  28|0x00000000c7400000, 0x00000000c7400000, 0x00000000c7500000|  0%| F|  |TAMS 0x00000000c7400000| PB 0x00000000c7400000| Untracked |  0
|  29|0x00000000c7500000, 0x00000000c7500000, 0x00000000c7600000|  0%| F|  |TAMS 0x00000000c7500000| PB 0x00000000c7500000| Untracked |  0
|  30|0x00000000c7600000, 0x00000000c7600000, 0x00000000c7700000|  0%| F|  |TAMS 0x00000000c7600000| PB 0x00000000c7600000| Untracked |  0
|  31|0x00000000c7700000, 0x00000000c7700000, 0x00000000c7800000|  0%| F|  |TAMS 0x00000000c7700000| PB 0x00000000c7700000| Untracked |  0
|  32|0x00000000c7800000, 0x00000000c7800000, 0x00000000c7900000|  0%| F|  |TAMS 0x00000000c7800000| PB 0x00000000c7800000| Untracked |  0
|  33|0x00000000c7900000, 0x00000000c7900000, 0x00000000c7a00000|  0%| F|  |TAMS 0x00000000c7900000| PB 0x00000000c7900000| Untracked |  0
|  34|0x00000000c7a00000, 0x00000000c7a00000, 0x00000000c7b00000|  0%| F|  |TAMS 0x00000000c7a00000| PB 0x00000000c7a00000| Untracked |  0
|  35|0x00000000c7b00000, 0x00000000c7b00000, 0x00000000c7c00000|  0%| F|  |TAMS 0x00000000c7b00000| PB 0x00000000c7b00000| Untracked |  0
|  36|0x00000000c7c00000, 0x00000000c7c00000, 0x00000000c7d00000|  0%| F|  |TAMS 0x00000000c7c00000| PB 0x00000000c7c00000| Untracked |  0
|  37|0x00000000c7d00000, 0x00000000c7d00000, 0x00000000c7e00000|  0%| F|  |TAMS 0x00000000c7d00000| PB 0x00000000c7d00000| Untracked |  0
|  38|0x00000000c7e00000, 0x00000000c7e00000, 0x00000000c7f00000|  0%| F|  |TAMS 0x00000000c7e00000| PB 0x00000000c7e00000| Untracked |  0
|  39|0x00000000c7f00000, 0x00000000c7f00000, 0x00000000c8000000|  0%| F|  |TAMS 0x00000000c7f00000| PB 0x00000000c7f00000| Untracked |  0
|  40|0x00000000c8000000, 0x00000000c8000000, 0x00000000c8100000|  0%| F|  |TAMS 0x00000000c8000000| PB 0x00000000c8000000| Untracked |  0
|  41|0x00000000c8100000, 0x00000000c8100000, 0x00000000c8200000|  0%| F|  |TAMS 0x00000000c8100000| PB 0x00000000c8100000| Untracked |  0
|  42|0x00000000c8200000, 0x00000000c8200000, 0x00000000c8300000|  0%| F|  |TAMS 0x00000000c8200000| PB 0x00000000c8200000| Untracked |  0
|  43|0x00000000c8300000, 0x00000000c8300000, 0x00000000c8400000|  0%| F|  |TAMS 0x00000000c8300000| PB 0x00000000c8300000| Untracked |  0
|  44|0x00000000c8400000, 0x00000000c8400000, 0x00000000c8500000|  0%| F|  |TAMS 0x00000000c8400000| PB 0x00000000c8400000| Untracked |  0
|  45|0x00000000c8500000, 0x00000000c8500000, 0x00000000c8600000|  0%| F|  |TAMS 0x00000000c8500000| PB 0x00000000c8500000| Untracked |  0
|  46|0x00000000c8600000, 0x00000000c8600000, 0x00000000c8700000|  0%| F|  |TAMS 0x00000000c8600000| PB 0x00000000c8600000| Untracked |  0
|  47|0x00000000c8700000, 0x00000000c8700000, 0x00000000c8800000|  0%| F|  |TAMS 0x00000000c8700000| PB 0x00000000c8700000| Untracked |  0
|  48|0x00000000c8800000, 0x00000000c8800000, 0x00000000c8900000|  0%| F|  |TAMS 0x00000000c8800000| PB 0x00000000c8800000| Untracked |  0
|  49|0x00000000c8900000, 0x00000000c8900000, 0x00000000c8a00000|  0%| F|  |TAMS 0x00000000c8900000| PB 0x00000000c8900000| Untracked |  0
|  50|0x00000000c8a00000, 0x00000000c8a00000, 0x00000000c8b00000|  0%| F|  |TAMS 0x00000000c8a00000| PB 0x00000000c8a00000| Untracked |  0
|  51|0x00000000c8b00000, 0x00000000c8b00000, 0x00000000c8c00000|  0%| F|  |TAMS 0x00000000c8b00000| PB 0x00000000c8b00000| Untracked |  0
|  52|0x00000000c8c00000, 0x00000000c8d00000, 0x00000000c8d00000|100%| S|CS|TAMS 0x00000000c8c00000| PB 0x00000000c8c00000| Complete |  0
|  53|0x00000000c8d00000, 0x00000000c8d00000, 0x00000000c8e00000|  0%| F|  |TAMS 0x00000000c8d00000| PB 0x00000000c8d00000| Untracked |  0
|  54|0x00000000c8e00000, 0x00000000c8e00000, 0x00000000c8f00000|  0%| F|  |TAMS 0x00000000c8e00000| PB 0x00000000c8e00000| Untracked |  0
|  55|0x00000000c8f00000, 0x00000000c8f00000, 0x00000000c9000000|  0%| F|  |TAMS 0x00000000c8f00000| PB 0x00000000c8f00000| Untracked |  0
|  56|0x00000000c9000000, 0x00000000c9000000, 0x00000000c9100000|  0%| F|  |TAMS 0x00000000c9000000| PB 0x00000000c9000000| Untracked |  0
|  57|0x00000000c9100000, 0x00000000c9100000, 0x00000000c9200000|  0%| F|  |TAMS 0x00000000c9100000| PB 0x00000000c9100000| Untracked |  0
|  58|0x00000000c9200000, 0x00000000c923a880, 0x00000000c9300000| 22%| E|  |TAMS 0x00000000c9200000| PB 0x00000000c9200000| Complete |  0
|  59|0x00000000c9300000, 0x00000000c9400000, 0x00000000c9400000|100%| E|CS|TAMS 0x00000000c9300000| PB 0x00000000c9300000| Complete |  0

Card table byte_map: [0x00000140caf30000,0x00000140cb110000] _byte_map_base: 0x00000140ca904000

Marking Bits: (CMBitMap*) 0x00000140cb193c90
 Bits: [0x00000140e24a0000, 0x00000140e3340000)

Polling page: 0x00000140ca920000

Metaspace:

Usage:
  Non-class:      2.65 MB used.
      Class:    286.49 KB used.
       Both:      2.93 MB used.

Virtual space:
  Non-class space:       64.00 MB reserved,       2.75 MB (  4%) committed,  1 nodes.
      Class space:        1.00 GB reserved,     384.00 KB ( <1%) committed,  1 nodes.
             Both:        1.06 GB reserved,       3.12 MB ( <1%) committed. 

Chunk freelists:
   Non-Class:  10.97 MB
       Class:  15.61 MB
        Both:  26.58 MB

MaxMetaspaceSize: unlimited
CompressedClassSpaceSize: 1.00 GB
Initial GC threshold: 21.00 MB
Current GC threshold: 21.00 MB
CDS: on
 - commit_granule_bytes: 65536.
 - commit_granule_words: 8192.
 - virtual_space_node_default_size: 8388608.
 - enlarge_chunks_in_place: 1.
 - use_allocation_guard: 0.


Internal statistics:

num_allocs_failed_limit: 0.
num_arena_births: 42.
num_arena_deaths: 0.
num_vsnodes_births: 2.
num_vsnodes_deaths: 0.
num_space_committed: 50.
num_space_uncommitted: 0.
num_chunks_returned_to_freelist: 0.
num_chunks_taken_from_freelist: 97.
num_chunk_merges: 0.
num_chunk_splits: 66.
num_chunks_enlarged: 53.
num_inconsistent_stats: 0.

CodeHeap 'non-profiled nmethods': size=120064Kb used=211Kb max_used=211Kb free=119852Kb
 bounds [0x00000140daf60000, 0x00000140db1d0000, 0x00000140e24a0000]
CodeHeap 'profiled nmethods': size=120000Kb used=1078Kb max_used=1078Kb free=118921Kb
 bounds [0x00000140d34a0000, 0x00000140d3710000, 0x00000140da9d0000]
CodeHeap 'non-nmethods': size=5696Kb used=1353Kb max_used=1369Kb free=4342Kb
 bounds [0x00000140da9d0000, 0x00000140dac40000, 0x00000140daf60000]
 total_blobs=1126 nmethods=676 adapters=356
 compilation: enabled
              stopped_count=0, restarted_count=0
 full_count=0

Compilation events (20 events):
Event: 171.030 Thread 0x00000140c11a0cb0 nmethod 671 0x00000140d35a5090 code [0x00000140d35a5260, 0x00000140d35a5680]
Event: 171.030 Thread 0x00000140c11a0cb0  672       3       java.lang.ref.Reference::clear (5 bytes)
Event: 171.030 Thread 0x00000140c11a0cb0 nmethod 672 0x00000140d35a5810 code [0x00000140d35a59c0, 0x00000140d35a5af8]
Event: 171.032 Thread 0x00000140c11a0cb0  674   !   3       java.net.URL::<init> (543 bytes)
Event: 171.037 Thread 0x00000140c11348f0  675       4       java.lang.StringLatin1::hashCode (52 bytes)
Event: 171.039 Thread 0x00000140c11a0cb0 nmethod 674 0x00000140d35a5b90 code [0x00000140d35a61a0, 0x00000140d35a94d8]
Event: 171.045 Thread 0x00000140c11348f0 nmethod 675 0x00000140daf93990 code [0x00000140daf93b20, 0x00000140daf93ce8]
Event: 171.068 Thread 0x00000140c11a0cb0  677       1       java.util.concurrent.locks.AbstractQueuedSynchronizer::setState (6 bytes)
Event: 171.068 Thread 0x00000140c11a0cb0 nmethod 677 0x00000140daf94290 code [0x00000140daf94420, 0x00000140daf944f0]
Event: 172.971 Thread 0x00000140c11348f0  678       4       java.util.zip.ZipCoder::hash (36 bytes)
Event: 172.976 Thread 0x00000140c11348f0 nmethod 678 0x00000140daf94590 code [0x00000140daf94740, 0x00000140daf94958]
Event: 172.977 Thread 0x00000140c11348f0  679       4       java.util.zip.ZipFile::ensureOpen (40 bytes)
Event: 172.978 Thread 0x00000140c11348f0 nmethod 679 0x00000140daf94b90 code [0x00000140daf94d20, 0x00000140daf94df8]
Event: 172.980 Thread 0x00000140c11348f0  680  s!   4       jdk.internal.loader.URLClassPath::getLoader (194 bytes)
Event: 172.980 Thread 0x00000140c11a0cb0  681   !   3       java.util.zip.ZipFile::getInputStream (275 bytes)
Event: 172.983 Thread 0x00000140c11a0cb0 nmethod 681 0x00000140d35ab290 code [0x00000140d35ab5a0, 0x00000140d35ac740]
Event: 172.983 Thread 0x00000140c11a0cb0  682       3       java.util.zip.ZipUtils::LOCNAM (7 bytes)
Event: 172.984 Thread 0x00000140c11a0cb0 nmethod 682 0x00000140d35ad210 code [0x00000140d35ad3c0, 0x00000140d35ad560]
Event: 172.984 Thread 0x00000140c11a0cb0  683       3       java.util.zip.ZipUtils::LOCEXT (7 bytes)
Event: 172.984 Thread 0x00000140c11a0cb0 nmethod 683 0x00000140d35ad690 code [0x00000140d35ad840, 0x00000140d35ad9e0]

GC Heap History (2 events):
Event: 157.706 GC heap before
{Heap before GC invocations=0 (full 0):
 garbage-first heap   total reserved 958464K, committed 61440K, used 7168K [0x00000000c5800000, 0x0000000100000000)
  region size 1024K, 7 young (7168K), 0 survivors (0K)
 Metaspace       used 2573K, committed 2752K, reserved 1114112K
  class space    used 244K, committed 320K, reserved 1048576K
}
Event: 160.074 GC heap after
{Heap after GC invocations=1 (full 0):
 garbage-first heap   total reserved 958464K, committed 61440K, used 2304K [0x00000000c5800000, 0x0000000100000000)
  region size 1024K, 1 young (1024K), 1 survivors (1024K)
 Metaspace       used 2573K, committed 2752K, reserved 1114112K
  class space    used 244K, committed 320K, reserved 1048576K
}

Dll operation events (12 events):
Event: 2.706 Loaded shared library C:\Users\LENOVO\.jdks\openjdk-22.0.1\bin\java.dll
Event: 4.222 Loaded shared library C:\Users\LENOVO\.jdks\openjdk-22.0.1\bin\jsvml.dll
Event: 8.616 Loaded shared library C:\Users\LENOVO\.jdks\openjdk-22.0.1\bin\zip.dll
Event: 8.622 Loaded shared library C:\Users\LENOVO\.jdks\openjdk-22.0.1\bin\instrument.dll
Event: 8.629 Loaded shared library C:\Users\LENOVO\.jdks\openjdk-22.0.1\bin\net.dll
Event: 8.633 Loaded shared library C:\Users\LENOVO\.jdks\openjdk-22.0.1\bin\nio.dll
Event: 9.934 Loaded shared library C:\Users\LENOVO\.jdks\openjdk-22.0.1\bin\zip.dll
Event: 11.317 Loaded shared library C:\Program Files\JetBrains\IntelliJ IDEA 2024.1.2\bin\breakgen64.dll
Event: 14.955 Loaded shared library C:\Users\LENOVO\.jdks\openjdk-22.0.1\bin\extnet.dll
Event: 22.519 Loaded shared library C:\Users\LENOVO\.jdks\openjdk-22.0.1\bin\jimage.dll
Event: 72.756 Loaded shared library C:\Users\LENOVO\AppData\Local\Temp\jansi-2.4.0-6ae2c90fba14c277-jansi.dll
Event: 82.107 Loaded shared library C:\Users\LENOVO\.jdks\openjdk-22.0.1\bin\verify.dll

Deoptimization events (20 events):
Event: 22.512 Thread 0x00000140c8fe3b40 Uncommon trap: trap_request=0xffffffc6 fr.pc=0x00000140daf6e550 relative=0x0000000000000b10
Event: 22.512 Thread 0x00000140c8fe3b40 Uncommon trap: reason=bimorphic_or_optimized_type_check action=maybe_recompile pc=0x00000140daf6e550 method=java.util.HashMap.putVal(ILjava/lang/Object;Ljava/lang/Object;ZZ)Ljava/lang/Object; @ 56 c2
Event: 22.512 Thread 0x00000140c8fe3b40 DEOPT PACKING pc=0x00000140daf6e550 sp=0x00000021489fda80
Event: 22.512 Thread 0x00000140c8fe3b40 DEOPT UNPACKING pc=0x00000140daa2469c sp=0x00000021489fda18 mode 2
Event: 22.512 Thread 0x00000140c8fe3b40 Uncommon trap: trap_request=0xffffffc6 fr.pc=0x00000140daf6e550 relative=0x0000000000000b10
Event: 22.512 Thread 0x00000140c8fe3b40 Uncommon trap: reason=bimorphic_or_optimized_type_check action=maybe_recompile pc=0x00000140daf6e550 method=java.util.HashMap.putVal(ILjava/lang/Object;Ljava/lang/Object;ZZ)Ljava/lang/Object; @ 56 c2
Event: 22.512 Thread 0x00000140c8fe3b40 DEOPT PACKING pc=0x00000140daf6e550 sp=0x00000021489fda80
Event: 22.512 Thread 0x00000140c8fe3b40 DEOPT UNPACKING pc=0x00000140daa2469c sp=0x00000021489fda18 mode 2
Event: 22.512 Thread 0x00000140c8fe3b40 Uncommon trap: trap_request=0xffffffc6 fr.pc=0x00000140daf6e550 relative=0x0000000000000b10
Event: 22.512 Thread 0x00000140c8fe3b40 Uncommon trap: reason=bimorphic_or_optimized_type_check action=maybe_recompile pc=0x00000140daf6e550 method=java.util.HashMap.putVal(ILjava/lang/Object;Ljava/lang/Object;ZZ)Ljava/lang/Object; @ 56 c2
Event: 22.512 Thread 0x00000140c8fe3b40 DEOPT PACKING pc=0x00000140daf6e550 sp=0x00000021489fda80
Event: 22.512 Thread 0x00000140c8fe3b40 DEOPT UNPACKING pc=0x00000140daa2469c sp=0x00000021489fda18 mode 2
Event: 98.650 Thread 0x00000140c8fe3b40 Uncommon trap: trap_request=0xffffff45 fr.pc=0x00000140daf8a0e4 relative=0x0000000000000944
Event: 98.650 Thread 0x00000140c8fe3b40 Uncommon trap: reason=unstable_if action=reinterpret pc=0x00000140daf8a0e4 method=java.util.HashMap.putVal(ILjava/lang/Object;Ljava/lang/Object;ZZ)Ljava/lang/Object; @ 181 c2
Event: 98.652 Thread 0x00000140c8fe3b40 DEOPT PACKING pc=0x00000140daf8a0e4 sp=0x00000021489fd530
Event: 98.652 Thread 0x00000140c8fe3b40 DEOPT UNPACKING pc=0x00000140daa2469c sp=0x00000021489fd4d0 mode 2
Event: 153.365 Thread 0x00000140c8fe3b40 DEOPT PACKING pc=0x00000140d34d8057 sp=0x00000021489fed70
Event: 153.366 Thread 0x00000140c8fe3b40 DEOPT UNPACKING pc=0x00000140daa24e23 sp=0x00000021489fe220 mode 0
Event: 167.382 Thread 0x00000140c8fe3b40 DEOPT PACKING pc=0x00000140d3513d25 sp=0x00000021489fa7b0
Event: 167.382 Thread 0x00000140c8fe3b40 DEOPT UNPACKING pc=0x00000140daa24e23 sp=0x00000021489f9c00 mode 0

Classes loaded (20 events):
Event: 170.171 Loading class java/util/concurrent/atomic/AtomicReferenceFieldUpdater$AtomicReferenceFieldUpdaterImpl
Event: 170.182 Loading class java/util/concurrent/atomic/AtomicReferenceFieldUpdater$AtomicReferenceFieldUpdaterImpl done
Event: 170.183 Loading class java/util/concurrent/atomic/AtomicReferenceFieldUpdater$AtomicReferenceFieldUpdaterImpl$1
Event: 170.183 Loading class java/util/concurrent/atomic/AtomicReferenceFieldUpdater$AtomicReferenceFieldUpdaterImpl$1 done
Event: 170.208 Loading class sun/reflect/misc/ReflectUtil
Event: 170.210 Loading class sun/reflect/misc/ReflectUtil done
Event: 171.063 Loading class java/util/concurrent/locks/ReentrantReadWriteLock
Event: 171.064 Loading class java/util/concurrent/locks/ReadWriteLock
Event: 171.064 Loading class java/util/concurrent/locks/ReadWriteLock done
Event: 171.064 Loading class java/util/concurrent/locks/ReentrantReadWriteLock done
Event: 171.064 Loading class java/util/concurrent/locks/ReentrantReadWriteLock$NonfairSync
Event: 171.064 Loading class java/util/concurrent/locks/ReentrantReadWriteLock$Sync
Event: 171.067 Loading class java/util/concurrent/locks/ReentrantReadWriteLock$Sync done
Event: 171.067 Loading class java/util/concurrent/locks/ReentrantReadWriteLock$NonfairSync done
Event: 171.067 Loading class java/util/concurrent/locks/ReentrantReadWriteLock$Sync$ThreadLocalHoldCounter
Event: 171.068 Loading class java/util/concurrent/locks/ReentrantReadWriteLock$Sync$ThreadLocalHoldCounter done
Event: 171.068 Loading class java/util/concurrent/locks/ReentrantReadWriteLock$ReadLock
Event: 171.068 Loading class java/util/concurrent/locks/ReentrantReadWriteLock$ReadLock done
Event: 171.069 Loading class java/util/concurrent/locks/ReentrantReadWriteLock$WriteLock
Event: 171.069 Loading class java/util/concurrent/locks/ReentrantReadWriteLock$WriteLock done

Classes unloaded (0 events):
No events

Classes redefined (0 events):
No events

Internal exceptions (12 events):
Event: 10.080 Thread 0x00000140c8fe3b40 Exception <a 'java/lang/NoSuchMethodError'{0x00000000c92cf890}: 'void java.lang.invoke.DirectMethodHandle$Holder.invokeStatic(java.lang.Object, java.lang.Object, java.lang.Object)'> (0x00000000c92cf890) 
thrown [s\open\src\hotspot\share\interpreter\linkResolver.cpp, line 774]
Event: 11.308 Thread 0x00000140c8fe3b40 Exception <a 'java/lang/NoSuchMethodError'{0x00000000c92e7590}: 'java.lang.Object java.lang.invoke.Invokers$Holder.invokeExact_MT(java.lang.Object, java.lang.Object, java.lang.Object, java.lang.Object, java.lang.Object)'> (0x00000000c92e7590) 
thrown [s\open\src\hotspot\share\interpreter\linkResolver.cpp, line 774]
Event: 14.958 Thread 0x00000140c1470840 Exception <a 'java/lang/NoSuchMethodError'{0x00000000c912eae8}: 'void java.lang.invoke.DirectMethodHandle$Holder.invokeStatic(java.lang.Object, java.lang.Object)'> (0x00000000c912eae8) 
thrown [s\open\src\hotspot\share\interpreter\linkResolver.cpp, line 774]
Event: 17.063 Thread 0x00000140c8fe3b40 Exception <a 'java/lang/NoSuchMethodError'{0x00000000c9187198}: 'int java.lang.invoke.DirectMethodHandle$Holder.invokeSpecial(java.lang.Object, java.lang.Object, java.lang.Object)'> (0x00000000c9187198) 
thrown [s\open\src\hotspot\share\interpreter\linkResolver.cpp, line 774]
Event: 22.514 Thread 0x00000140c8fe3b40 Exception <a 'java/lang/NullPointerException'{0x00000000c8fe5f78}> (0x00000000c8fe5f78) 
thrown [s\open\src\hotspot\share\interpreter\linkResolver.cpp, line 1374]
Event: 82.090 Thread 0x00000140c8fe3b40 Exception <a 'sun/nio/fs/WindowsException'{0x00000000c8e62de8}> (0x00000000c8e62de8) 
thrown [s\open\src\hotspot\share\prims\jni.cpp, line 520]
Event: 82.100 Thread 0x00000140c8fe3b40 Exception <a 'sun/nio/fs/WindowsException'{0x00000000c8e634f0}> (0x00000000c8e634f0) 
thrown [s\open\src\hotspot\share\prims\jni.cpp, line 520]
Event: 82.100 Thread 0x00000140c8fe3b40 Exception <a 'sun/nio/fs/WindowsException'{0x00000000c8e63a68}> (0x00000000c8e63a68) 
thrown [s\open\src\hotspot\share\prims\jni.cpp, line 520]
Event: 82.100 Thread 0x00000140c8fe3b40 Exception <a 'sun/nio/fs/WindowsException'{0x00000000c8e63fc0}> (0x00000000c8e63fc0) 
thrown [s\open\src\hotspot\share\prims\jni.cpp, line 520]
Event: 82.101 Thread 0x00000140c8fe3b40 Exception <a 'sun/nio/fs/WindowsException'{0x00000000c8e644c8}> (0x00000000c8e644c8) 
thrown [s\open\src\hotspot\share\prims\jni.cpp, line 520]
Event: 82.101 Thread 0x00000140c8fe3b40 Exception <a 'sun/nio/fs/WindowsException'{0x00000000c8e64988}> (0x00000000c8e64988) 
thrown [s\open\src\hotspot\share\prims\jni.cpp, line 520]
Event: 167.325 Thread 0x00000140c8fe3b40 Exception <a 'java/lang/NoSuchMethodError'{0x00000000c93a3e98}: 'java.lang.Object java.lang.invoke.DirectMethodHandle$Holder.invokeSpecialIFC(java.lang.Object, java.lang.Object, java.lang.Object, java.lang.Object)'> (0x00000000c93a3e98) 
thrown [s\open\src\hotspot\share\interpreter\linkResolver.cpp, line 774]

ZGC Phase Switch (0 events):
No events

VM Operations (20 events):
Event: 96.136 Executing VM operation: Cleanup
Event: 97.028 Executing VM operation: Cleanup done
Event: 116.996 Executing VM operation: Cleanup
Event: 124.603 Executing VM operation: Cleanup done
Event: 127.129 Executing VM operation: Cleanup
Event: 127.540 Executing VM operation: Cleanup done
Event: 131.762 Executing VM operation: Cleanup
Event: 144.461 Executing VM operation: Cleanup done
Event: 153.687 Executing VM operation: Cleanup
Event: 155.398 Executing VM operation: Cleanup done
Event: 156.401 Executing VM operation: Cleanup
Event: 157.641 Executing VM operation: Cleanup done
Event: 157.704 Executing VM operation: G1CollectForAllocation (G1 Evacuation Pause)
Event: 160.074 Executing VM operation: G1CollectForAllocation (G1 Evacuation Pause) done
Event: 162.069 Executing VM operation: Cleanup
Event: 163.073 Executing VM operation: Cleanup done
Event: 168.112 Executing VM operation: Cleanup
Event: 170.118 Executing VM operation: Cleanup done
Event: 171.121 Executing VM operation: Cleanup
Event: 172.970 Executing VM operation: Cleanup done

Events (12 events):
Event: 3.394 Thread 0x00000140c8fe3b40 Thread added: 0x00000140c8fe3b40
Event: 4.218 Thread 0x00000140c112a400 Thread added: 0x00000140c112a400
Event: 4.219 Thread 0x00000140c112ddc0 Thread added: 0x00000140c112ddc0
Event: 4.219 Thread 0x00000140c112e820 Thread added: 0x00000140c112e820
Event: 4.219 Thread 0x00000140c112f280 Thread added: 0x00000140c112f280
Event: 4.219 Thread 0x00000140c112fce0 Thread added: 0x00000140c112fce0
Event: 4.219 Thread 0x00000140c1130740 Thread added: 0x00000140c1130740
Event: 4.220 Thread 0x00000140c11348f0 Thread added: 0x00000140c11348f0
Event: 4.668 Thread 0x00000140c11a0cb0 Thread added: 0x00000140c11a0cb0
Event: 5.697 Thread 0x00000140c11dd540 Thread added: 0x00000140c11dd540
Event: 11.318 Thread 0x00000140c1470840 Thread added: 0x00000140c1470840
Event: 11.318 Thread 0x00000140c1470eb0 Thread added: 0x00000140c1470eb0


Dynamic libraries:
0x00007ff689cf0000 - 0x00007ff689cfe000 	C:\Users\LENOVO\.jdks\openjdk-22.0.1\bin\java.exe
0x00007ff84c330000 - 0x00007ff84c547000 	C:\WINDOWS\SYSTEM32\ntdll.dll
0x00007ff84a4d0000 - 0x00007ff84a594000 	C:\WINDOWS\System32\KERNEL32.DLL
0x00007ff849ba0000 - 0x00007ff849f4c000 	C:\WINDOWS\System32\KERNELBASE.dll
0x00007ff8498f0000 - 0x00007ff849a01000 	C:\WINDOWS\System32\ucrtbase.dll
0x00007ff837380000 - 0x00007ff837397000 	C:\Users\LENOVO\.jdks\openjdk-22.0.1\bin\jli.dll
0x00007ff84be90000 - 0x00007ff84c03e000 	C:\WINDOWS\System32\USER32.dll
0x00007ff849750000 - 0x00007ff849776000 	C:\WINDOWS\System32\win32u.dll
0x00007ff84c260000 - 0x00007ff84c289000 	C:\WINDOWS\System32\GDI32.dll
0x00007ff849f50000 - 0x00007ff84a069000 	C:\WINDOWS\System32\gdi32full.dll
0x00007ff849a80000 - 0x00007ff849b1a000 	C:\WINDOWS\System32\msvcp_win.dll
0x00007ff834aa0000 - 0x00007ff834abb000 	C:\Users\LENOVO\.jdks\openjdk-22.0.1\bin\VCRUNTIME140.dll
0x00007ff836920000 - 0x00007ff836bb3000 	C:\WINDOWS\WinSxS\amd64_microsoft.windows.common-controls_6595b64144ccf1df_6.0.22621.3672_none_2713b9d173822955\COMCTL32.dll
0x00007ff84a5b0000 - 0x00007ff84a657000 	C:\WINDOWS\System32\msvcrt.dll
0x00007ff84b950000 - 0x00007ff84b981000 	C:\WINDOWS\System32\IMM32.DLL
0x00007ff843710000 - 0x00007ff84371c000 	C:\Users\LENOVO\.jdks\openjdk-22.0.1\bin\vcruntime140_1.dll
0x00007ff818b50000 - 0x00007ff818bde000 	C:\Users\LENOVO\.jdks\openjdk-22.0.1\bin\msvcp140.dll
0x00007fffea8b0000 - 0x00007fffeb5f7000 	C:\Users\LENOVO\.jdks\openjdk-22.0.1\bin\server\jvm.dll
0x00007ff84a6d0000 - 0x00007ff84a782000 	C:\WINDOWS\System32\ADVAPI32.dll
0x00007ff84b660000 - 0x00007ff84b70a000 	C:\WINDOWS\System32\sechost.dll
0x00007ff849720000 - 0x00007ff849748000 	C:\WINDOWS\System32\bcrypt.dll
0x00007ff84b810000 - 0x00007ff84b925000 	C:\WINDOWS\System32\RPCRT4.dll
0x00007ff84b790000 - 0x00007ff84b801000 	C:\WINDOWS\System32\WS2_32.dll
0x00007ff849520000 - 0x00007ff84956d000 	C:\WINDOWS\SYSTEM32\POWRPROF.dll
0x00007ff841ac0000 - 0x00007ff841af4000 	C:\WINDOWS\SYSTEM32\WINMM.dll
0x00007ff839a80000 - 0x00007ff839a8a000 	C:\WINDOWS\SYSTEM32\VERSION.dll
0x00007ff849500000 - 0x00007ff849513000 	C:\WINDOWS\SYSTEM32\UMPDC.dll
0x00007ff848690000 - 0x00007ff8486a8000 	C:\WINDOWS\SYSTEM32\kernel.appcore.dll
0x00007ff843060000 - 0x00007ff84306a000 	C:\Users\LENOVO\.jdks\openjdk-22.0.1\bin\jimage.dll
0x00007ff846f90000 - 0x00007ff8471c2000 	C:\WINDOWS\SYSTEM32\DBGHELP.DLL
0x00007ff84a090000 - 0x00007ff84a418000 	C:\WINDOWS\System32\combase.dll
0x00007ff84b9a0000 - 0x00007ff84ba77000 	C:\WINDOWS\System32\OLEAUT32.dll
0x00007ff81e420000 - 0x00007ff81e452000 	C:\WINDOWS\SYSTEM32\dbgcore.DLL
0x00007ff849b20000 - 0x00007ff849b9b000 	C:\WINDOWS\System32\bcryptPrimitives.dll
0x00007ff837370000 - 0x00007ff83737f000 	C:\Users\LENOVO\.jdks\openjdk-22.0.1\bin\instrument.dll
0x00007ff834a80000 - 0x00007ff834a9e000 	C:\Users\LENOVO\.jdks\openjdk-22.0.1\bin\java.dll
0x00007ff84a870000 - 0x00007ff84b0cc000 	C:\WINDOWS\System32\SHELL32.dll
0x00007ff84bbe0000 - 0x00007ff84bd85000 	C:\WINDOWS\System32\ole32.dll
0x00007ff8475b0000 - 0x00007ff847ea7000 	C:\WINDOWS\SYSTEM32\windows.storage.dll
0x00007ff847470000 - 0x00007ff8475af000 	C:\WINDOWS\SYSTEM32\wintypes.dll
0x00007ff84b0d0000 - 0x00007ff84b1c4000 	C:\WINDOWS\System32\SHCORE.dll
0x00007ff84c040000 - 0x00007ff84c09e000 	C:\WINDOWS\System32\shlwapi.dll
0x00007ff849590000 - 0x00007ff8495b1000 	C:\WINDOWS\SYSTEM32\profapi.dll
0x00007ff8159b0000 - 0x00007ff815a87000 	C:\Users\LENOVO\.jdks\openjdk-22.0.1\bin\jsvml.dll
0x00007ff832d00000 - 0x00007ff832d17000 	C:\Users\LENOVO\.jdks\openjdk-22.0.1\bin\zip.dll
0x00007ff837090000 - 0x00007ff8370a0000 	C:\Users\LENOVO\.jdks\openjdk-22.0.1\bin\net.dll
0x00007ff848b00000 - 0x00007ff848b69000 	C:\WINDOWS\system32\mswsock.dll
0x00007ff832ca0000 - 0x00007ff832cb6000 	C:\Users\LENOVO\.jdks\openjdk-22.0.1\bin\nio.dll
0x00007ff8321b0000 - 0x00007ff8321ca000 	C:\Program Files\JetBrains\IntelliJ IDEA 2024.1.2\bin\breakgen64.dll
0x00007ff8354a0000 - 0x00007ff8354a9000 	C:\Users\LENOVO\.jdks\openjdk-22.0.1\bin\extnet.dll
0x0000000069ac0000 - 0x0000000069ae4000 	C:\Users\LENOVO\AppData\Local\Temp\jansi-2.4.0-6ae2c90fba14c277-jansi.dll
0x00007ff834a70000 - 0x00007ff834a80000 	C:\Users\LENOVO\.jdks\openjdk-22.0.1\bin\verify.dll

dbghelp: loaded successfully - version: 4.0.5 - missing functions: none
symbol engine: initialized successfully - sym options: 0x614 - pdb path: .;C:\Users\LENOVO\.jdks\openjdk-22.0.1\bin;C:\WINDOWS\SYSTEM32;C:\WINDOWS\WinSxS\amd64_microsoft.windows.common-controls_6595b64144ccf1df_6.0.22621.3672_none_2713b9d173822955;C:\Users\LENOVO\.jdks\openjdk-22.0.1\bin\server;C:\Program Files\JetBrains\IntelliJ IDEA 2024.1.2\bin;C:\Users\LENOVO\AppData\Local\Temp

VM Arguments:
jvm_args: -Dmaven.multiModuleProjectDirectory=C:\Users\LENOVO\Desktop\PROJET PI\Projet_pidev_esprit -Djansi.passthrough=true -Dmaven.home=C:\Program Files\JetBrains\IntelliJ IDEA 2024.1.2\plugins\maven\lib\maven3 -Dclassworlds.conf=C:\Program Files\JetBrains\IntelliJ IDEA 2024.1.2\plugins\maven\lib\maven3\bin\m2.conf -Dmaven.ext.class.path=C:\Program Files\JetBrains\IntelliJ IDEA 2024.1.2\plugins\maven\lib\maven-event-listener.jar -javaagent:C:\Program Files\JetBrains\IntelliJ IDEA 2024.1.2\lib\idea_rt.jar=54266:C:\Program Files\JetBrains\IntelliJ IDEA 2024.1.2\bin -Dfile.encoding=UTF-8 -Dsun.stdout.encoding=UTF-8 -Dsun.stderr.encoding=UTF-8 
java_command: org.codehaus.classworlds.Launcher -Didea.version=2024.1.2 org.openjfx:javafx-maven-plugin:0.0.8:run
java_class_path (initial): C:\Program Files\JetBrains\IntelliJ IDEA 2024.1.2\plugins\maven\lib\maven3\boot\plexus-classworlds-2.7.0.jar;C:\Program Files\JetBrains\IntelliJ IDEA 2024.1.2\plugins\maven\lib\maven3\boot\plexus-classworlds.license
Launcher Type: SUN_STANDARD

[Global flags]
     intx CICompilerCount                          = 2                                         {product} {ergonomic}
     uint ConcGCThreads                            = 1                                         {product} {ergonomic}
     uint G1ConcRefinementThreads                  = 2                                         {product} {ergonomic}
   size_t G1HeapRegionSize                         = 1048576                                   {product} {ergonomic}
   size_t InitialHeapSize                          = 62914560                                  {product} {ergonomic}
   size_t MarkStackSize                            = 4194304                                   {product} {ergonomic}
   size_t MaxHeapSize                              = 981467136                                 {product} {ergonomic}
   size_t MaxNewSize                               = 588251136                                 {product} {ergonomic}
   size_t MinHeapDeltaBytes                        = 1048576                                   {product} {ergonomic}
   size_t MinHeapSize                              = 8388608                                   {product} {ergonomic}
    uintx NonNMethodCodeHeapSize                   = 5826188                                {pd product} {ergonomic}
    uintx NonProfiledCodeHeapSize                  = 122916026                              {pd product} {ergonomic}
    uintx ProfiledCodeHeapSize                     = 122916026                              {pd product} {ergonomic}
    uintx ReservedCodeCacheSize                    = 251658240                              {pd product} {ergonomic}
     bool SegmentedCodeCache                       = true                                      {product} {ergonomic}
   size_t SoftMaxHeapSize                          = 981467136                              {manageable} {ergonomic}
     bool UseCompressedOops                        = true                           {product lp64_product} {ergonomic}
     bool UseG1GC                                  = true                                      {product} {ergonomic}
     bool UseLargePagesIndividualAllocation        = false                                  {pd product} {ergonomic}

Logging:
Log output configuration:
 #0: stdout all=warning uptime,level,tags foldmultilines=false
 #1: stderr all=off uptime,level,tags foldmultilines=false

Environment Variables:
PATH=C:\WINDOWS\system32;C:\WINDOWS;C:\WINDOWS\System32\Wbem;C:\WINDOWS\System32\WindowsPowerShell\v1.0\;C:\WINDOWS\System32\OpenSSH\;C:\Program Files\Git\cmd;C:\Program Files (x86)\dotnet\;C:\xampp\php;C:\ProgramData\ComposerSetup\bin;C:\Users\LENOVO\scoop\shims;C:\Users\LENOVO\AppData\Local\Microsoft\WindowsApps;C:\Users\LENOVO\AppData\Local\Programs\Microsoft VS Code\bin;C:\Program Files\JetBrains\IntelliJ IDEA 2024.1.2\bin;;C:\Users\LENOVO\AppData\Roaming\Composer\vendor\bin
USERNAME=LENOVO
OS=Windows_NT
PROCESSOR_IDENTIFIER=Intel64 Family 6 Model 122 Stepping 8, GenuineIntel
TMP=C:\Users\LENOVO\AppData\Local\Temp
TEMP=C:\Users\LENOVO\AppData\Local\Temp




Periodic native trim disabled

---------------  S Y S T E M  ---------------

OS:
 Windows 11 , 64 bit Build 22621 (10.0.22621.3672)
OS uptime: 11 days 2:25 hours

CPU: total 2 (initial active 2) (2 cores per cpu, 1 threads per core) family 6 model 122 stepping 8 microcode 0x1a, cx8, cmov, fxsr, mmx, 3dnowpref, sse, sse2, sse3, ssse3, sse4.1, sse4.2, popcnt, tsc, tscinvbit, aes, erms, clmul, sha, clflush, clflushopt, rdtscp, rdpid
Processor Information for all 2 processors :
  Max Mhz: 1101, Current Mhz: 1101, Mhz Limit: 1101

Memory: 4k page, system-wide physical 3737M (78M free)
TotalPageFile size 15001M (AvailPageFile size 132M)
current process WorkingSet (physical memory assigned to process): 34M, peak: 41M
current process commit charge ("private bytes"): 133M, peak: 133M

vm_info: OpenJDK 64-Bit Server VM (22.0.1+8-16) for windows-amd64 JRE (22.0.1+8-16), built on 2024-03-12T10:33:16Z by "mach5one" with MS VC++ 17.6 (VS2022)

END.
