#
# There is insufficient memory for the Java Runtime Environment to continue.
# Native memory allocation (malloc) failed to allocate 32744 bytes. Error detail: Chunk::new
# Possible reasons:
#   The system is out of physical RAM or swap space
#   This process is running with CompressedOops enabled, and the Java Heap may be blocking the growth of the native heap
# Possible solutions:
#   Reduce memory load on the system
#   Increase physical memory or swap space
#   Check if swap backing store is full
#   Decrease Java heap size (-Xmx/-Xms)
#   Decrease number of Java threads
#   Decrease Java thread stack sizes (-Xss)
#   Set larger code cache with -XX:ReservedCodeCacheSize=
#   JVM is running with Unscaled Compressed Oops mode in which the Java heap is
#     placed in the first 4GB address space. The Java Heap base address is the
#     maximum limit for the native heap growth. Please use -XX:HeapBaseMinAddress
#     to set the Java Heap base and to place the Java Heap above 4GB virtual address.
# This output file may be truncated or incomplete.
#
#  Out of Memory Error (arena.cpp:150), pid=71000, tid=42552
#
# JRE version: OpenJDK Runtime Environment (22.0.1+8) (build 22.0.1+8-16)
# Java VM: OpenJDK 64-Bit Server VM (22.0.1+8-16, mixed mode, sharing, tiered, compressed oops, compressed class ptrs, g1 gc, windows-amd64)
# No core dump will be written. Minidumps are not enabled by default on client versions of Windows
#

---------------  S U M M A R Y ------------

Command Line: -Dmaven.multiModuleProjectDirectory=C:\Users\LENOVO\Desktop\PROJET PI\Projet_pidev_esprit -Djansi.passthrough=true -Dmaven.home=C:\Program Files\JetBrains\IntelliJ IDEA 2024.1.2\plugins\maven\lib\maven3 -Dclassworlds.conf=C:\Program Files\JetBrains\IntelliJ IDEA 2024.1.2\plugins\maven\lib\maven3\bin\m2.conf -Dmaven.ext.class.path=C:\Program Files\JetBrains\IntelliJ IDEA 2024.1.2\plugins\maven\lib\maven-event-listener.jar -javaagent:C:\Program Files\JetBrains\IntelliJ IDEA 2024.1.2\lib\idea_rt.jar=54252:C:\Program Files\JetBrains\IntelliJ IDEA 2024.1.2\bin -Dfile.encoding=UTF-8 -Dsun.stdout.encoding=UTF-8 -Dsun.stderr.encoding=UTF-8 org.codehaus.classworlds.Launcher -Didea.version=2024.1.2 org.openjfx:javafx-maven-plugin:0.0.8:run

Host: Intel(R) Celeron(R) N4020 CPU @ 1.10GHz, 2 cores, 3G,  Windows 11 , 64 bit Build 22621 (10.0.22621.3672)
Time: Sat Jul  6 01:09:23 2024 Paris, Madrid (heure duild 22621 (10.0.22621.3672) elapsed time: 189.549608 seconds (0d 0h 3m 9s)

---------------  T H R E A D  ---------------

Current thread (0x00000149d0132ad0):  JavaThread "C2 CompilerThread0" daemon [_thread_in_native, id=42552, stack(0x000000077c200000,0x000000077c300000) (1024K)]


Current CompileTask:
C2:189549 1086 % !   4       java.util.concurrent.ConcurrentHashMap::transfer @ 96 (849 bytes)

Stack: [0x000000077c200000,0x000000077c300000]
Native frames: (J=compiled Java code, j=interpreted, Vv=VM code, C=native code)
V  [jvm.dll+0x6e2279]  (no source info available)
V  [jvm.dll+0x874e33]  (no source info available)
V  [jvm.dll+0x87725e]  (no source info available)
V  [jvm.dll+0x877933]  (no source info available)
V  [jvm.dll+0x27fd76]  (no source info available)
V  [jvm.dll+0xc3d0f]  (no source info available)
V  [jvm.dll+0xc3f6b]  (no source info available)
V  [jvm.dll+0x6bd37a]  (no source info available)
V  [jvm.dll+0x6bd0f4]  (no source info available)
V  [jvm.dll+0x398102]  (no source info available)
V  [jvm.dll+0x700386]  (no source info available)
V  [jvm.dll+0x6ff762]  (no source info available)
V  [jvm.dll+0x6faabb]  (no source info available)
V  [jvm.dll+0x6f4fcf]  (no source info available)
V  [jvm.dll+0x6f4587]  (no source info available)
V  [jvm.dll+0x6f2764]  (no source info available)
V  [jvm.dll+0x1c805c]  (no source info available)
V  [jvm.dll+0x2f2e3f]  (no source info available)
V  [jvm.dll+0x6fcc87]  (no source info available)
V  [jvm.dll+0x6f4fcf]  (no source info available)
V  [jvm.dll+0x6f4587]  (no source info available)
V  [jvm.dll+0x6f2764]  (no source info available)
V  [jvm.dll+0x1c805c]  (no source info available)
V  [jvm.dll+0x246c2b]  (no source info available)
V  [jvm.dll+0x1c4e90]  (no source info available)
V  [jvm.dll+0x2569fe]  (no source info available)
V  [jvm.dll+0x254cba]  (no source info available)
V  [jvm.dll+0x3f5336]  (no source info available)
V  [jvm.dll+0x81d44b]  (no source info available)
V  [jvm.dll+0x6e0915]  (no source info available)
C  [ucrtbase.dll+0x29333]  (no source info available)
C  [KERNEL32.DLL+0x1257d]  (no source info available)
C  [ntdll.dll+0x5af28]  (no source info available)


---------------  P R O C E S S  ---------------

Threads class SMR info:
_java_thread_list=0x00000149d0456d50, length=12, elements={
0x00000149eb6a3710, 0x00000149d012a4e0, 0x00000149d012d200, 0x00000149d012de10,
0x00000149d012e870, 0x00000149d012f2d0, 0x00000149d012fd30, 0x00000149d0132ad0,
0x00000149d01a0700, 0x00000149ed7eb5b0, 0x00000149d04f9cd0, 0x00000149d04fa340
}

Java Threads: ( => current thread )
  0x00000149eb6a3710 JavaThread "main"                              [_thread_in_vm, id=70492, stack(0x000000077b300000,0x000000077b400000) (1024K)]
  0x00000149d012a4e0 JavaThread "Reference Handler"          daemon [_thread_blocked, id=71424, stack(0x000000077bc00000,0x000000077bd00000) (1024K)]
  0x00000149d012d200 JavaThread "Finalizer"                  daemon [_thread_blocked, id=68224, stack(0x000000077bd00000,0x000000077be00000) (1024K)]
  0x00000149d012de10 JavaThread "Signal Dispatcher"          daemon [_thread_blocked, id=69008, stack(0x000000077be00000,0x000000077bf00000) (1024K)]
  0x00000149d012e870 JavaThread "Attach Listener"            daemon [_thread_blocked, id=65552, stack(0x000000077bf00000,0x000000077c000000) (1024K)]
  0x00000149d012f2d0 JavaThread "Service Thread"             daemon [_thread_blocked, id=58264, stack(0x000000077c000000,0x000000077c100000) (1024K)]
  0x00000149d012fd30 JavaThread "Monitor Deflation Thread"   daemon [_thread_blocked, id=71660, stack(0x000000077c100000,0x000000077c200000) (1024K)]
=>0x00000149d0132ad0 JavaThread "C2 CompilerThread0"         daemon [_thread_in_native, id=42552, stack(0x000000077c200000,0x000000077c300000) (1024K)]
  0x00000149d01a0700 JavaThread "C1 CompilerThread0"         daemon [_thread_blocked, id=71212, stack(0x000000077c300000,0x000000077c400000) (1024K)]
  0x00000149ed7eb5b0 JavaThread "Common-Cleaner"             daemon [_thread_blocked, id=68068, stack(0x000000077c400000,0x000000077c500000) (1024K)]
  0x00000149d04f9cd0 JavaThread "Monitor Ctrl-Break"         daemon [_thread_in_native, id=63364, stack(0x000000077c500000,0x000000077c600000) (1024K)]
  0x00000149d04fa340 JavaThread "Notification Thread"        daemon [_thread_blocked, id=45072, stack(0x000000077c600000,0x000000077c700000) (1024K)]
Total: 12

Other Threads:
  0x00000149ed7fe2c0 VMThread "VM Thread"                           [id=68456, stack(0x000000077bb00000,0x000000077bc00000) (1024K)]
  0x00000149d011ced0 WatcherThread "VM Periodic Task Thread"        [id=66212, stack(0x000000077ba00000,0x000000077bb00000) (1024K)]
  0x00000149ed782540 WorkerThread "GC Thread#0"                     [id=71672, stack(0x000000077b500000,0x000000077b600000) (1024K)]
  0x00000149d0198f70 WorkerThread "GC Thread#1"                     [id=72500, stack(0x000000077c700000,0x000000077c800000) (1024K)]
  0x00000149ed78ba40 ConcurrentGCThread "G1 Main Marker"            [id=69296, stack(0x000000077b600000,0x000000077b700000) (1024K)]
  0x00000149ed78c550 WorkerThread "G1 Conc#0"                       [id=63992, stack(0x000000077b700000,0x000000077b800000) (1024K)]
  0x00000149ed7d9250 ConcurrentGCThread "G1 Refine#0"               [id=53280, stack(0x000000077b800000,0x000000077b900000) (1024K)]
  0x00000149ed7d9dd0 ConcurrentGCThread "G1 Service"                [id=69512, stack(0x000000077b900000,0x000000077ba00000) (1024K)]
Total: 8

Threads with active compile tasks:
C2 CompilerThread0  189768 1086 % !   4       java.util.concurrent.ConcurrentHashMap::transfer @ 96 (849 bytes)
Total: 1

VM state: not at safepoint (normal execution)

VM Mutex/Monitor currently owned by a thread: None

Heap address: 0x00000000c5800000, size: 936 MB, Compressed Oops mode: 32-bit

CDS archive(s) mapped at: [0x000001498f000000-0x000001498fc50000-0x000001498fc50000), size 12910592, SharedBaseAddress: 0x000001498f000000, ArchiveRelocationMode: 1.
Compressed class space mapped at: 0x0000014990000000-0x00000149d0000000, reserved size: 1073741824
Narrow klass base: 0x000001498f000000, Narrow klass shift: 0, Narrow klass range: 0x41000000

GC Precious Log:
 CardTable entry size: 512
 Card Set container configuration: InlinePtr #cards 5 size 8 Array Of Cards #cards 12 size 40 Howl #buckets 4 coarsen threshold 1843 Howl Bitmap #cards 512 size 80 coarsen threshold 460 Card regions per heap region 1 cards per card region 2048
 CPUs: 2 total, 2 available
 Memory: 3737M
 Large Page Support: Disabled
 NUMA Support: Disabled
 Compressed Oops: Enabled (32-bit)
 Heap Region Size: 1M
 Heap Min Capacity: 8M
 Heap Initial Capacity: 60M
 Heap Max Capacity: 936M
 Pre-touch: Disabled
 Parallel Workers: 2
 Concurrent Workers: 1
 Concurrent Refinement Workers: 2
 Periodic GC: Disabled

Heap:
 garbage-first heap   total reserved 958464K, committed 61440K, used 6669K [0x00000000c5800000, 0x0000000100000000)
  region size 1024K, 6 young (6144K), 1 survivors (1024K)
 Metaspace       used 5776K, committed 5888K, reserved 1114112K
  class space    used 660K, committed 704K, reserved 1048576K

Heap Regions: E=young(eden), S=young(survivor), O=old, HS=humongous(starts), HC=humongous(continues), CS=collection set, F=free, TAMS=top-at-mark-start, PB=parsable bottom
|   0|0x00000000c5800000, 0x00000000c5900000, 0x00000000c5900000|100%| O|  |TAMS 0x00000000c5800000| PB 0x00000000c5800000| Untracked |  0
|   1|0x00000000c5900000, 0x00000000c5a00000, 0x00000000c5a00000|100%| O|  |TAMS 0x00000000c5900000| PB 0x00000000c5900000| Untracked |  0
|   2|0x00000000c5a00000, 0x00000000c5a83770, 0x00000000c5b00000| 51%| O|  |TAMS 0x00000000c5a00000| PB 0x00000000c5a00000| Untracked |  0
|   3|0x00000000c5b00000, 0x00000000c5b00000, 0x00000000c5c00000|  0%| F|  |TAMS 0x00000000c5b00000| PB 0x00000000c5b00000| Untracked |  0
|   4|0x00000000c5c00000, 0x00000000c5c00000, 0x00000000c5d00000|  0%| F|  |TAMS 0x00000000c5c00000| PB 0x00000000c5c00000| Untracked |  0
|   5|0x00000000c5d00000, 0x00000000c5d00000, 0x00000000c5e00000|  0%| F|  |TAMS 0x00000000c5d00000| PB 0x00000000c5d00000| Untracked |  0
|   6|0x00000000c5e00000, 0x00000000c5e00000, 0x00000000c5f00000|  0%| F|  |TAMS 0x00000000c5e00000| PB 0x00000000c5e00000| Untracked |  0
|   7|0x00000000c5f00000, 0x00000000c5f00000, 0x00000000c6000000|  0%| F|  |TAMS 0x00000000c5f00000| PB 0x00000000c5f00000| Untracked |  0
|   8|0x00000000c6000000, 0x00000000c6000000, 0x00000000c6100000|  0%| F|  |TAMS 0x00000000c6000000| PB 0x00000000c6000000| Untracked |  0
|   9|0x00000000c6100000, 0x00000000c6100000, 0x00000000c6200000|  0%| F|  |TAMS 0x00000000c6100000| PB 0x00000000c6100000| Untracked |  0
|  10|0x00000000c6200000, 0x00000000c6200000, 0x00000000c6300000|  0%| F|  |TAMS 0x00000000c6200000| PB 0x00000000c6200000| Untracked |  0
|  11|0x00000000c6300000, 0x00000000c6300000, 0x00000000c6400000|  0%| F|  |TAMS 0x00000000c6300000| PB 0x00000000c6300000| Untracked |  0
|  12|0x00000000c6400000, 0x00000000c6400000, 0x00000000c6500000|  0%| F|  |TAMS 0x00000000c6400000| PB 0x00000000c6400000| Untracked |  0
|  13|0x00000000c6500000, 0x00000000c6500000, 0x00000000c6600000|  0%| F|  |TAMS 0x00000000c6500000| PB 0x00000000c6500000| Untracked |  0
|  14|0x00000000c6600000, 0x00000000c6600000, 0x00000000c6700000|  0%| F|  |TAMS 0x00000000c6600000| PB 0x00000000c6600000| Untracked |  0
|  15|0x00000000c6700000, 0x00000000c6700000, 0x00000000c6800000|  0%| F|  |TAMS 0x00000000c6700000| PB 0x00000000c6700000| Untracked |  0
|  16|0x00000000c6800000, 0x00000000c6800000, 0x00000000c6900000|  0%| F|  |TAMS 0x00000000c6800000| PB 0x00000000c6800000| Untracked |  0
|  17|0x00000000c6900000, 0x00000000c6900000, 0x00000000c6a00000|  0%| F|  |TAMS 0x00000000c6900000| PB 0x00000000c6900000| Untracked |  0
|  18|0x00000000c6a00000, 0x00000000c6a00000, 0x00000000c6b00000|  0%| F|  |TAMS 0x00000000c6a00000| PB 0x00000000c6a00000| Untracked |  0
|  19|0x00000000c6b00000, 0x00000000c6b00000, 0x00000000c6c00000|  0%| F|  |TAMS 0x00000000c6b00000| PB 0x00000000c6b00000| Untracked |  0
|  20|0x00000000c6c00000, 0x00000000c6c00000, 0x00000000c6d00000|  0%| F|  |TAMS 0x00000000c6c00000| PB 0x00000000c6c00000| Untracked |  0
|  21|0x00000000c6d00000, 0x00000000c6d00000, 0x00000000c6e00000|  0%| F|  |TAMS 0x00000000c6d00000| PB 0x00000000c6d00000| Untracked |  0
|  22|0x00000000c6e00000, 0x00000000c6e00000, 0x00000000c6f00000|  0%| F|  |TAMS 0x00000000c6e00000| PB 0x00000000c6e00000| Untracked |  0
|  23|0x00000000c6f00000, 0x00000000c6f00000, 0x00000000c7000000|  0%| F|  |TAMS 0x00000000c6f00000| PB 0x00000000c6f00000| Untracked |  0
|  24|0x00000000c7000000, 0x00000000c7000000, 0x00000000c7100000|  0%| F|  |TAMS 0x00000000c7000000| PB 0x00000000c7000000| Untracked |  0
|  25|0x00000000c7100000, 0x00000000c7100000, 0x00000000c7200000|  0%| F|  |TAMS 0x00000000c7100000| PB 0x00000000c7100000| Untracked |  0
|  26|0x00000000c7200000, 0x00000000c7200000, 0x00000000c7300000|  0%| F|  |TAMS 0x00000000c7200000| PB 0x00000000c7200000| Untracked |  0
|  27|0x00000000c7300000, 0x00000000c7300000, 0x00000000c7400000|  0%| F|  |TAMS 0x00000000c7300000| PB 0x00000000c7300000| Untracked |  0
|  28|0x00000000c7400000, 0x00000000c7400000, 0x00000000c7500000|  0%| F|  |TAMS 0x00000000c7400000| PB 0x00000000c7400000| Untracked |  0
|  29|0x00000000c7500000, 0x00000000c7500000, 0x00000000c7600000|  0%| F|  |TAMS 0x00000000c7500000| PB 0x00000000c7500000| Untracked |  0
|  30|0x00000000c7600000, 0x00000000c7600000, 0x00000000c7700000|  0%| F|  |TAMS 0x00000000c7600000| PB 0x00000000c7600000| Untracked |  0
|  31|0x00000000c7700000, 0x00000000c7700000, 0x00000000c7800000|  0%| F|  |TAMS 0x00000000c7700000| PB 0x00000000c7700000| Untracked |  0
|  32|0x00000000c7800000, 0x00000000c7800000, 0x00000000c7900000|  0%| F|  |TAMS 0x00000000c7800000| PB 0x00000000c7800000| Untracked |  0
|  33|0x00000000c7900000, 0x00000000c7900000, 0x00000000c7a00000|  0%| F|  |TAMS 0x00000000c7900000| PB 0x00000000c7900000| Untracked |  0
|  34|0x00000000c7a00000, 0x00000000c7a00000, 0x00000000c7b00000|  0%| F|  |TAMS 0x00000000c7a00000| PB 0x00000000c7a00000| Untracked |  0
|  35|0x00000000c7b00000, 0x00000000c7b00000, 0x00000000c7c00000|  0%| F|  |TAMS 0x00000000c7b00000| PB 0x00000000c7b00000| Untracked |  0
|  36|0x00000000c7c00000, 0x00000000c7c00000, 0x00000000c7d00000|  0%| F|  |TAMS 0x00000000c7c00000| PB 0x00000000c7c00000| Untracked |  0
|  37|0x00000000c7d00000, 0x00000000c7d00000, 0x00000000c7e00000|  0%| F|  |TAMS 0x00000000c7d00000| PB 0x00000000c7d00000| Untracked |  0
|  38|0x00000000c7e00000, 0x00000000c7e00000, 0x00000000c7f00000|  0%| F|  |TAMS 0x00000000c7e00000| PB 0x00000000c7e00000| Untracked |  0
|  39|0x00000000c7f00000, 0x00000000c7f00000, 0x00000000c8000000|  0%| F|  |TAMS 0x00000000c7f00000| PB 0x00000000c7f00000| Untracked |  0
|  40|0x00000000c8000000, 0x00000000c8000000, 0x00000000c8100000|  0%| F|  |TAMS 0x00000000c8000000| PB 0x00000000c8000000| Untracked |  0
|  41|0x00000000c8100000, 0x00000000c8100000, 0x00000000c8200000|  0%| F|  |TAMS 0x00000000c8100000| PB 0x00000000c8100000| Untracked |  0
|  42|0x00000000c8200000, 0x00000000c8200000, 0x00000000c8300000|  0%| F|  |TAMS 0x00000000c8200000| PB 0x00000000c8200000| Untracked |  0
|  43|0x00000000c8300000, 0x00000000c8300000, 0x00000000c8400000|  0%| F|  |TAMS 0x00000000c8300000| PB 0x00000000c8300000| Untracked |  0
|  44|0x00000000c8400000, 0x00000000c8400000, 0x00000000c8500000|  0%| F|  |TAMS 0x00000000c8400000| PB 0x00000000c8400000| Untracked |  0
|  45|0x00000000c8500000, 0x00000000c8500000, 0x00000000c8600000|  0%| F|  |TAMS 0x00000000c8500000| PB 0x00000000c8500000| Untracked |  0
|  46|0x00000000c8600000, 0x00000000c8600000, 0x00000000c8700000|  0%| F|  |TAMS 0x00000000c8600000| PB 0x00000000c8600000| Untracked |  0
|  47|0x00000000c8700000, 0x00000000c8700000, 0x00000000c8800000|  0%| F|  |TAMS 0x00000000c8700000| PB 0x00000000c8700000| Untracked |  0
|  48|0x00000000c8800000, 0x00000000c8800000, 0x00000000c8900000|  0%| F|  |TAMS 0x00000000c8800000| PB 0x00000000c8800000| Untracked |  0
|  49|0x00000000c8900000, 0x00000000c8900000, 0x00000000c8a00000|  0%| F|  |TAMS 0x00000000c8900000| PB 0x00000000c8900000| Untracked |  0
|  50|0x00000000c8a00000, 0x00000000c8a00000, 0x00000000c8b00000|  0%| F|  |TAMS 0x00000000c8a00000| PB 0x00000000c8a00000| Untracked |  0
|  51|0x00000000c8b00000, 0x00000000c8b00000, 0x00000000c8c00000|  0%| F|  |TAMS 0x00000000c8b00000| PB 0x00000000c8b00000| Untracked |  0
|  52|0x00000000c8c00000, 0x00000000c8c00000, 0x00000000c8d00000|  0%| F|  |TAMS 0x00000000c8c00000| PB 0x00000000c8c00000| Untracked |  0
|  53|0x00000000c8d00000, 0x00000000c8e00000, 0x00000000c8e00000|100%| S|CS|TAMS 0x00000000c8d00000| PB 0x00000000c8d00000| Complete |  0
|  54|0x00000000c8e00000, 0x00000000c8e00000, 0x00000000c8f00000|  0%| F|  |TAMS 0x00000000c8e00000| PB 0x00000000c8e00000| Untracked |  0
|  55|0x00000000c8f00000, 0x00000000c8f9f6e0, 0x00000000c9000000| 62%| E|  |TAMS 0x00000000c8f00000| PB 0x00000000c8f00000| Complete |  0
|  56|0x00000000c9000000, 0x00000000c9100000, 0x00000000c9100000|100%| E|CS|TAMS 0x00000000c9000000| PB 0x00000000c9000000| Complete |  0
|  57|0x00000000c9100000, 0x00000000c9200000, 0x00000000c9200000|100%| E|CS|TAMS 0x00000000c9100000| PB 0x00000000c9100000| Complete |  0
|  58|0x00000000c9200000, 0x00000000c9300000, 0x00000000c9300000|100%| E|CS|TAMS 0x00000000c9200000| PB 0x00000000c9200000| Complete |  0
|  59|0x00000000c9300000, 0x00000000c9400000, 0x00000000c9400000|100%| E|  |TAMS 0x00000000c9300000| PB 0x00000000c9300000| Complete |  0

Card table byte_map: [0x00000149ed510000,0x00000149ed6f0000] _byte_map_base: 0x00000149ecee4000

Marking Bits: (CMBitMap*) 0x00000149ed782c50
 Bits: [0x00000149f5a90000, 0x00000149f6930000)

Polling page: 0x00000149eb650000

Metaspace:

Usage:
  Non-class:      5.00 MB used.
      Class:    660.86 KB used.
       Both:      5.64 MB used.

Virtual space:
  Non-class space:       64.00 MB reserved,       5.06 MB (  8%) committed,  1 nodes.
      Class space:        1.00 GB reserved,     704.00 KB ( <1%) committed,  1 nodes.
             Both:        1.06 GB reserved,       5.75 MB ( <1%) committed. 

Chunk freelists:
   Non-Class:  9.38 MB
       Class:  15.33 MB
        Both:  24.70 MB

MaxMetaspaceSize: unlimited
CompressedClassSpaceSize: 1.00 GB
Initial GC threshold: 21.00 MB
Current GC threshold: 21.00 MB
CDS: on
 - commit_granule_bytes: 65536.
 - commit_granule_words: 8192.
 - virtual_space_node_default_size: 8388608.
 - enlarge_chunks_in_place: 1.
 - use_allocation_guard: 0.


Internal statistics:

num_allocs_failed_limit: 0.
num_arena_births: 62.
num_arena_deaths: 0.
num_vsnodes_births: 2.
num_vsnodes_deaths: 0.
num_space_committed: 92.
num_space_uncommitted: 0.
num_chunks_returned_to_freelist: 0.
num_chunks_taken_from_freelist: 206.
num_chunk_merges: 0.
num_chunk_splits: 141.
num_chunks_enlarged: 110.
num_inconsistent_stats: 0.

CodeHeap 'non-profiled nmethods': size=120064Kb used=319Kb max_used=319Kb free=119744Kb
 bounds [0x0000014987ac0000, 0x0000014987d30000, 0x000001498f000000]
CodeHeap 'profiled nmethods': size=120000Kb used=2008Kb max_used=2008Kb free=117992Kb
 bounds [0x0000014980000000, 0x0000014980270000, 0x0000014987530000]
CodeHeap 'non-nmethods': size=5696Kb used=1391Kb max_used=1405Kb free=4304Kb
 bounds [0x0000014987530000, 0x00000149877a0000, 0x0000014987ac0000]
 total_blobs=1570 nmethods=1089 adapters=387
 compilation: enabled
              stopped_count=0, restarted_count=0
 full_count=0

Compilation events (20 events):
Event: 178.822 Thread 0x00000149d01a0700 nmethod 1074 0x00000149801f1090 code [0x00000149801f1220, 0x00000149801f13d8]
Event: 178.822 Thread 0x00000149d01a0700 1075       3       jdk.internal.org.objectweb.asm.Frame::getLocal (46 bytes)
Event: 178.822 Thread 0x00000149d01a0700 nmethod 1075 0x00000149801f1490 code [0x00000149801f1640, 0x00000149801f1848]
Event: 178.829 Thread 0x00000149d01a0700 1078       3       jdk.internal.org.objectweb.asm.MethodWriter::visitInsn (115 bytes)
Event: 178.829 Thread 0x00000149d01a0700 nmethod 1078 0x00000149801f1910 code [0x00000149801f1b00, 0x00000149801f1ef0]
Event: 178.830 Thread 0x00000149d01a0700 1079       3       jdk.internal.org.objectweb.asm.Frame::push (59 bytes)
Event: 178.830 Thread 0x00000149d01a0700 nmethod 1079 0x00000149801f2090 code [0x00000149801f22c0, 0x00000149801f2a50]
Event: 178.830 Thread 0x00000149d01a0700 1077       3       java.util.LinkedHashMap$LinkedHashIterator::hasNext (13 bytes)
Event: 178.831 Thread 0x00000149d01a0700 nmethod 1077 0x00000149801f2d90 code [0x00000149801f2f20, 0x00000149801f3080]
Event: 178.831 Thread 0x00000149d01a0700 1080       3       jdk.internal.org.objectweb.asm.Label::getCanonicalInstance (19 bytes)
Event: 178.831 Thread 0x00000149d01a0700 nmethod 1080 0x00000149801f3110 code [0x00000149801f32a0, 0x00000149801f3400]
Event: 178.831 Thread 0x00000149d0132ad0 1076       4       jdk.internal.misc.Unsafe::allocateUninitializedArray (55 bytes)
Event: 178.833 Thread 0x00000149d0132ad0 nmethod 1076 0x0000014987b0d590 code [0x0000014987b0d720, 0x0000014987b0d8d8]
Event: 178.883 Thread 0x00000149d0132ad0 1082       4       java.util.concurrent.ConcurrentHashMap::get (162 bytes)
Event: 178.900 Thread 0x00000149d0132ad0 nmethod 1082 0x0000014987b0dd10 code [0x0000014987b0dec0, 0x0000014987b0e1f0]
Event: 181.646 Thread 0x00000149d0132ad0 1083       4       java.util.jar.Manifest$FastInputStream::readLine (296 bytes)
Event: 181.670 Thread 0x00000149d0132ad0 nmethod 1083 0x0000014987b0e490 code [0x0000014987b0e660, 0x0000014987b0ee20]
Event: 184.808 Thread 0x00000149d01a0700 1084       3       sun.invoke.util.Wrapper::forPrimitiveType (122 bytes)
Event: 184.809 Thread 0x00000149d01a0700 nmethod 1084 0x00000149801f3490 code [0x00000149801f3760, 0x00000149801f4240]
Event: 189.534 Thread 0x00000149d0132ad0 1086 % !   4       java.util.concurrent.ConcurrentHashMap::transfer @ 96 (849 bytes)

GC Heap History (4 events):
Event: 59.222 GC heap before
{Heap before GC invocations=0 (full 0):
 garbage-first heap   total reserved 958464K, committed 61440K, used 6144K [0x00000000c5800000, 0x0000000100000000)
  region size 1024K, 7 young (7168K), 0 survivors (0K)
 Metaspace       used 2594K, committed 2752K, reserved 1114112K
  class space    used 244K, committed 320K, reserved 1048576K
}
Event: 61.498 GC heap after
{Heap after GC invocations=1 (full 0):
 garbage-first heap   total reserved 958464K, committed 61440K, used 2319K [0x00000000c5800000, 0x0000000100000000)
  region size 1024K, 1 young (1024K), 1 survivors (1024K)
 Metaspace       used 2594K, committed 2752K, reserved 1114112K
  class space    used 244K, committed 320K, reserved 1048576K
}
Event: 104.733 GC heap before
{Heap before GC invocations=1 (full 0):
 garbage-first heap   total reserved 958464K, committed 61440K, used 7439K [0x00000000c5800000, 0x0000000100000000)
  region size 1024K, 7 young (7168K), 1 survivors (1024K)
 Metaspace       used 4211K, committed 4416K, reserved 1114112K
  class space    used 425K, committed 512K, reserved 1048576K
}
Event: 104.782 GC heap after
{Heap after GC invocations=2 (full 0):
 garbage-first heap   total reserved 958464K, committed 61440K, used 3597K [0x00000000c5800000, 0x0000000100000000)
  region size 1024K, 1 young (1024K), 1 survivors (1024K)
 Metaspace       used 4211K, committed 4416K, reserved 1114112K
  class space    used 425K, committed 512K, reserved 1048576K
}

Dll operation events (12 events):
Event: 0.768 Loaded shared library C:\Users\LENOVO\.jdks\openjdk-22.0.1\bin\java.dll
Event: 1.962 Loaded shared library C:\Users\LENOVO\.jdks\openjdk-22.0.1\bin\jsvml.dll
Event: 2.698 Loaded shared library C:\Users\LENOVO\.jdks\openjdk-22.0.1\bin\zip.dll
Event: 2.706 Loaded shared library C:\Users\LENOVO\.jdks\openjdk-22.0.1\bin\instrument.dll
Event: 2.832 Loaded shared library C:\Users\LENOVO\.jdks\openjdk-22.0.1\bin\net.dll
Event: 2.837 Loaded shared library C:\Users\LENOVO\.jdks\openjdk-22.0.1\bin\nio.dll
Event: 2.845 Loaded shared library C:\Users\LENOVO\.jdks\openjdk-22.0.1\bin\zip.dll
Event: 3.196 Loaded shared library C:\Program Files\JetBrains\IntelliJ IDEA 2024.1.2\bin\breakgen64.dll
Event: 6.042 Loaded shared library C:\Users\LENOVO\.jdks\openjdk-22.0.1\bin\extnet.dll
Event: 9.828 Loaded shared library C:\Users\LENOVO\.jdks\openjdk-22.0.1\bin\jimage.dll
Event: 26.724 Loaded shared library C:\Users\LENOVO\AppData\Local\Temp\jansi-2.4.0-6b6b15ee0fc75b27-jansi.dll
Event: 36.250 Loaded shared library C:\Users\LENOVO\.jdks\openjdk-22.0.1\bin\verify.dll

Deoptimization events (20 events):
Event: 176.895 Thread 0x00000149eb6a3710 Uncommon trap: trap_request=0xffffffde fr.pc=0x0000014987b0cdb0 relative=0x0000000000000110
Event: 176.895 Thread 0x00000149eb6a3710 Uncommon trap: reason=class_check action=maybe_recompile pc=0x0000014987b0cdb0 method=jdk.internal.misc.Unsafe.allocateUninitializedArray(Ljava/lang/Class;I)Ljava/lang/Object; @ 51 c2
Event: 176.895 Thread 0x00000149eb6a3710 DEOPT PACKING pc=0x0000014987b0cdb0 sp=0x000000077b3fc650
Event: 176.895 Thread 0x00000149eb6a3710 DEOPT UNPACKING pc=0x000001498758469c sp=0x000000077b3fc5c8 mode 2
Event: 178.819 Thread 0x00000149eb6a3710 Uncommon trap: trap_request=0xffffffc6 fr.pc=0x0000014987affd08 relative=0x00000000000003a8
Event: 178.819 Thread 0x00000149eb6a3710 Uncommon trap: reason=bimorphic_or_optimized_type_check action=maybe_recompile pc=0x0000014987affd08 method=java.util.concurrent.ConcurrentHashMap.get(Ljava/lang/Object;)Ljava/lang/Object; @ 149 c2
Event: 178.819 Thread 0x00000149eb6a3710 DEOPT PACKING pc=0x0000014987affd08 sp=0x000000077b3fcd30
Event: 178.819 Thread 0x00000149eb6a3710 DEOPT UNPACKING pc=0x000001498758469c sp=0x000000077b3fccb0 mode 2
Event: 178.819 Thread 0x00000149eb6a3710 Uncommon trap: trap_request=0xffffffc6 fr.pc=0x0000014987affd08 relative=0x00000000000003a8
Event: 178.819 Thread 0x00000149eb6a3710 Uncommon trap: reason=bimorphic_or_optimized_type_check action=maybe_recompile pc=0x0000014987affd08 method=java.util.concurrent.ConcurrentHashMap.get(Ljava/lang/Object;)Ljava/lang/Object; @ 149 c2
Event: 178.819 Thread 0x00000149eb6a3710 DEOPT PACKING pc=0x0000014987affd08 sp=0x000000077b3fcd30
Event: 178.819 Thread 0x00000149eb6a3710 DEOPT UNPACKING pc=0x000001498758469c sp=0x000000077b3fccb0 mode 2
Event: 178.819 Thread 0x00000149eb6a3710 Uncommon trap: trap_request=0xffffffc6 fr.pc=0x0000014987affd08 relative=0x00000000000003a8
Event: 178.819 Thread 0x00000149eb6a3710 Uncommon trap: reason=bimorphic_or_optimized_type_check action=maybe_recompile pc=0x0000014987affd08 method=java.util.concurrent.ConcurrentHashMap.get(Ljava/lang/Object;)Ljava/lang/Object; @ 149 c2
Event: 178.819 Thread 0x00000149eb6a3710 DEOPT PACKING pc=0x0000014987affd08 sp=0x000000077b3fcd30
Event: 178.819 Thread 0x00000149eb6a3710 DEOPT UNPACKING pc=0x000001498758469c sp=0x000000077b3fccb0 mode 2
Event: 178.819 Thread 0x00000149eb6a3710 Uncommon trap: trap_request=0xffffffc6 fr.pc=0x0000014987affd08 relative=0x00000000000003a8
Event: 178.819 Thread 0x00000149eb6a3710 Uncommon trap: reason=bimorphic_or_optimized_type_check action=maybe_recompile pc=0x0000014987affd08 method=java.util.concurrent.ConcurrentHashMap.get(Ljava/lang/Object;)Ljava/lang/Object; @ 149 c2
Event: 178.819 Thread 0x00000149eb6a3710 DEOPT PACKING pc=0x0000014987affd08 sp=0x000000077b3fd0b0
Event: 178.819 Thread 0x00000149eb6a3710 DEOPT UNPACKING pc=0x000001498758469c sp=0x000000077b3fd030 mode 2

Classes loaded (20 events):
Event: 176.849 Loading class java/lang/reflect/Proxy$ProxyBuilder$1
Event: 176.849 Loading class java/lang/reflect/Proxy$ProxyBuilder$1 done
Event: 176.867 Loading class java/lang/reflect/UndeclaredThrowableException
Event: 176.868 Loading class java/lang/reflect/UndeclaredThrowableException done
Event: 178.784 Loading class java/lang/annotation/Target
Event: 178.784 Loading class java/lang/annotation/Target done
Event: 178.784 Loading class java/lang/annotation/ElementType
Event: 178.784 Loading class java/lang/annotation/ElementType done
Event: 178.784 Loading class java/lang/annotation/Documented
Event: 178.785 Loading class java/lang/annotation/Documented done
Event: 181.710 Loading class java/util/concurrent/TimeoutException
Event: 181.713 Loading class java/util/concurrent/TimeoutException done
Event: 181.716 Loading class java/util/concurrent/CancellationException
Event: 181.717 Loading class java/util/concurrent/CancellationException done
Event: 184.785 Loading class sun/misc/Unsafe
Event: 184.787 Loading class sun/misc/Unsafe done
Event: 184.796 Loading class java/lang/invoke/DirectMethodHandle$StaticAccessor
Event: 184.796 Loading class java/lang/invoke/DirectMethodHandle$StaticAccessor done
Event: 184.834 Loading class java/lang/reflect/ParameterizedType
Event: 184.835 Loading class java/lang/reflect/ParameterizedType done

Classes unloaded (0 events):
No events

Classes redefined (0 events):
No events

Internal exceptions (18 events):
Event: 2.863 Thread 0x00000149eb6a3710 Exception <a 'java/lang/NoSuchMethodError'{0x00000000c92cf650}: 'void java.lang.invoke.DirectMethodHandle$Holder.invokeStatic(java.lang.Object, java.lang.Object, java.lang.Object)'> (0x00000000c92cf650) 
thrown [s\open\src\hotspot\share\interpreter\linkResolver.cpp, line 774]
Event: 3.188 Thread 0x00000149eb6a3710 Exception <a 'java/lang/NoSuchMethodError'{0x00000000c92e7508}: 'java.lang.Object java.lang.invoke.Invokers$Holder.invokeExact_MT(java.lang.Object, java.lang.Object, java.lang.Object, java.lang.Object, java.lang.Object)'> (0x00000000c92e7508) 
thrown [s\open\src\hotspot\share\interpreter\linkResolver.cpp, line 774]
Event: 5.652 Thread 0x00000149eb6a3710 Exception <a 'java/lang/NoSuchMethodError'{0x00000000c9164b38}: 'int java.lang.invoke.DirectMethodHandle$Holder.invokeSpecial(java.lang.Object, java.lang.Object, java.lang.Object)'> (0x00000000c9164b38) 
thrown [s\open\src\hotspot\share\interpreter\linkResolver.cpp, line 774]
Event: 6.044 Thread 0x00000149d04f9cd0 Exception <a 'java/lang/NoSuchMethodError'{0x00000000c9177f80}: 'void java.lang.invoke.DirectMethodHandle$Holder.invokeStatic(java.lang.Object, java.lang.Object)'> (0x00000000c9177f80) 
thrown [s\open\src\hotspot\share\interpreter\linkResolver.cpp, line 774]
Event: 9.819 Thread 0x00000149eb6a3710 Exception <a 'java/lang/NullPointerException'{0x00000000c8fe6c08}> (0x00000000c8fe6c08) 
thrown [s\open\src\hotspot\share\interpreter\linkResolver.cpp, line 1374]
Event: 32.430 Thread 0x00000149eb6a3710 Exception <a 'sun/nio/fs/WindowsException'{0x00000000c8e603b0}> (0x00000000c8e603b0) 
thrown [s\open\src\hotspot\share\prims\jni.cpp, line 520]
Event: 32.441 Thread 0x00000149eb6a3710 Exception <a 'sun/nio/fs/WindowsException'{0x00000000c8e60ab8}> (0x00000000c8e60ab8) 
thrown [s\open\src\hotspot\share\prims\jni.cpp, line 520]
Event: 32.442 Thread 0x00000149eb6a3710 Exception <a 'sun/nio/fs/WindowsException'{0x00000000c8e61030}> (0x00000000c8e61030) 
thrown [s\open\src\hotspot\share\prims\jni.cpp, line 520]
Event: 32.443 Thread 0x00000149eb6a3710 Exception <a 'sun/nio/fs/WindowsException'{0x00000000c8e61588}> (0x00000000c8e61588) 
thrown [s\open\src\hotspot\share\prims\jni.cpp, line 520]
Event: 32.443 Thread 0x00000149eb6a3710 Exception <a 'sun/nio/fs/WindowsException'{0x00000000c8e61a90}> (0x00000000c8e61a90) 
thrown [s\open\src\hotspot\share\prims\jni.cpp, line 520]
Event: 32.444 Thread 0x00000149eb6a3710 Exception <a 'sun/nio/fs/WindowsException'{0x00000000c8e61f50}> (0x00000000c8e61f50) 
thrown [s\open\src\hotspot\share\prims\jni.cpp, line 520]
Event: 63.665 Thread 0x00000149eb6a3710 Exception <a 'java/lang/NoSuchMethodError'{0x00000000c939e800}: 'java.lang.Object java.lang.invoke.DirectMethodHandle$Holder.invokeSpecialIFC(java.lang.Object, java.lang.Object, java.lang.Object, java.lang.Object)'> (0x00000000c939e800) 
thrown [s\open\src\hotspot\share\interpreter\linkResolver.cpp, line 774]
Event: 107.426 Thread 0x00000149eb6a3710 Exception <a 'java/lang/NoSuchMethodError'{0x00000000c933d878}: 'void java.lang.invoke.DirectMethodHandle$Holder.invokeSpecial(java.lang.Object, java.lang.Object, java.lang.Object)'> (0x00000000c933d878) 
thrown [s\open\src\hotspot\share\interpreter\linkResolver.cpp, line 774]
Event: 119.308 Thread 0x00000149eb6a3710 Exception <a 'java/lang/NoSuchMethodError'{0x00000000c9284468}: 'java.lang.Object java.lang.invoke.DirectMethodHandle$Holder.invokeInterface(java.lang.Object, java.lang.Object)'> (0x00000000c9284468) 
thrown [s\open\src\hotspot\share\interpreter\linkResolver.cpp, line 774]
Event: 127.027 Thread 0x00000149eb6a3710 Exception <a 'java/lang/NoSuchMethodError'{0x00000000c911b300}: 'int java.lang.invoke.DirectMethodHandle$Holder.invokeStatic(java.lang.Object, java.lang.Object, java.lang.Object, java.lang.Object)'> (0x00000000c911b300) 
thrown [s\open\src\hotspot\share\interpreter\linkResolver.cpp, line 774]
Event: 127.028 Thread 0x00000149eb6a3710 Exception <a 'java/lang/NoSuchMethodError'{0x00000000c911ec58}: 'java.lang.Object java.lang.invoke.Invokers$Holder.invokeExact_MT(java.lang.Object, java.lang.Object, java.lang.Object, java.lang.Object, java.lang.Object, java.lang.Object)'> (0x00000000c911ec58) 
thrown [s\open\src\hotspot\share\interpreter\linkResolver.cpp, line 774]
Event: 127.035 Thread 0x00000149eb6a3710 Exception <a 'java/lang/NoSuchMethodError'{0x00000000c912d8e0}: 'int java.lang.invoke.DirectMethodHandle$Holder.invokeSpecialIFC(java.lang.Object, java.lang.Object, java.lang.Object, java.lang.Object, java.lang.Object)'> (0x00000000c912d8e0) 
thrown [s\open\src\hotspot\share\interpreter\linkResolver.cpp, line 774]
Event: 178.799 Thread 0x00000149eb6a3710 Exception <a 'java/lang/NoSuchMethodError'{0x00000000c90af610}: 'java.lang.Object java.lang.invoke.DirectMethodHandle$Holder.newInvokeSpecial(java.lang.Object, java.lang.Object, java.lang.Object, java.lang.Object, java.lang.Object)'> (0x00000000c90af610) 
thrown [s\open\src\hotspot\share\interpreter\linkResolver.cpp, line 774]

ZGC Phase Switch (0 events):
No events

VM Operations (20 events):
Event: 105.785 Executing VM operation: Cleanup
Event: 105.785 Executing VM operation: Cleanup done
Event: 107.791 Executing VM operation: Cleanup
Event: 107.791 Executing VM operation: Cleanup done
Event: 109.800 Executing VM operation: Cleanup
Event: 109.800 Executing VM operation: Cleanup done
Event: 114.338 Executing VM operation: Cleanup
Event: 114.338 Executing VM operation: Cleanup done
Event: 121.730 Executing VM operation: HandshakeAllThreads (HandshakeForDeflation)
Event: 121.731 Executing VM operation: HandshakeAllThreads (HandshakeForDeflation) done
Event: 121.731 Executing VM operation: RendezvousGCThreads
Event: 121.731 Executing VM operation: RendezvousGCThreads done
Event: 175.245 Executing VM operation: Cleanup
Event: 176.821 Executing VM operation: Cleanup done
Event: 178.837 Executing VM operation: Cleanup
Event: 178.859 Executing VM operation: Cleanup done
Event: 179.859 Executing VM operation: Cleanup
Event: 179.860 Executing VM operation: Cleanup done
Event: 184.912 Executing VM operation: Cleanup
Event: 189.503 Executing VM operation: Cleanup done

Events (12 events):
Event: 1.452 Thread 0x00000149eb6a3710 Thread added: 0x00000149eb6a3710
Event: 1.795 Thread 0x00000149d012a4e0 Thread added: 0x00000149d012a4e0
Event: 1.796 Thread 0x00000149d012d200 Thread added: 0x00000149d012d200
Event: 1.796 Thread 0x00000149d012de10 Thread added: 0x00000149d012de10
Event: 1.796 Thread 0x00000149d012e870 Thread added: 0x00000149d012e870
Event: 1.796 Thread 0x00000149d012f2d0 Thread added: 0x00000149d012f2d0
Event: 1.797 Thread 0x00000149d012fd30 Thread added: 0x00000149d012fd30
Event: 1.797 Thread 0x00000149d0132ad0 Thread added: 0x00000149d0132ad0
Event: 1.977 Thread 0x00000149d01a0700 Thread added: 0x00000149d01a0700
Event: 2.472 Thread 0x00000149ed7eb5b0 Thread added: 0x00000149ed7eb5b0
Event: 3.197 Thread 0x00000149d04f9cd0 Thread added: 0x00000149d04f9cd0
Event: 3.197 Thread 0x00000149d04fa340 Thread added: 0x00000149d04fa340


Dynamic libraries:
0x00007ff689cf0000 - 0x00007ff689cfe000 	C:\Users\LENOVO\.jdks\openjdk-22.0.1\bin\java.exe
0x00007ff84c330000 - 0x00007ff84c547000 	C:\WINDOWS\SYSTEM32\ntdll.dll
0x00007ff84a4d0000 - 0x00007ff84a594000 	C:\WINDOWS\System32\KERNEL32.DLL
0x00007ff849ba0000 - 0x00007ff849f4c000 	C:\WINDOWS\System32\KERNELBASE.dll
0x00007ff8498f0000 - 0x00007ff849a01000 	C:\WINDOWS\System32\ucrtbase.dll
0x00007ff837380000 - 0x00007ff837397000 	C:\Users\LENOVO\.jdks\openjdk-22.0.1\bin\jli.dll
0x00007ff84be90000 - 0x00007ff84c03e000 	C:\WINDOWS\System32\USER32.dll
0x00007ff849750000 - 0x00007ff849776000 	C:\WINDOWS\System32\win32u.dll
0x00007ff84c260000 - 0x00007ff84c289000 	C:\WINDOWS\System32\GDI32.dll
0x00007ff849f50000 - 0x00007ff84a069000 	C:\WINDOWS\System32\gdi32full.dll
0x00007ff849a80000 - 0x00007ff849b1a000 	C:\WINDOWS\System32\msvcp_win.dll
0x00007ff834aa0000 - 0x00007ff834abb000 	C:\Users\LENOVO\.jdks\openjdk-22.0.1\bin\VCRUNTIME140.dll
0x00007ff836920000 - 0x00007ff836bb3000 	C:\WINDOWS\WinSxS\amd64_microsoft.windows.common-controls_6595b64144ccf1df_6.0.22621.3672_none_2713b9d173822955\COMCTL32.dll
0x00007ff84a5b0000 - 0x00007ff84a657000 	C:\WINDOWS\System32\msvcrt.dll
0x00007ff84b950000 - 0x00007ff84b981000 	C:\WINDOWS\System32\IMM32.DLL
0x00007ff843710000 - 0x00007ff84371c000 	C:\Users\LENOVO\.jdks\openjdk-22.0.1\bin\vcruntime140_1.dll
0x00007ff818b50000 - 0x00007ff818bde000 	C:\Users\LENOVO\.jdks\openjdk-22.0.1\bin\msvcp140.dll
0x00007fffea8b0000 - 0x00007fffeb5f7000 	C:\Users\LENOVO\.jdks\openjdk-22.0.1\bin\server\jvm.dll
0x00007ff84a6d0000 - 0x00007ff84a782000 	C:\WINDOWS\System32\ADVAPI32.dll
0x00007ff84b660000 - 0x00007ff84b70a000 	C:\WINDOWS\System32\sechost.dll
0x00007ff849720000 - 0x00007ff849748000 	C:\WINDOWS\System32\bcrypt.dll
0x00007ff84b810000 - 0x00007ff84b925000 	C:\WINDOWS\System32\RPCRT4.dll
0x00007ff84b790000 - 0x00007ff84b801000 	C:\WINDOWS\System32\WS2_32.dll
0x00007ff849520000 - 0x00007ff84956d000 	C:\WINDOWS\SYSTEM32\POWRPROF.dll
0x00007ff841ac0000 - 0x00007ff841af4000 	C:\WINDOWS\SYSTEM32\WINMM.dll
0x00007ff839a80000 - 0x00007ff839a8a000 	C:\WINDOWS\SYSTEM32\VERSION.dll
0x00007ff849500000 - 0x00007ff849513000 	C:\WINDOWS\SYSTEM32\UMPDC.dll
0x00007ff848690000 - 0x00007ff8486a8000 	C:\WINDOWS\SYSTEM32\kernel.appcore.dll
0x00007ff843060000 - 0x00007ff84306a000 	C:\Users\LENOVO\.jdks\openjdk-22.0.1\bin\jimage.dll
0x00007ff846f90000 - 0x00007ff8471c2000 	C:\WINDOWS\SYSTEM32\DBGHELP.DLL
0x00007ff84a090000 - 0x00007ff84a418000 	C:\WINDOWS\System32\combase.dll
0x00007ff84b9a0000 - 0x00007ff84ba77000 	C:\WINDOWS\System32\OLEAUT32.dll
0x00007ff81e420000 - 0x00007ff81e452000 	C:\WINDOWS\SYSTEM32\dbgcore.DLL
0x00007ff849b20000 - 0x00007ff849b9b000 	C:\WINDOWS\System32\bcryptPrimitives.dll
0x00007ff837370000 - 0x00007ff83737f000 	C:\Users\LENOVO\.jdks\openjdk-22.0.1\bin\instrument.dll
0x00007ff834a80000 - 0x00007ff834a9e000 	C:\Users\LENOVO\.jdks\openjdk-22.0.1\bin\java.dll
0x00007ff84a870000 - 0x00007ff84b0cc000 	C:\WINDOWS\System32\SHELL32.dll
0x00007ff84bbe0000 - 0x00007ff84bd85000 	C:\WINDOWS\System32\ole32.dll
0x00007ff8475b0000 - 0x00007ff847ea7000 	C:\WINDOWS\SYSTEM32\windows.storage.dll
0x00007ff847470000 - 0x00007ff8475af000 	C:\WINDOWS\SYSTEM32\wintypes.dll
0x00007ff84b0d0000 - 0x00007ff84b1c4000 	C:\WINDOWS\System32\SHCORE.dll
0x00007ff84c040000 - 0x00007ff84c09e000 	C:\WINDOWS\System32\shlwapi.dll
0x00007ff849590000 - 0x00007ff8495b1000 	C:\WINDOWS\SYSTEM32\profapi.dll
0x00007ff8159b0000 - 0x00007ff815a87000 	C:\Users\LENOVO\.jdks\openjdk-22.0.1\bin\jsvml.dll
0x00007ff832d00000 - 0x00007ff832d17000 	C:\Users\LENOVO\.jdks\openjdk-22.0.1\bin\zip.dll
0x00007ff837090000 - 0x00007ff8370a0000 	C:\Users\LENOVO\.jdks\openjdk-22.0.1\bin\net.dll
0x00007ff848b00000 - 0x00007ff848b69000 	C:\WINDOWS\system32\mswsock.dll
0x00007ff832ca0000 - 0x00007ff832cb6000 	C:\Users\LENOVO\.jdks\openjdk-22.0.1\bin\nio.dll
0x00007ff8321b0000 - 0x00007ff8321ca000 	C:\Program Files\JetBrains\IntelliJ IDEA 2024.1.2\bin\breakgen64.dll
0x00007ff8354a0000 - 0x00007ff8354a9000 	C:\Users\LENOVO\.jdks\openjdk-22.0.1\bin\extnet.dll
0x0000000069ac0000 - 0x0000000069ae4000 	C:\Users\LENOVO\AppData\Local\Temp\jansi-2.4.0-6b6b15ee0fc75b27-jansi.dll
0x00007ff834a70000 - 0x00007ff834a80000 	C:\Users\LENOVO\.jdks\openjdk-22.0.1\bin\verify.dll

dbghelp: loaded successfully - version: 4.0.5 - missing functions: none
symbol engine: initialized successfully - sym options: 0x614 - pdb path: .;C:\Users\LENOVO\.jdks\openjdk-22.0.1\bin;C:\WINDOWS\SYSTEM32;C:\WINDOWS\WinSxS\amd64_microsoft.windows.common-controls_6595b64144ccf1df_6.0.22621.3672_none_2713b9d173822955;C:\Users\LENOVO\.jdks\openjdk-22.0.1\bin\server;C:\Program Files\JetBrains\IntelliJ IDEA 2024.1.2\bin;C:\Users\LENOVO\AppData\Local\Temp

VM Arguments:
jvm_args: -Dmaven.multiModuleProjectDirectory=C:\Users\LENOVO\Desktop\PROJET PI\Projet_pidev_esprit -Djansi.passthrough=true -Dmaven.home=C:\Program Files\JetBrains\IntelliJ IDEA 2024.1.2\plugins\maven\lib\maven3 -Dclassworlds.conf=C:\Program Files\JetBrains\IntelliJ IDEA 2024.1.2\plugins\maven\lib\maven3\bin\m2.conf -Dmaven.ext.class.path=C:\Program Files\JetBrains\IntelliJ IDEA 2024.1.2\plugins\maven\lib\maven-event-listener.jar -javaagent:C:\Program Files\JetBrains\IntelliJ IDEA 2024.1.2\lib\idea_rt.jar=54252:C:\Program Files\JetBrains\IntelliJ IDEA 2024.1.2\bin -Dfile.encoding=UTF-8 -Dsun.stdout.encoding=UTF-8 -Dsun.stderr.encoding=UTF-8 
java_command: org.codehaus.classworlds.Launcher -Didea.version=2024.1.2 org.openjfx:javafx-maven-plugin:0.0.8:run
java_class_path (initial): C:\Program Files\JetBrains\IntelliJ IDEA 2024.1.2\plugins\maven\lib\maven3\boot\plexus-classworlds-2.7.0.jar;C:\Program Files\JetBrains\IntelliJ IDEA 2024.1.2\plugins\maven\lib\maven3\boot\plexus-classworlds.license
Launcher Type: SUN_STANDARD

[Global flags]
     intx CICompilerCount                          = 2                                         {product} {ergonomic}
     uint ConcGCThreads                            = 1                                         {product} {ergonomic}
     uint G1ConcRefinementThreads                  = 2                                         {product} {ergonomic}
   size_t G1HeapRegionSize                         = 1048576                                   {product} {ergonomic}
   size_t InitialHeapSize                          = 62914560                                  {product} {ergonomic}
   size_t MarkStackSize                            = 4194304                                   {product} {ergonomic}
   size_t MaxHeapSize                              = 981467136                                 {product} {ergonomic}
   size_t MaxNewSize                               = 588251136                                 {product} {ergonomic}
   size_t MinHeapDeltaBytes                        = 1048576                                   {product} {ergonomic}
   size_t MinHeapSize                              = 8388608                                   {product} {ergonomic}
    uintx NonNMethodCodeHeapSize                   = 5826188                                {pd product} {ergonomic}
    uintx NonProfiledCodeHeapSize                  = 122916026                              {pd product} {ergonomic}
    uintx ProfiledCodeHeapSize                     = 122916026                              {pd product} {ergonomic}
    uintx ReservedCodeCacheSize                    = 251658240                              {pd product} {ergonomic}
     bool SegmentedCodeCache                       = true                                      {product} {ergonomic}
   size_t SoftMaxHeapSize                          = 981467136                              {manageable} {ergonomic}
     bool UseCompressedOops                        = true                           {product lp64_product} {ergonomic}
     bool UseG1GC                                  = true                                      {product} {ergonomic}
     bool UseLargePagesIndividualAllocation        = false                                  {pd product} {ergonomic}

Logging:
Log output configuration:
 #0: stdout all=warning uptime,level,tags foldmultilines=false
 #1: stderr all=off uptime,level,tags foldmultilines=false

Environment Variables:
PATH=C:\WINDOWS\system32;C:\WINDOWS;C:\WINDOWS\System32\Wbem;C:\WINDOWS\System32\WindowsPowerShell\v1.0\;C:\WINDOWS\System32\OpenSSH\;C:\Program Files\Git\cmd;C:\Program Files (x86)\dotnet\;C:\xampp\php;C:\ProgramData\ComposerSetup\bin;C:\Users\LENOVO\scoop\shims;C:\Users\LENOVO\AppData\Local\Microsoft\WindowsApps;C:\Users\LENOVO\AppData\Local\Programs\Microsoft VS Code\bin;C:\Program Files\JetBrains\IntelliJ IDEA 2024.1.2\bin;;C:\Users\LENOVO\AppData\Roaming\Composer\vendor\bin
USERNAME=LENOVO
OS=Windows_NT
PROCESSOR_IDENTIFIER=Intel64 Family 6 Model 122 Stepping 8, GenuineIntel
TMP=C:\Users\LENOVO\AppData\Local\Temp
TEMP=C:\Users\LENOVO\AppData\Local\Temp




Periodic native trim disabled

---------------  S Y S T E M  ---------------

OS:
 Windows 11 , 64 bit Build 22621 (10.0.22621.3672)
OS uptime: 11 days 2:24 hours

CPU: total 2 (initial active 2) (2 cores per cpu, 1 threads per core) family 6 model 122 stepping 8 microcode 0x1a, cx8, cmov, fxsr, mmx, 3dnowpref, sse, sse2, sse3, ssse3, sse4.1, sse4.2, popcnt, tsc, tscinvbit, aes, erms, clmul, sha, clflush, clflushopt, rdtscp, rdpid
Processor Information for all 2 processors :
  Max Mhz: 1101, Current Mhz: 1101, Mhz Limit: 1101

Memory: 4k page, system-wide physical 3737M (88M free)
TotalPageFile size 15001M (AvailPageFile size 3M)
current process WorkingSet (physical memory assigned to process): 30M, peak: 41M
current process commit charge ("private bytes"): 137M, peak: 139M

vm_info: OpenJDK 64-Bit Server VM (22.0.1+8-16) for windows-amd64 JRE (22.0.1+8-16), built on 2024-03-12T10:33:16Z by "mach5one" with MS VC++ 17.6 (VS2022)

END.
