#
# There is insufficient memory for the Java Runtime Environment to continue.
# Native memory allocation (malloc) failed to allocate 87488 bytes. Error detail: Chunk::new
# Possible reasons:
#   The system is out of physical RAM or swap space
#   This process is running with CompressedOops enabled, and the Java Heap may be blocking the growth of the native heap
# Possible solutions:
#   Reduce memory load on the system
#   Increase physical memory or swap space
#   Check if swap backing store is full
#   Decrease Java heap size (-Xmx/-Xms)
#   Decrease number of Java threads
#   Decrease Java thread stack sizes (-Xss)
#   Set larger code cache with -XX:ReservedCodeCacheSize=
#   JVM is running with Unscaled Compressed Oops mode in which the Java heap is
#     placed in the first 4GB address space. The Java Heap base address is the
#     maximum limit for the native heap growth. Please use -XX:HeapBaseMinAddress
#     to set the Java Heap base and to place the Java Heap above 4GB virtual address.
# This output file may be truncated or incomplete.
#
#  Out of Memory Error (arena.cpp:150), pid=63532, tid=57080
#
# JRE version: OpenJDK Runtime Environment (22.0.1+8) (build 22.0.1+8-16)
# Java VM: OpenJDK 64-Bit Server VM (22.0.1+8-16, mixed mode, sharing, tiered, compressed oops, compressed class ptrs, g1 gc, windows-amd64)
# No core dump will be written. Minidumps are not enabled by default on client versions of Windows
#

---------------  S U M M A R Y ------------

Command Line: -Dmaven.multiModuleProjectDirectory=C:\Users\LENOVO\Desktop\PROJET PI\Projet_pidev_esprit -Djansi.passthrough=true -Dmaven.home=C:\Program Files\JetBrains\IntelliJ IDEA 2024.1.2\plugins\maven\lib\maven3 -Dclassworlds.conf=C:\Program Files\JetBrains\IntelliJ IDEA 2024.1.2\plugins\maven\lib\maven3\bin\m2.conf -Dmaven.ext.class.path=C:\Program Files\JetBrains\IntelliJ IDEA 2024.1.2\plugins\maven\lib\maven-event-listener.jar -javaagent:C:\Program Files\JetBrains\IntelliJ IDEA 2024.1.2\lib\idea_rt.jar=54263:C:\Program Files\JetBrains\IntelliJ IDEA 2024.1.2\bin -Dfile.encoding=UTF-8 -Dsun.stdout.encoding=UTF-8 -Dsun.stderr.encoding=UTF-8 org.codehaus.classworlds.Launcher -Didea.version=2024.1.2 org.openjfx:javafx-maven-plugin:0.0.8:run

Host: Intel(R) Celeron(R) N4020 CPU @ 1.10GHz, 2 cores, 3G,  Windows 11 , 64 bit Build 22621 (10.0.22621.3672)
Time: Sat Jul  6 01:09:24 2024 Paris, Madrid (heure duild 22621 (10.0.22621.3672) elapsed time: 182.125934 seconds (0d 0h 3m 2s)

---------------  T H R E A D  ---------------

Current thread (0x0000023da4bd2af0):  JavaThread "C2 CompilerThread0" daemon [_thread_in_native, id=57080, stack(0x000000d837700000,0x000000d837800000) (1024K)]


Current CompileTask:
C2:182126 1029       4       java.io.WinNTFileSystem::normalize (148 bytes)

Stack: [0x000000d837700000,0x000000d837800000]
Native frames: (J=compiled Java code, j=interpreted, Vv=VM code, C=native code)
V  [jvm.dll+0x6e2279]  (no source info available)
V  [jvm.dll+0x874e33]  (no source info available)
V  [jvm.dll+0x87725e]  (no source info available)
V  [jvm.dll+0x877933]  (no source info available)
V  [jvm.dll+0x27fd76]  (no source info available)
V  [jvm.dll+0xc3d0f]  (no source info available)
V  [jvm.dll+0xc3f6b]  (no source info available)
V  [jvm.dll+0x3bb10c]  (no source info available)
V  [jvm.dll+0x387b6b]  (no source info available)
V  [jvm.dll+0x386fda]  (no source info available)
V  [jvm.dll+0x247918]  (no source info available)
V  [jvm.dll+0x246fbf]  (no source info available)
V  [jvm.dll+0x1c4e90]  (no source info available)
V  [jvm.dll+0x2569fe]  (no source info available)
V  [jvm.dll+0x254cba]  (no source info available)
V  [jvm.dll+0x3f5336]  (no source info available)
V  [jvm.dll+0x81d44b]  (no source info available)
V  [jvm.dll+0x6e0915]  (no source info available)
C  [ucrtbase.dll+0x29333]  (no source info available)
C  [KERNEL32.DLL+0x1257d]  (no source info available)
C  [ntdll.dll+0x5af28]  (no source info available)


---------------  P R O C E S S  ---------------

Threads class SMR info:
_java_thread_list=0x0000023dea005d90, length=12, elements={
0x0000023d885c3710, 0x0000023da4bca500, 0x0000023da4bcd220, 0x0000023da4bcde30,
0x0000023da4bce890, 0x0000023da4bcf2f0, 0x0000023da4bcfd50, 0x0000023da4bd2af0,
0x0000023da4c40ff0, 0x0000023da4c7db60, 0x0000023dea12f960, 0x0000023dea12ffd0
}

Java Threads: ( => current thread )
  0x0000023d885c3710 JavaThread "main"                              [_thread_in_vm, id=40924, stack(0x000000d836800000,0x000000d836900000) (1024K)]
  0x0000023da4bca500 JavaThread "Reference Handler"          daemon [_thread_blocked, id=70808, stack(0x000000d837100000,0x000000d837200000) (1024K)]
  0x0000023da4bcd220 JavaThread "Finalizer"                  daemon [_thread_blocked, id=54992, stack(0x000000d837200000,0x000000d837300000) (1024K)]
  0x0000023da4bcde30 JavaThread "Signal Dispatcher"          daemon [_thread_blocked, id=65692, stack(0x000000d837300000,0x000000d837400000) (1024K)]
  0x0000023da4bce890 JavaThread "Attach Listener"            daemon [_thread_blocked, id=69856, stack(0x000000d837400000,0x000000d837500000) (1024K)]
  0x0000023da4bcf2f0 JavaThread "Service Thread"             daemon [_thread_blocked, id=66288, stack(0x000000d837500000,0x000000d837600000) (1024K)]
  0x0000023da4bcfd50 JavaThread "Monitor Deflation Thread"   daemon [_thread_blocked, id=70324, stack(0x000000d837600000,0x000000d837700000) (1024K)]
=>0x0000023da4bd2af0 JavaThread "C2 CompilerThread0"         daemon [_thread_in_native, id=57080, stack(0x000000d837700000,0x000000d837800000) (1024K)]
  0x0000023da4c40ff0 JavaThread "C1 CompilerThread0"         daemon [_thread_in_native, id=71292, stack(0x000000d837800000,0x000000d837900000) (1024K)]
  0x0000023da4c7db60 JavaThread "Common-Cleaner"             daemon [_thread_blocked, id=71768, stack(0x000000d837900000,0x000000d837a00000) (1024K)]
  0x0000023dea12f960 JavaThread "Monitor Ctrl-Break"         daemon [_thread_in_native, id=71884, stack(0x000000d837a00000,0x000000d837b00000) (1024K)]
  0x0000023dea12ffd0 JavaThread "Notification Thread"        daemon [_thread_blocked, id=71888, stack(0x000000d837b00000,0x000000d837c00000) (1024K)]
Total: 12

Other Threads:
  0x0000023d8a74b930 VMThread "VM Thread"                           [id=71476, stack(0x000000d837000000,0x000000d837100000) (1024K)]
  0x0000023d8a738ad0 WatcherThread "VM Periodic Task Thread"        [id=67608, stack(0x000000d836f00000,0x000000d837000000) (1024K)]
  0x0000023d8a6d2540 WorkerThread "GC Thread#0"                     [id=64404, stack(0x000000d836a00000,0x000000d836b00000) (1024K)]
  0x0000023da4c93640 WorkerThread "GC Thread#1"                     [id=72464, stack(0x000000d837c00000,0x000000d837d00000) (1024K)]
  0x0000023d8a6dba40 ConcurrentGCThread "G1 Main Marker"            [id=66160, stack(0x000000d836b00000,0x000000d836c00000) (1024K)]
  0x0000023d8a6dc550 WorkerThread "G1 Conc#0"                       [id=61088, stack(0x000000d836c00000,0x000000d836d00000) (1024K)]
  0x0000023d8a729250 ConcurrentGCThread "G1 Refine#0"               [id=67784, stack(0x000000d836d00000,0x000000d836e00000) (1024K)]
  0x0000023d8a729dd0 ConcurrentGCThread "G1 Service"                [id=69804, stack(0x000000d836e00000,0x000000d836f00000) (1024K)]
Total: 8

Threads with active compile tasks:
C2 CompilerThread0  182313 1029       4       java.io.WinNTFileSystem::normalize (148 bytes)
C1 CompilerThread0  182313 1036   !   3       java.net.URLClassLoader$1::run (81 bytes)
Total: 2

VM state: not at safepoint (normal execution)

VM Mutex/Monitor currently owned by a thread: None

Heap address: 0x00000000c5800000, size: 936 MB, Compressed Oops mode: 32-bit

CDS archive(s) mapped at: [0x0000023da5000000-0x0000023da5c50000-0x0000023da5c50000), size 12910592, SharedBaseAddress: 0x0000023da5000000, ArchiveRelocationMode: 1.
Compressed class space mapped at: 0x0000023da6000000-0x0000023de6000000, reserved size: 1073741824
Narrow klass base: 0x0000023da5000000, Narrow klass shift: 0, Narrow klass range: 0x41000000

GC Precious Log:
 CardTable entry size: 512
 Card Set container configuration: InlinePtr #cards 5 size 8 Array Of Cards #cards 12 size 40 Howl #buckets 4 coarsen threshold 1843 Howl Bitmap #cards 512 size 80 coarsen threshold 460 Card regions per heap region 1 cards per card region 2048
 CPUs: 2 total, 2 available
 Memory: 3737M
 Large Page Support: Disabled
 NUMA Support: Disabled
 Compressed Oops: Enabled (32-bit)
 Heap Region Size: 1M
 Heap Min Capacity: 8M
 Heap Initial Capacity: 60M
 Heap Max Capacity: 936M
 Pre-touch: Disabled
 Parallel Workers: 2
 Concurrent Workers: 1
 Concurrent Refinement Workers: 2
 Periodic GC: Disabled

Heap:
 garbage-first heap   total reserved 958464K, committed 61440K, used 7897K [0x00000000c5800000, 0x0000000100000000)
  region size 1024K, 6 young (6144K), 1 survivors (1024K)
 Metaspace       used 5389K, committed 5568K, reserved 1114112K
  class space    used 600K, committed 704K, reserved 1048576K

Heap Regions: E=young(eden), S=young(survivor), O=old, HS=humongous(starts), HC=humongous(continues), CS=collection set, F=free, TAMS=top-at-mark-start, PB=parsable bottom
|   0|0x00000000c5800000, 0x00000000c5900000, 0x00000000c5900000|100%| O|  |TAMS 0x00000000c5800000| PB 0x00000000c5800000| Untracked |  0
|   1|0x00000000c5900000, 0x00000000c5a00000, 0x00000000c5a00000|100%| O|  |TAMS 0x00000000c5900000| PB 0x00000000c5900000| Untracked |  0
|   2|0x00000000c5a00000, 0x00000000c5ab64f8, 0x00000000c5b00000| 71%| O|  |TAMS 0x00000000c5a00000| PB 0x00000000c5a00000| Untracked |  0
|   3|0x00000000c5b00000, 0x00000000c5b00000, 0x00000000c5c00000|  0%| F|  |TAMS 0x00000000c5b00000| PB 0x00000000c5b00000| Untracked |  0
|   4|0x00000000c5c00000, 0x00000000c5c00000, 0x00000000c5d00000|  0%| F|  |TAMS 0x00000000c5c00000| PB 0x00000000c5c00000| Untracked |  0
|   5|0x00000000c5d00000, 0x00000000c5d00000, 0x00000000c5e00000|  0%| F|  |TAMS 0x00000000c5d00000| PB 0x00000000c5d00000| Untracked |  0
|   6|0x00000000c5e00000, 0x00000000c5e00000, 0x00000000c5f00000|  0%| F|  |TAMS 0x00000000c5e00000| PB 0x00000000c5e00000| Untracked |  0
|   7|0x00000000c5f00000, 0x00000000c5f00000, 0x00000000c6000000|  0%| F|  |TAMS 0x00000000c5f00000| PB 0x00000000c5f00000| Untracked |  0
|   8|0x00000000c6000000, 0x00000000c6000000, 0x00000000c6100000|  0%| F|  |TAMS 0x00000000c6000000| PB 0x00000000c6000000| Untracked |  0
|   9|0x00000000c6100000, 0x00000000c6100000, 0x00000000c6200000|  0%| F|  |TAMS 0x00000000c6100000| PB 0x00000000c6100000| Untracked |  0
|  10|0x00000000c6200000, 0x00000000c6200000, 0x00000000c6300000|  0%| F|  |TAMS 0x00000000c6200000| PB 0x00000000c6200000| Untracked |  0
|  11|0x00000000c6300000, 0x00000000c6300000, 0x00000000c6400000|  0%| F|  |TAMS 0x00000000c6300000| PB 0x00000000c6300000| Untracked |  0
|  12|0x00000000c6400000, 0x00000000c6400000, 0x00000000c6500000|  0%| F|  |TAMS 0x00000000c6400000| PB 0x00000000c6400000| Untracked |  0
|  13|0x00000000c6500000, 0x00000000c6500000, 0x00000000c6600000|  0%| F|  |TAMS 0x00000000c6500000| PB 0x00000000c6500000| Untracked |  0
|  14|0x00000000c6600000, 0x00000000c6600000, 0x00000000c6700000|  0%| F|  |TAMS 0x00000000c6600000| PB 0x00000000c6600000| Untracked |  0
|  15|0x00000000c6700000, 0x00000000c6700000, 0x00000000c6800000|  0%| F|  |TAMS 0x00000000c6700000| PB 0x00000000c6700000| Untracked |  0
|  16|0x00000000c6800000, 0x00000000c6800000, 0x00000000c6900000|  0%| F|  |TAMS 0x00000000c6800000| PB 0x00000000c6800000| Untracked |  0
|  17|0x00000000c6900000, 0x00000000c6900000, 0x00000000c6a00000|  0%| F|  |TAMS 0x00000000c6900000| PB 0x00000000c6900000| Untracked |  0
|  18|0x00000000c6a00000, 0x00000000c6a00000, 0x00000000c6b00000|  0%| F|  |TAMS 0x00000000c6a00000| PB 0x00000000c6a00000| Untracked |  0
|  19|0x00000000c6b00000, 0x00000000c6b00000, 0x00000000c6c00000|  0%| F|  |TAMS 0x00000000c6b00000| PB 0x00000000c6b00000| Untracked |  0
|  20|0x00000000c6c00000, 0x00000000c6c00000, 0x00000000c6d00000|  0%| F|  |TAMS 0x00000000c6c00000| PB 0x00000000c6c00000| Untracked |  0
|  21|0x00000000c6d00000, 0x00000000c6d00000, 0x00000000c6e00000|  0%| F|  |TAMS 0x00000000c6d00000| PB 0x00000000c6d00000| Untracked |  0
|  22|0x00000000c6e00000, 0x00000000c6e00000, 0x00000000c6f00000|  0%| F|  |TAMS 0x00000000c6e00000| PB 0x00000000c6e00000| Untracked |  0
|  23|0x00000000c6f00000, 0x00000000c6f00000, 0x00000000c7000000|  0%| F|  |TAMS 0x00000000c6f00000| PB 0x00000000c6f00000| Untracked |  0
|  24|0x00000000c7000000, 0x00000000c7000000, 0x00000000c7100000|  0%| F|  |TAMS 0x00000000c7000000| PB 0x00000000c7000000| Untracked |  0
|  25|0x00000000c7100000, 0x00000000c7100000, 0x00000000c7200000|  0%| F|  |TAMS 0x00000000c7100000| PB 0x00000000c7100000| Untracked |  0
|  26|0x00000000c7200000, 0x00000000c7200000, 0x00000000c7300000|  0%| F|  |TAMS 0x00000000c7200000| PB 0x00000000c7200000| Untracked |  0
|  27|0x00000000c7300000, 0x00000000c7300000, 0x00000000c7400000|  0%| F|  |TAMS 0x00000000c7300000| PB 0x00000000c7300000| Untracked |  0
|  28|0x00000000c7400000, 0x00000000c7400000, 0x00000000c7500000|  0%| F|  |TAMS 0x00000000c7400000| PB 0x00000000c7400000| Untracked |  0
|  29|0x00000000c7500000, 0x00000000c7500000, 0x00000000c7600000|  0%| F|  |TAMS 0x00000000c7500000| PB 0x00000000c7500000| Untracked |  0
|  30|0x00000000c7600000, 0x00000000c7600000, 0x00000000c7700000|  0%| F|  |TAMS 0x00000000c7600000| PB 0x00000000c7600000| Untracked |  0
|  31|0x00000000c7700000, 0x00000000c7700000, 0x00000000c7800000|  0%| F|  |TAMS 0x00000000c7700000| PB 0x00000000c7700000| Untracked |  0
|  32|0x00000000c7800000, 0x00000000c7800000, 0x00000000c7900000|  0%| F|  |TAMS 0x00000000c7800000| PB 0x00000000c7800000| Untracked |  0
|  33|0x00000000c7900000, 0x00000000c7900000, 0x00000000c7a00000|  0%| F|  |TAMS 0x00000000c7900000| PB 0x00000000c7900000| Untracked |  0
|  34|0x00000000c7a00000, 0x00000000c7a00000, 0x00000000c7b00000|  0%| F|  |TAMS 0x00000000c7a00000| PB 0x00000000c7a00000| Untracked |  0
|  35|0x00000000c7b00000, 0x00000000c7b00000, 0x00000000c7c00000|  0%| F|  |TAMS 0x00000000c7b00000| PB 0x00000000c7b00000| Untracked |  0
|  36|0x00000000c7c00000, 0x00000000c7c00000, 0x00000000c7d00000|  0%| F|  |TAMS 0x00000000c7c00000| PB 0x00000000c7c00000| Untracked |  0
|  37|0x00000000c7d00000, 0x00000000c7d00000, 0x00000000c7e00000|  0%| F|  |TAMS 0x00000000c7d00000| PB 0x00000000c7d00000| Untracked |  0
|  38|0x00000000c7e00000, 0x00000000c7e00000, 0x00000000c7f00000|  0%| F|  |TAMS 0x00000000c7e00000| PB 0x00000000c7e00000| Untracked |  0
|  39|0x00000000c7f00000, 0x00000000c7f00000, 0x00000000c8000000|  0%| F|  |TAMS 0x00000000c7f00000| PB 0x00000000c7f00000| Untracked |  0
|  40|0x00000000c8000000, 0x00000000c8000000, 0x00000000c8100000|  0%| F|  |TAMS 0x00000000c8000000| PB 0x00000000c8000000| Untracked |  0
|  41|0x00000000c8100000, 0x00000000c8100000, 0x00000000c8200000|  0%| F|  |TAMS 0x00000000c8100000| PB 0x00000000c8100000| Untracked |  0
|  42|0x00000000c8200000, 0x00000000c8200000, 0x00000000c8300000|  0%| F|  |TAMS 0x00000000c8200000| PB 0x00000000c8200000| Untracked |  0
|  43|0x00000000c8300000, 0x00000000c8300000, 0x00000000c8400000|  0%| F|  |TAMS 0x00000000c8300000| PB 0x00000000c8300000| Untracked |  0
|  44|0x00000000c8400000, 0x00000000c8400000, 0x00000000c8500000|  0%| F|  |TAMS 0x00000000c8400000| PB 0x00000000c8400000| Untracked |  0
|  45|0x00000000c8500000, 0x00000000c8500000, 0x00000000c8600000|  0%| F|  |TAMS 0x00000000c8500000| PB 0x00000000c8500000| Untracked |  0
|  46|0x00000000c8600000, 0x00000000c8600000, 0x00000000c8700000|  0%| F|  |TAMS 0x00000000c8600000| PB 0x00000000c8600000| Untracked |  0
|  47|0x00000000c8700000, 0x00000000c8700000, 0x00000000c8800000|  0%| F|  |TAMS 0x00000000c8700000| PB 0x00000000c8700000| Untracked |  0
|  48|0x00000000c8800000, 0x00000000c8800000, 0x00000000c8900000|  0%| F|  |TAMS 0x00000000c8800000| PB 0x00000000c8800000| Untracked |  0
|  49|0x00000000c8900000, 0x00000000c8900000, 0x00000000c8a00000|  0%| F|  |TAMS 0x00000000c8900000| PB 0x00000000c8900000| Untracked |  0
|  50|0x00000000c8a00000, 0x00000000c8a00000, 0x00000000c8b00000|  0%| F|  |TAMS 0x00000000c8a00000| PB 0x00000000c8a00000| Untracked |  0
|  51|0x00000000c8b00000, 0x00000000c8b00000, 0x00000000c8c00000|  0%| F|  |TAMS 0x00000000c8b00000| PB 0x00000000c8b00000| Untracked |  0
|  52|0x00000000c8c00000, 0x00000000c8c00000, 0x00000000c8d00000|  0%| F|  |TAMS 0x00000000c8c00000| PB 0x00000000c8c00000| Untracked |  0
|  53|0x00000000c8d00000, 0x00000000c8d00000, 0x00000000c8e00000|  0%| F|  |TAMS 0x00000000c8d00000| PB 0x00000000c8d00000| Untracked |  0
|  54|0x00000000c8e00000, 0x00000000c8f00000, 0x00000000c8f00000|100%| S|CS|TAMS 0x00000000c8e00000| PB 0x00000000c8e00000| Complete |  0
|  55|0x00000000c8f00000, 0x00000000c8f66ff0, 0x00000000c9000000| 40%| E|  |TAMS 0x00000000c8f00000| PB 0x00000000c8f00000| Complete |  0
|  56|0x00000000c9000000, 0x00000000c9100000, 0x00000000c9100000|100%| E|CS|TAMS 0x00000000c9000000| PB 0x00000000c9000000| Complete |  0
|  57|0x00000000c9100000, 0x00000000c9200000, 0x00000000c9200000|100%| E|CS|TAMS 0x00000000c9100000| PB 0x00000000c9100000| Complete |  0
|  58|0x00000000c9200000, 0x00000000c9300000, 0x00000000c9300000|100%| E|CS|TAMS 0x00000000c9200000| PB 0x00000000c9200000| Complete |  0
|  59|0x00000000c9300000, 0x00000000c9400000, 0x00000000c9400000|100%| E|CS|TAMS 0x00000000c9300000| PB 0x00000000c9300000| Complete |  0

Card table byte_map: [0x0000023d8a440000,0x0000023d8a620000] _byte_map_base: 0x0000023d89e14000

Marking Bits: (CMBitMap*) 0x0000023d8a6d2c50
 Bits: [0x0000023da19e0000, 0x0000023da2880000)

Polling page: 0x0000023d88550000

Metaspace:

Usage:
  Non-class:      4.68 MB used.
      Class:    600.70 KB used.
       Both:      5.26 MB used.

Virtual space:
  Non-class space:       64.00 MB reserved,       4.75 MB (  7%) committed,  1 nodes.
      Class space:        1.00 GB reserved,     704.00 KB ( <1%) committed,  1 nodes.
             Both:        1.06 GB reserved,       5.44 MB ( <1%) committed. 

Chunk freelists:
   Non-Class:  9.56 MB
       Class:  15.36 MB
        Both:  24.92 MB

MaxMetaspaceSize: unlimited
CompressedClassSpaceSize: 1.00 GB
Initial GC threshold: 21.00 MB
Current GC threshold: 21.00 MB
CDS: on
 - commit_granule_bytes: 65536.
 - commit_granule_words: 8192.
 - virtual_space_node_default_size: 8388608.
 - enlarge_chunks_in_place: 1.
 - use_allocation_guard: 0.


Internal statistics:

num_allocs_failed_limit: 0.
num_arena_births: 56.
num_arena_deaths: 0.
num_vsnodes_births: 2.
num_vsnodes_deaths: 0.
num_space_committed: 87.
num_space_uncommitted: 0.
num_chunks_returned_to_freelist: 0.
num_chunks_taken_from_freelist: 187.
num_chunk_merges: 0.
num_chunk_splits: 129.
num_chunks_enlarged: 103.
num_inconsistent_stats: 0.

CodeHeap 'non-profiled nmethods': size=120064Kb used=322Kb max_used=322Kb free=119741Kb
 bounds [0x0000023d9a4a0000, 0x0000023d9a710000, 0x0000023da19e0000]
CodeHeap 'profiled nmethods': size=120000Kb used=1922Kb max_used=1922Kb free=118077Kb
 bounds [0x0000023d929e0000, 0x0000023d92c50000, 0x0000023d99f10000]
CodeHeap 'non-nmethods': size=5696Kb used=1384Kb max_used=1397Kb free=4311Kb
 bounds [0x0000023d99f10000, 0x0000023d9a180000, 0x0000023d9a4a0000]
 total_blobs=1510 nmethods=1029 adapters=387
 compilation: enabled
              stopped_count=0, restarted_count=0
 full_count=0

Compilation events (20 events):
Event: 182.077 Thread 0x0000023da4c40ff0 1028       3       java.util.Collections$UnmodifiableCollection$1::next (10 bytes)
Event: 182.078 Thread 0x0000023da4c40ff0 nmethod 1028 0x0000023d92bbd690 code [0x0000023d92bbd840, 0x0000023d92bbda18]
Event: 182.092 Thread 0x0000023da4bd2af0 1029       4       java.io.WinNTFileSystem::normalize (148 bytes)
Event: 182.103 Thread 0x0000023da4c40ff0 1037       3       java.security.SecureClassLoader::defineClass (16 bytes)
Event: 182.103 Thread 0x0000023da4c40ff0 nmethod 1037 0x0000023d92bbdb10 code [0x0000023d92bbdcc0, 0x0000023d92bbde68]
Event: 182.104 Thread 0x0000023da4c40ff0 1030       3       org.codehaus.plexus.classworlds.realm.ClassRealm::getImportClassLoader (47 bytes)
Event: 182.107 Thread 0x0000023da4c40ff0 nmethod 1030 0x0000023d92bbdf90 code [0x0000023d92bbe1a0, 0x0000023d92bbe798]
Event: 182.108 Thread 0x0000023da4c40ff0 1039       3       jdk.internal.misc.VM::isModuleSystemInited (13 bytes)
Event: 182.108 Thread 0x0000023da4c40ff0 nmethod 1039 0x0000023d92bbe990 code [0x0000023d92bbeb20, 0x0000023d92bbec70]
Event: 182.108 Thread 0x0000023da4c40ff0 1031       3       org.codehaus.plexus.classworlds.realm.ClassRealm::getClassRealmLoadingLock (14 bytes)
Event: 182.108 Thread 0x0000023da4c40ff0 nmethod 1031 0x0000023d92bbed10 code [0x0000023d92bbeec0, 0x0000023d92bbf090]
Event: 182.108 Thread 0x0000023da4c40ff0 1032       3       org.codehaus.plexus.classworlds.realm.ClassRealm::findClassInternal (6 bytes)
Event: 182.108 Thread 0x0000023da4c40ff0 nmethod 1032 0x0000023d92bbf190 code [0x0000023d92bbf340, 0x0000023d92bbf480]
Event: 182.108 Thread 0x0000023da4c40ff0 1033   !   3       java.net.URLClassLoader::findClass (47 bytes)
Event: 182.111 Thread 0x0000023da4c40ff0 nmethod 1033 0x0000023d92bbf510 code [0x0000023d92bbf720, 0x0000023d92bbfff0]
Event: 182.111 Thread 0x0000023da4c40ff0 1034       3       java.net.URLClassLoader$1::<init> (15 bytes)
Event: 182.112 Thread 0x0000023da4c40ff0 nmethod 1034 0x0000023d92bc0290 code [0x0000023d92bc0440, 0x0000023d92bc0660]
Event: 182.112 Thread 0x0000023da4c40ff0 1035       3       java.net.URLClassLoader$1::run (5 bytes)
Event: 182.112 Thread 0x0000023da4c40ff0 nmethod 1035 0x0000023d92bc0710 code [0x0000023d92bc08c0, 0x0000023d92bc0a00]
Event: 182.112 Thread 0x0000023da4c40ff0 1036   !   3       java.net.URLClassLoader$1::run (81 bytes)

GC Heap History (4 events):
Event: 48.902 GC heap before
{Heap before GC invocations=0 (full 0):
 garbage-first heap   total reserved 958464K, committed 61440K, used 7168K [0x00000000c5800000, 0x0000000100000000)
  region size 1024K, 7 young (7168K), 0 survivors (0K)
 Metaspace       used 2539K, committed 2688K, reserved 1114112K
  class space    used 229K, committed 320K, reserved 1048576K
}
Event: 58.488 GC heap after
{Heap after GC invocations=1 (full 0):
 garbage-first heap   total reserved 958464K, committed 61440K, used 2688K [0x00000000c5800000, 0x0000000100000000)
  region size 1024K, 1 young (1024K), 1 survivors (1024K)
 Metaspace       used 2539K, committed 2688K, reserved 1114112K
  class space    used 229K, committed 320K, reserved 1048576K
}
Event: 100.235 GC heap before
{Heap before GC invocations=1 (full 0):
 garbage-first heap   total reserved 958464K, committed 61440K, used 7808K [0x00000000c5800000, 0x0000000100000000)
  region size 1024K, 6 young (6144K), 1 survivors (1024K)
 Metaspace       used 3980K, committed 4096K, reserved 1114112K
  class space    used 392K, committed 448K, reserved 1048576K
}
Event: 100.311 GC heap after
{Heap after GC invocations=2 (full 0):
 garbage-first heap   total reserved 958464K, committed 61440K, used 3801K [0x00000000c5800000, 0x0000000100000000)
  region size 1024K, 1 young (1024K), 1 survivors (1024K)
 Metaspace       used 3980K, committed 4096K, reserved 1114112K
  class space    used 392K, committed 448K, reserved 1048576K
}

Dll operation events (12 events):
Event: 5.176 Loaded shared library C:\Users\LENOVO\.jdks\openjdk-22.0.1\bin\java.dll
Event: 13.437 Loaded shared library C:\Users\LENOVO\.jdks\openjdk-22.0.1\bin\jsvml.dll
Event: 16.079 Loaded shared library C:\Users\LENOVO\.jdks\openjdk-22.0.1\bin\zip.dll
Event: 16.085 Loaded shared library C:\Users\LENOVO\.jdks\openjdk-22.0.1\bin\instrument.dll
Event: 16.453 Loaded shared library C:\Users\LENOVO\.jdks\openjdk-22.0.1\bin\net.dll
Event: 16.457 Loaded shared library C:\Users\LENOVO\.jdks\openjdk-22.0.1\bin\nio.dll
Event: 16.485 Loaded shared library C:\Users\LENOVO\.jdks\openjdk-22.0.1\bin\zip.dll
Event: 17.011 Loaded shared library C:\Program Files\JetBrains\IntelliJ IDEA 2024.1.2\bin\breakgen64.dll
Event: 17.818 Loaded shared library C:\Users\LENOVO\.jdks\openjdk-22.0.1\bin\extnet.dll
Event: 26.641 Loaded shared library C:\Users\LENOVO\.jdks\openjdk-22.0.1\bin\jimage.dll
Event: 37.372 Loaded shared library C:\Users\LENOVO\AppData\Local\Temp\jansi-2.4.0-13d51515fa2e4b60-jansi.dll
Event: 39.574 Loaded shared library C:\Users\LENOVO\.jdks\openjdk-22.0.1\bin\verify.dll

Deoptimization events (20 events):
Event: 45.036 Thread 0x0000023d885c3710 Uncommon trap: trap_request=0xffffff45 fr.pc=0x0000023d9a4c714c relative=0x000000000000092c
Event: 45.036 Thread 0x0000023d885c3710 Uncommon trap: reason=unstable_if action=reinterpret pc=0x0000023d9a4c714c method=java.util.HashMap.putVal(ILjava/lang/Object;Ljava/lang/Object;ZZ)Ljava/lang/Object; @ 181 c2
Event: 45.036 Thread 0x0000023d885c3710 DEOPT PACKING pc=0x0000023d9a4c714c sp=0x000000d8368fd030
Event: 45.036 Thread 0x0000023d885c3710 DEOPT UNPACKING pc=0x0000023d99f6469c sp=0x000000d8368fcfe0 mode 2
Event: 61.780 Thread 0x0000023d885c3710 DEOPT PACKING pc=0x0000023d92a4a6c9 sp=0x000000d8368f7d10
Event: 62.543 Thread 0x0000023d885c3710 DEOPT UNPACKING pc=0x0000023d99f64e23 sp=0x000000d8368f7198 mode 0
Event: 62.620 Thread 0x0000023d885c3710 DEOPT PACKING pc=0x0000023d92a4a6c9 sp=0x000000d8368fe0d0
Event: 62.620 Thread 0x0000023d885c3710 DEOPT UNPACKING pc=0x0000023d99f64e23 sp=0x000000d8368fd558 mode 0
Event: 65.885 Thread 0x0000023d885c3710 DEOPT PACKING pc=0x0000023d92a4a6c9 sp=0x000000d8368fa1b0
Event: 65.885 Thread 0x0000023d885c3710 DEOPT UNPACKING pc=0x0000023d99f64e23 sp=0x000000d8368f9620 mode 0
Event: 65.896 Thread 0x0000023d885c3710 DEOPT PACKING pc=0x0000023d92a4f5a5 sp=0x000000d8368fa590
Event: 65.896 Thread 0x0000023d885c3710 DEOPT UNPACKING pc=0x0000023d99f64e23 sp=0x000000d8368f9a08 mode 0
Event: 80.253 Thread 0x0000023d885c3710 Uncommon trap: trap_request=0xffffff45 fr.pc=0x0000023d9a4b83ec relative=0x000000000000048c
Event: 80.253 Thread 0x0000023d885c3710 Uncommon trap: reason=unstable_if action=reinterpret pc=0x0000023d9a4b83ec method=java.lang.StringLatin1.canEncode(C)Z @ 4 c2
Event: 80.253 Thread 0x0000023d885c3710 DEOPT PACKING pc=0x0000023d9a4b83ec sp=0x000000d8368fe220
Event: 80.253 Thread 0x0000023d885c3710 DEOPT UNPACKING pc=0x0000023d99f6469c sp=0x000000d8368fe140 mode 2
Event: 80.253 Thread 0x0000023d885c3710 Uncommon trap: trap_request=0xffffff45 fr.pc=0x0000023d9a4b74c8 relative=0x0000000000000468
Event: 80.253 Thread 0x0000023d885c3710 Uncommon trap: reason=unstable_if action=reinterpret pc=0x0000023d9a4b74c8 method=java.lang.AbstractStringBuilder.isLatin1()Z @ 10 c2
Event: 80.253 Thread 0x0000023d885c3710 DEOPT PACKING pc=0x0000023d9a4b74c8 sp=0x000000d8368fe230
Event: 80.253 Thread 0x0000023d885c3710 DEOPT UNPACKING pc=0x0000023d99f6469c sp=0x000000d8368fe1c0 mode 2

Classes loaded (20 events):
Event: 165.015 Loading class java/lang/reflect/AnnotatedType done
Event: 165.015 Loading class sun/reflect/annotation/AnnotatedTypeFactory$AnnotatedTypeBaseImpl done
Event: 165.021 Loading class java/util/stream/Streams$ConcatSpliterator$OfRef
Event: 165.024 Loading class java/util/stream/Streams$ConcatSpliterator
Event: 165.025 Loading class java/util/stream/Streams$ConcatSpliterator done
Event: 165.025 Loading class java/util/stream/Streams$ConcatSpliterator$OfRef done
Event: 165.028 Loading class java/util/stream/Streams$2
Event: 165.033 Loading class java/util/stream/Streams$2 done
Event: 173.793 Loading class java/util/stream/SortedOps
Event: 173.793 Loading class java/util/stream/SortedOps done
Event: 173.793 Loading class java/util/stream/SortedOps$OfRef
Event: 173.794 Loading class java/util/stream/ReferencePipeline$StatefulOp
Event: 173.794 Loading class java/util/stream/ReferencePipeline$StatefulOp done
Event: 173.794 Loading class java/util/stream/SortedOps$OfRef done
Event: 175.309 Loading class java/util/stream/SortedOps$SizedRefSortingSink
Event: 175.323 Loading class java/util/stream/SortedOps$AbstractRefSortingSink
Event: 175.323 Loading class java/util/stream/SortedOps$AbstractRefSortingSink done
Event: 175.323 Loading class java/util/stream/SortedOps$SizedRefSortingSink done
Event: 179.744 Loading class java/lang/StackTraceElement$HashedModules
Event: 179.744 Loading class java/lang/StackTraceElement$HashedModules done

Classes unloaded (0 events):
No events

Classes redefined (0 events):
No events

Internal exceptions (17 events):
Event: 16.527 Thread 0x0000023d885c3710 Exception <a 'java/lang/NoSuchMethodError'{0x00000000c92ac7a0}: 'void java.lang.invoke.DirectMethodHandle$Holder.invokeStatic(java.lang.Object, java.lang.Object, java.lang.Object)'> (0x00000000c92ac7a0) 
thrown [s\open\src\hotspot\share\interpreter\linkResolver.cpp, line 774]
Event: 16.976 Thread 0x0000023d885c3710 Exception <a 'java/lang/NoSuchMethodError'{0x00000000c92c4498}: 'java.lang.Object java.lang.invoke.Invokers$Holder.invokeExact_MT(java.lang.Object, java.lang.Object, java.lang.Object, java.lang.Object, java.lang.Object)'> (0x00000000c92c4498) 
thrown [s\open\src\hotspot\share\interpreter\linkResolver.cpp, line 774]
Event: 17.660 Thread 0x0000023d885c3710 Exception <a 'java/lang/NoSuchMethodError'{0x00000000c9140ec8}: 'int java.lang.invoke.DirectMethodHandle$Holder.invokeSpecial(java.lang.Object, java.lang.Object, java.lang.Object)'> (0x00000000c9140ec8) 
thrown [s\open\src\hotspot\share\interpreter\linkResolver.cpp, line 774]
Event: 17.823 Thread 0x0000023dea12f960 Exception <a 'java/lang/NoSuchMethodError'{0x00000000c903b6b8}: 'void java.lang.invoke.DirectMethodHandle$Holder.invokeStatic(java.lang.Object, java.lang.Object)'> (0x00000000c903b6b8) 
thrown [s\open\src\hotspot\share\interpreter\linkResolver.cpp, line 774]
Event: 26.635 Thread 0x0000023d885c3710 Exception <a 'java/lang/NullPointerException'{0x00000000c8fc2fe8}> (0x00000000c8fc2fe8) 
thrown [s\open\src\hotspot\share\interpreter\linkResolver.cpp, line 1374]
Event: 37.395 Thread 0x0000023d885c3710 Exception <a 'sun/nio/fs/WindowsException'{0x00000000c8e3eb78}> (0x00000000c8e3eb78) 
thrown [s\open\src\hotspot\share\prims\jni.cpp, line 520]
Event: 37.397 Thread 0x0000023d885c3710 Exception <a 'sun/nio/fs/WindowsException'{0x00000000c8e3f280}> (0x00000000c8e3f280) 
thrown [s\open\src\hotspot\share\prims\jni.cpp, line 520]
Event: 37.397 Thread 0x0000023d885c3710 Exception <a 'sun/nio/fs/WindowsException'{0x00000000c8e3f7f8}> (0x00000000c8e3f7f8) 
thrown [s\open\src\hotspot\share\prims\jni.cpp, line 520]
Event: 37.398 Thread 0x0000023d885c3710 Exception <a 'sun/nio/fs/WindowsException'{0x00000000c8e3fd50}> (0x00000000c8e3fd50) 
thrown [s\open\src\hotspot\share\prims\jni.cpp, line 520]
Event: 37.398 Thread 0x0000023d885c3710 Exception <a 'sun/nio/fs/WindowsException'{0x00000000c8e40258}> (0x00000000c8e40258) 
thrown [s\open\src\hotspot\share\prims\jni.cpp, line 520]
Event: 37.398 Thread 0x0000023d885c3710 Exception <a 'sun/nio/fs/WindowsException'{0x00000000c8e40718}> (0x00000000c8e40718) 
thrown [s\open\src\hotspot\share\prims\jni.cpp, line 520]
Event: 42.033 Thread 0x0000023da4bce890 Exception <a 'java/lang/NoSuchMethodError'{0x00000000c8d2b770}: 'java.lang.Object java.lang.invoke.Invokers$Holder.invokeExact_MT(java.lang.Object, java.lang.Object, java.lang.Object, java.lang.Object, java.lang.Object, java.lang.Object)'> (0x00000000c8d2b770) 
thrown [s\open\src\hotspot\share\interpreter\linkResolver.cpp, line 774]
Event: 63.531 Thread 0x0000023d885c3710 Exception <a 'java/lang/NoSuchMethodError'{0x00000000c922d700}: 'java.lang.Object java.lang.invoke.DirectMethodHandle$Holder.invokeSpecialIFC(java.lang.Object, java.lang.Object, java.lang.Object, java.lang.Object)'> (0x00000000c922d700) 
thrown [s\open\src\hotspot\share\interpreter\linkResolver.cpp, line 774]
Event: 115.292 Thread 0x0000023d885c3710 Exception <a 'java/lang/NoSuchMethodError'{0x00000000c927aae0}: 'void java.lang.invoke.DirectMethodHandle$Holder.invokeSpecial(java.lang.Object, java.lang.Object, java.lang.Object)'> (0x00000000c927aae0) 
thrown [s\open\src\hotspot\share\interpreter\linkResolver.cpp, line 774]
Event: 165.111 Thread 0x0000023d885c3710 Exception <a 'java/lang/NoSuchMethodError'{0x00000000c91c20a0}: 'java.lang.Object java.lang.invoke.DirectMethodHandle$Holder.invokeInterface(java.lang.Object, java.lang.Object)'> (0x00000000c91c20a0) 
thrown [s\open\src\hotspot\share\interpreter\linkResolver.cpp, line 774]
Event: 173.754 Thread 0x0000023d885c3710 Exception <a 'java/lang/NoSuchMethodError'{0x00000000c9057f10}: 'int java.lang.invoke.DirectMethodHandle$Holder.invokeStatic(java.lang.Object, java.lang.Object, java.lang.Object, java.lang.Object)'> (0x00000000c9057f10) 
thrown [s\open\src\hotspot\share\interpreter\linkResolver.cpp, line 774]
Event: 173.765 Thread 0x0000023d885c3710 Exception <a 'java/lang/NoSuchMethodError'{0x00000000c9066850}: 'int java.lang.invoke.DirectMethodHandle$Holder.invokeSpecialIFC(java.lang.Object, java.lang.Object, java.lang.Object, java.lang.Object, java.lang.Object)'> (0x00000000c9066850) 
thrown [s\open\src\hotspot\share\interpreter\linkResolver.cpp, line 774]

ZGC Phase Switch (0 events):
No events

VM Operations (20 events):
Event: 100.212 Executing VM operation: G1CollectForAllocation (G1 Evacuation Pause)
Event: 100.311 Executing VM operation: G1CollectForAllocation (G1 Evacuation Pause) done
Event: 101.322 Executing VM operation: Cleanup
Event: 105.471 Executing VM operation: Cleanup done
Event: 110.563 Executing VM operation: Cleanup
Event: 115.292 Executing VM operation: Cleanup done
Event: 116.512 Executing VM operation: Cleanup
Event: 116.512 Executing VM operation: Cleanup done
Event: 126.134 Executing VM operation: HandshakeAllThreads (HandshakeForDeflation)
Event: 129.722 Executing VM operation: HandshakeAllThreads (HandshakeForDeflation) done
Event: 129.722 Executing VM operation: RendezvousGCThreads
Event: 129.722 Executing VM operation: RendezvousGCThreads done
Event: 172.688 Executing VM operation: Cleanup
Event: 173.739 Executing VM operation: Cleanup done
Event: 174.746 Executing VM operation: Cleanup
Event: 175.276 Executing VM operation: Cleanup done
Event: 177.285 Executing VM operation: Cleanup
Event: 179.698 Executing VM operation: Cleanup done
Event: 180.703 Executing VM operation: Cleanup
Event: 182.064 Executing VM operation: Cleanup done

Events (12 events):
Event: 5.202 Thread 0x0000023d885c3710 Thread added: 0x0000023d885c3710
Event: 12.680 Thread 0x0000023da4bca500 Thread added: 0x0000023da4bca500
Event: 12.682 Thread 0x0000023da4bcd220 Thread added: 0x0000023da4bcd220
Event: 12.685 Thread 0x0000023da4bcde30 Thread added: 0x0000023da4bcde30
Event: 12.686 Thread 0x0000023da4bce890 Thread added: 0x0000023da4bce890
Event: 12.686 Thread 0x0000023da4bcf2f0 Thread added: 0x0000023da4bcf2f0
Event: 12.686 Thread 0x0000023da4bcfd50 Thread added: 0x0000023da4bcfd50
Event: 12.687 Thread 0x0000023da4bd2af0 Thread added: 0x0000023da4bd2af0
Event: 13.572 Thread 0x0000023da4c40ff0 Thread added: 0x0000023da4c40ff0
Event: 15.518 Thread 0x0000023da4c7db60 Thread added: 0x0000023da4c7db60
Event: 17.014 Thread 0x0000023dea12f960 Thread added: 0x0000023dea12f960
Event: 17.021 Thread 0x0000023dea12ffd0 Thread added: 0x0000023dea12ffd0


Dynamic libraries:
0x00007ff689cf0000 - 0x00007ff689cfe000 	C:\Users\LENOVO\.jdks\openjdk-22.0.1\bin\java.exe
0x00007ff84c330000 - 0x00007ff84c547000 	C:\WINDOWS\SYSTEM32\ntdll.dll
0x00007ff84a4d0000 - 0x00007ff84a594000 	C:\WINDOWS\System32\KERNEL32.DLL
0x00007ff849ba0000 - 0x00007ff849f4c000 	C:\WINDOWS\System32\KERNELBASE.dll
0x00007ff8498f0000 - 0x00007ff849a01000 	C:\WINDOWS\System32\ucrtbase.dll
0x00007ff837380000 - 0x00007ff837397000 	C:\Users\LENOVO\.jdks\openjdk-22.0.1\bin\jli.dll
0x00007ff84be90000 - 0x00007ff84c03e000 	C:\WINDOWS\System32\USER32.dll
0x00007ff849750000 - 0x00007ff849776000 	C:\WINDOWS\System32\win32u.dll
0x00007ff84c260000 - 0x00007ff84c289000 	C:\WINDOWS\System32\GDI32.dll
0x00007ff849f50000 - 0x00007ff84a069000 	C:\WINDOWS\System32\gdi32full.dll
0x00007ff849a80000 - 0x00007ff849b1a000 	C:\WINDOWS\System32\msvcp_win.dll
0x00007ff834aa0000 - 0x00007ff834abb000 	C:\Users\LENOVO\.jdks\openjdk-22.0.1\bin\VCRUNTIME140.dll
0x00007ff836920000 - 0x00007ff836bb3000 	C:\WINDOWS\WinSxS\amd64_microsoft.windows.common-controls_6595b64144ccf1df_6.0.22621.3672_none_2713b9d173822955\COMCTL32.dll
0x00007ff84a5b0000 - 0x00007ff84a657000 	C:\WINDOWS\System32\msvcrt.dll
0x00007ff84b950000 - 0x00007ff84b981000 	C:\WINDOWS\System32\IMM32.DLL
0x00007ff843710000 - 0x00007ff84371c000 	C:\Users\LENOVO\.jdks\openjdk-22.0.1\bin\vcruntime140_1.dll
0x00007ff818b50000 - 0x00007ff818bde000 	C:\Users\LENOVO\.jdks\openjdk-22.0.1\bin\msvcp140.dll
0x00007fffea8b0000 - 0x00007fffeb5f7000 	C:\Users\LENOVO\.jdks\openjdk-22.0.1\bin\server\jvm.dll
0x00007ff84a6d0000 - 0x00007ff84a782000 	C:\WINDOWS\System32\ADVAPI32.dll
0x00007ff84b660000 - 0x00007ff84b70a000 	C:\WINDOWS\System32\sechost.dll
0x00007ff849720000 - 0x00007ff849748000 	C:\WINDOWS\System32\bcrypt.dll
0x00007ff84b810000 - 0x00007ff84b925000 	C:\WINDOWS\System32\RPCRT4.dll
0x00007ff84b790000 - 0x00007ff84b801000 	C:\WINDOWS\System32\WS2_32.dll
0x00007ff849520000 - 0x00007ff84956d000 	C:\WINDOWS\SYSTEM32\POWRPROF.dll
0x00007ff841ac0000 - 0x00007ff841af4000 	C:\WINDOWS\SYSTEM32\WINMM.dll
0x00007ff839a80000 - 0x00007ff839a8a000 	C:\WINDOWS\SYSTEM32\VERSION.dll
0x00007ff849500000 - 0x00007ff849513000 	C:\WINDOWS\SYSTEM32\UMPDC.dll
0x00007ff848690000 - 0x00007ff8486a8000 	C:\WINDOWS\SYSTEM32\kernel.appcore.dll
0x00007ff843060000 - 0x00007ff84306a000 	C:\Users\LENOVO\.jdks\openjdk-22.0.1\bin\jimage.dll
0x00007ff846f90000 - 0x00007ff8471c2000 	C:\WINDOWS\SYSTEM32\DBGHELP.DLL
0x00007ff84a090000 - 0x00007ff84a418000 	C:\WINDOWS\System32\combase.dll
0x00007ff84b9a0000 - 0x00007ff84ba77000 	C:\WINDOWS\System32\OLEAUT32.dll
0x00007ff81e420000 - 0x00007ff81e452000 	C:\WINDOWS\SYSTEM32\dbgcore.DLL
0x00007ff849b20000 - 0x00007ff849b9b000 	C:\WINDOWS\System32\bcryptPrimitives.dll
0x00007ff837370000 - 0x00007ff83737f000 	C:\Users\LENOVO\.jdks\openjdk-22.0.1\bin\instrument.dll
0x00007ff834a80000 - 0x00007ff834a9e000 	C:\Users\LENOVO\.jdks\openjdk-22.0.1\bin\java.dll
0x00007ff84a870000 - 0x00007ff84b0cc000 	C:\WINDOWS\System32\SHELL32.dll
0x00007ff84bbe0000 - 0x00007ff84bd85000 	C:\WINDOWS\System32\ole32.dll
0x00007ff8475b0000 - 0x00007ff847ea7000 	C:\WINDOWS\SYSTEM32\windows.storage.dll
0x00007ff847470000 - 0x00007ff8475af000 	C:\WINDOWS\SYSTEM32\wintypes.dll
0x00007ff84b0d0000 - 0x00007ff84b1c4000 	C:\WINDOWS\System32\SHCORE.dll
0x00007ff84c040000 - 0x00007ff84c09e000 	C:\WINDOWS\System32\shlwapi.dll
0x00007ff849590000 - 0x00007ff8495b1000 	C:\WINDOWS\SYSTEM32\profapi.dll
0x00007ff8159b0000 - 0x00007ff815a87000 	C:\Users\LENOVO\.jdks\openjdk-22.0.1\bin\jsvml.dll
0x00007ff832d00000 - 0x00007ff832d17000 	C:\Users\LENOVO\.jdks\openjdk-22.0.1\bin\zip.dll
0x00007ff837090000 - 0x00007ff8370a0000 	C:\Users\LENOVO\.jdks\openjdk-22.0.1\bin\net.dll
0x00007ff848b00000 - 0x00007ff848b69000 	C:\WINDOWS\system32\mswsock.dll
0x00007ff832ca0000 - 0x00007ff832cb6000 	C:\Users\LENOVO\.jdks\openjdk-22.0.1\bin\nio.dll
0x00007ff8321b0000 - 0x00007ff8321ca000 	C:\Program Files\JetBrains\IntelliJ IDEA 2024.1.2\bin\breakgen64.dll
0x00007ff8354a0000 - 0x00007ff8354a9000 	C:\Users\LENOVO\.jdks\openjdk-22.0.1\bin\extnet.dll
0x0000000069ac0000 - 0x0000000069ae4000 	C:\Users\LENOVO\AppData\Local\Temp\jansi-2.4.0-13d51515fa2e4b60-jansi.dll
0x00007ff834a70000 - 0x00007ff834a80000 	C:\Users\LENOVO\.jdks\openjdk-22.0.1\bin\verify.dll

dbghelp: loaded successfully - version: 4.0.5 - missing functions: none
symbol engine: initialized successfully - sym options: 0x614 - pdb path: .;C:\Users\LENOVO\.jdks\openjdk-22.0.1\bin;C:\WINDOWS\SYSTEM32;C:\WINDOWS\WinSxS\amd64_microsoft.windows.common-controls_6595b64144ccf1df_6.0.22621.3672_none_2713b9d173822955;C:\Users\LENOVO\.jdks\openjdk-22.0.1\bin\server;C:\Program Files\JetBrains\IntelliJ IDEA 2024.1.2\bin;C:\Users\LENOVO\AppData\Local\Temp

VM Arguments:
jvm_args: -Dmaven.multiModuleProjectDirectory=C:\Users\LENOVO\Desktop\PROJET PI\Projet_pidev_esprit -Djansi.passthrough=true -Dmaven.home=C:\Program Files\JetBrains\IntelliJ IDEA 2024.1.2\plugins\maven\lib\maven3 -Dclassworlds.conf=C:\Program Files\JetBrains\IntelliJ IDEA 2024.1.2\plugins\maven\lib\maven3\bin\m2.conf -Dmaven.ext.class.path=C:\Program Files\JetBrains\IntelliJ IDEA 2024.1.2\plugins\maven\lib\maven-event-listener.jar -javaagent:C:\Program Files\JetBrains\IntelliJ IDEA 2024.1.2\lib\idea_rt.jar=54263:C:\Program Files\JetBrains\IntelliJ IDEA 2024.1.2\bin -Dfile.encoding=UTF-8 -Dsun.stdout.encoding=UTF-8 -Dsun.stderr.encoding=UTF-8 
java_command: org.codehaus.classworlds.Launcher -Didea.version=2024.1.2 org.openjfx:javafx-maven-plugin:0.0.8:run
java_class_path (initial): C:\Program Files\JetBrains\IntelliJ IDEA 2024.1.2\plugins\maven\lib\maven3\boot\plexus-classworlds-2.7.0.jar;C:\Program Files\JetBrains\IntelliJ IDEA 2024.1.2\plugins\maven\lib\maven3\boot\plexus-classworlds.license
Launcher Type: SUN_STANDARD

[Global flags]
     intx CICompilerCount                          = 2                                         {product} {ergonomic}
     uint ConcGCThreads                            = 1                                         {product} {ergonomic}
     uint G1ConcRefinementThreads                  = 2                                         {product} {ergonomic}
   size_t G1HeapRegionSize                         = 1048576                                   {product} {ergonomic}
   size_t InitialHeapSize                          = 62914560                                  {product} {ergonomic}
   size_t MarkStackSize                            = 4194304                                   {product} {ergonomic}
   size_t MaxHeapSize                              = 981467136                                 {product} {ergonomic}
   size_t MaxNewSize                               = 588251136                                 {product} {ergonomic}
   size_t MinHeapDeltaBytes                        = 1048576                                   {product} {ergonomic}
   size_t MinHeapSize                              = 8388608                                   {product} {ergonomic}
    uintx NonNMethodCodeHeapSize                   = 5826188                                {pd product} {ergonomic}
    uintx NonProfiledCodeHeapSize                  = 122916026                              {pd product} {ergonomic}
    uintx ProfiledCodeHeapSize                     = 122916026                              {pd product} {ergonomic}
    uintx ReservedCodeCacheSize                    = 251658240                              {pd product} {ergonomic}
     bool SegmentedCodeCache                       = true                                      {product} {ergonomic}
   size_t SoftMaxHeapSize                          = 981467136                              {manageable} {ergonomic}
     bool UseCompressedOops                        = true                           {product lp64_product} {ergonomic}
     bool UseG1GC                                  = true                                      {product} {ergonomic}
     bool UseLargePagesIndividualAllocation        = false                                  {pd product} {ergonomic}

Logging:
Log output configuration:
 #0: stdout all=warning uptime,level,tags foldmultilines=false
 #1: stderr all=off uptime,level,tags foldmultilines=false

Environment Variables:
PATH=C:\WINDOWS\system32;C:\WINDOWS;C:\WINDOWS\System32\Wbem;C:\WINDOWS\System32\WindowsPowerShell\v1.0\;C:\WINDOWS\System32\OpenSSH\;C:\Program Files\Git\cmd;C:\Program Files (x86)\dotnet\;C:\xampp\php;C:\ProgramData\ComposerSetup\bin;C:\Users\LENOVO\scoop\shims;C:\Users\LENOVO\AppData\Local\Microsoft\WindowsApps;C:\Users\LENOVO\AppData\Local\Programs\Microsoft VS Code\bin;C:\Program Files\JetBrains\IntelliJ IDEA 2024.1.2\bin;;C:\Users\LENOVO\AppData\Roaming\Composer\vendor\bin
USERNAME=LENOVO
OS=Windows_NT
PROCESSOR_IDENTIFIER=Intel64 Family 6 Model 122 Stepping 8, GenuineIntel
TMP=C:\Users\LENOVO\AppData\Local\Temp
TEMP=C:\Users\LENOVO\AppData\Local\Temp




Periodic native trim disabled

---------------  S Y S T E M  ---------------

OS:
 Windows 11 , 64 bit Build 22621 (10.0.22621.3672)
OS uptime: 11 days 2:24 hours

CPU: total 2 (initial active 2) (2 cores per cpu, 1 threads per core) family 6 model 122 stepping 8 microcode 0x1a, cx8, cmov, fxsr, mmx, 3dnowpref, sse, sse2, sse3, ssse3, sse4.1, sse4.2, popcnt, tsc, tscinvbit, aes, erms, clmul, sha, clflush, clflushopt, rdtscp, rdpid
Processor Information for all 2 processors :
  Max Mhz: 1101, Current Mhz: 1101, Mhz Limit: 1101

Memory: 4k page, system-wide physical 3737M (166M free)
TotalPageFile size 15001M (AvailPageFile size 0M)
current process WorkingSet (physical memory assigned to process): 29M, peak: 39M
current process commit charge ("private bytes"): 137M, peak: 139M

vm_info: OpenJDK 64-Bit Server VM (22.0.1+8-16) for windows-amd64 JRE (22.0.1+8-16), built on 2024-03-12T10:33:16Z by "mach5one" with MS VC++ 17.6 (VS2022)

END.
