#
# There is insufficient memory for the Java Runtime Environment to continue.
# Native memory allocation (mmap) failed to map 62914560 bytes. Error detail: G1 virtual space
# Possible reasons:
#   The system is out of physical RAM or swap space
#   This process is running with CompressedOops enabled, and the Java Heap may be blocking the growth of the native heap
# Possible solutions:
#   Reduce memory load on the system
#   Increase physical memory or swap space
#   Check if swap backing store is full
#   Decrease Java heap size (-Xmx/-Xms)
#   Decrease number of Java threads
#   Decrease Java thread stack sizes (-Xss)
#   Set larger code cache with -XX:ReservedCodeCacheSize=
#   JVM is running with Unscaled Compressed Oops mode in which the Java heap is
#     placed in the first 4GB address space. The Java Heap base address is the
#     maximum limit for the native heap growth. Please use -XX:HeapBaseMinAddress
#     to set the Java Heap base and to place the Java Heap above 4GB virtual address.
# This output file may be truncated or incomplete.
#
#  Out of Memory Error (os_windows.cpp:3631), pid=72212, tid=72356
#
# JRE version:  (22.0.1+8) (build )
# Java VM: OpenJDK 64-Bit Server VM (22.0.1+8-16, mixed mode, sharing, tiered, compressed oops, compressed class ptrs, g1 gc, windows-amd64)
# No core dump will be written. Minidumps are not enabled by default on client versions of Windows
#

---------------  S U M M A R Y ------------

Command Line: -Dmaven.multiModuleProjectDirectory=C:\Users\LENOVO\Desktop\PROJET PI\Projet_pidev_esprit -Djansi.passthrough=true -Dmaven.home=C:\Program Files\JetBrains\IntelliJ IDEA 2024.1.2\plugins\maven\lib\maven3 -Dclassworlds.conf=C:\Program Files\JetBrains\IntelliJ IDEA 2024.1.2\plugins\maven\lib\maven3\bin\m2.conf -Dmaven.ext.class.path=C:\Program Files\JetBrains\IntelliJ IDEA 2024.1.2\plugins\maven\lib\maven-event-listener.jar -javaagent:C:\Program Files\JetBrains\IntelliJ IDEA 2024.1.2\lib\idea_rt.jar=54280:C:\Program Files\JetBrains\IntelliJ IDEA 2024.1.2\bin -Dfile.encoding=UTF-8 -Dsun.stdout.encoding=UTF-8 -Dsun.stderr.encoding=UTF-8 org.codehaus.classworlds.Launcher -Didea.version=2024.1.2 org.openjfx:javafx-maven-plugin:0.0.8:run

Host: Intel(R) Celeron(R) N4020 CPU @ 1.10GHz, 2 cores, 3G,  Windows 11 , 64 bit Build 22621 (10.0.22621.3672)
Time: Sat Jul  6 01:09:17 2024 Paris, Madrid (heure duild 22621 (10.0.22621.3672) elapsed time: 0.044466 seconds (0d 0h 0m 0s)

---------------  T H R E A D  ---------------

Current thread (0x0000012f109b3710):  JavaThread "Unknown thread" [_thread_in_vm, id=72356, stack(0x0000002375800000,0x0000002375900000) (1024K)]

Stack: [0x0000002375800000,0x0000002375900000]
Native frames: (J=compiled Java code, j=interpreted, Vv=VM code, C=native code)
V  [jvm.dll+0x6e2279]  (no source info available)
V  [jvm.dll+0x874e33]  (no source info available)
V  [jvm.dll+0x87725e]  (no source info available)
V  [jvm.dll+0x877933]  (no source info available)
V  [jvm.dll+0x27fd76]  (no source info available)
V  [jvm.dll+0x6de915]  (no source info available)
V  [jvm.dll+0x6d341a]  (no source info available)
V  [jvm.dll+0x3589da]  (no source info available)
V  [jvm.dll+0x360f06]  (no source info available)
V  [jvm.dll+0x3b3e2e]  (no source info available)
V  [jvm.dll+0x3b40d8]  (no source info available)
V  [jvm.dll+0x32c59c]  (no source info available)
V  [jvm.dll+0x32d158]  (no source info available)
V  [jvm.dll+0x83ccdc]  (no source info available)
V  [jvm.dll+0x3c0d71]  (no source info available)
V  [jvm.dll+0x825ccc]  (no source info available)
V  [jvm.dll+0x45b8fe]  (no source info available)
V  [jvm.dll+0x45d781]  (no source info available)
C  [jli.dll+0x52a3]  (no source info available)
C  [ucrtbase.dll+0x29333]  (no source info available)
C  [KERNEL32.DLL+0x1257d]  (no source info available)
C  [ntdll.dll+0x5af28]  (no source info available)


---------------  P R O C E S S  ---------------

Threads class SMR info:
_java_thread_list=0x00007fffeb49b1c8, length=0, elements={
}

Java Threads: ( => current thread )
Total: 0

Other Threads:
  0x0000012f10b92540 WorkerThread "GC Thread#0"                     [id=60620, stack(0x0000002375a00000,0x0000002375b00000) (1024K)]
  0x0000012f10b9ba40 ConcurrentGCThread "G1 Main Marker"            [id=68932, stack(0x0000002375b00000,0x0000002375c00000) (1024K)]
  0x0000012f10b9c550 WorkerThread "G1 Conc#0"                       [id=69500, stack(0x0000002375c00000,0x0000002375d00000) (1024K)]

[error occurred during error reporting (printing all threads), id 0xc0000005, EXCEPTION_ACCESS_VIOLATION (0xc0000005) at pc=0x00007fffeabef367]
VM state: not at safepoint (not fully initialized)

VM Mutex/Monitor currently owned by a thread:  ([mutex/lock_event])
[0x00007fffeb51bcb8] Heap_lock - owner thread: 0x0000012f109b3710

Heap address: 0x00000000c5800000, size: 936 MB, Compressed Oops mode: 32-bit

CDS archive(s) mapped at: [0x0000000000000000-0x0000000000000000-0x0000000000000000), size 0, SharedBaseAddress: 0x0000000800000000, ArchiveRelocationMode: 1.
Narrow klass base: 0x0000000000000000, Narrow klass shift: 0, Narrow klass range: 0x0

GC Precious Log:
 CardTable entry size: 512
 Card Set container configuration: InlinePtr #cards 5 size 8 Array Of Cards #cards 12 size 40 Howl #buckets 4 coarsen threshold 1843 Howl Bitmap #cards 512 size 80 coarsen threshold 460 Card regions per heap region 1 cards per card region 2048

Heap:
 garbage-first heap   total reserved 958464K, committed 0K, used 0K [0x00000000c5800000, 0x0000000100000000)
  region size 1024K, 0 young (0K), 0 survivors (0K)

[error occurred during error reporting (printing heap information), id 0xc0000005, EXCEPTION_ACCESS_VIOLATION (0xc0000005) at pc=0x00007fffeafee429]
GC Heap History (0 events):
No events

Dll operation events (1 events):
Event: 0.019 Loaded shared library C:\Users\LENOVO\.jdks\openjdk-22.0.1\bin\java.dll

Deoptimization events (0 events):
No events

Classes loaded (0 events):
No events

Classes unloaded (0 events):
No events

Classes redefined (0 events):
No events

Internal exceptions (0 events):
No events

ZGC Phase Switch (0 events):
No events

VM Operations (0 events):
No events

Events (0 events):
No events


Dynamic libraries:
0x00007ff689cf0000 - 0x00007ff689cfe000 	C:\Users\LENOVO\.jdks\openjdk-22.0.1\bin\java.exe
0x00007ff84c330000 - 0x00007ff84c547000 	C:\WINDOWS\SYSTEM32\ntdll.dll
0x00007ff84a4d0000 - 0x00007ff84a594000 	C:\WINDOWS\System32\KERNEL32.DLL
0x00007ff849ba0000 - 0x00007ff849f4c000 	C:\WINDOWS\System32\KERNELBASE.dll
0x00007ff8498f0000 - 0x00007ff849a01000 	C:\WINDOWS\System32\ucrtbase.dll
0x00007ff837380000 - 0x00007ff837397000 	C:\Users\LENOVO\.jdks\openjdk-22.0.1\bin\jli.dll
0x00007ff84be90000 - 0x00007ff84c03e000 	C:\WINDOWS\System32\USER32.dll
0x00007ff849750000 - 0x00007ff849776000 	C:\WINDOWS\System32\win32u.dll
0x00007ff84c260000 - 0x00007ff84c289000 	C:\WINDOWS\System32\GDI32.dll
0x00007ff849f50000 - 0x00007ff84a069000 	C:\WINDOWS\System32\gdi32full.dll
0x00007ff849a80000 - 0x00007ff849b1a000 	C:\WINDOWS\System32\msvcp_win.dll
0x00007ff834aa0000 - 0x00007ff834abb000 	C:\Users\LENOVO\.jdks\openjdk-22.0.1\bin\VCRUNTIME140.dll
0x00007ff836920000 - 0x00007ff836bb3000 	C:\WINDOWS\WinSxS\amd64_microsoft.windows.common-controls_6595b64144ccf1df_6.0.22621.3672_none_2713b9d173822955\COMCTL32.dll
0x00007ff84a5b0000 - 0x00007ff84a657000 	C:\WINDOWS\System32\msvcrt.dll
0x00007ff84b950000 - 0x00007ff84b981000 	C:\WINDOWS\System32\IMM32.DLL
0x00007ff843710000 - 0x00007ff84371c000 	C:\Users\LENOVO\.jdks\openjdk-22.0.1\bin\vcruntime140_1.dll
0x00007ff818b50000 - 0x00007ff818bde000 	C:\Users\LENOVO\.jdks\openjdk-22.0.1\bin\msvcp140.dll
0x00007fffea8b0000 - 0x00007fffeb5f7000 	C:\Users\LENOVO\.jdks\openjdk-22.0.1\bin\server\jvm.dll
0x00007ff84a6d0000 - 0x00007ff84a782000 	C:\WINDOWS\System32\ADVAPI32.dll
0x00007ff84b660000 - 0x00007ff84b70a000 	C:\WINDOWS\System32\sechost.dll
0x00007ff849720000 - 0x00007ff849748000 	C:\WINDOWS\System32\bcrypt.dll
0x00007ff84b810000 - 0x00007ff84b925000 	C:\WINDOWS\System32\RPCRT4.dll
0x00007ff84b790000 - 0x00007ff84b801000 	C:\WINDOWS\System32\WS2_32.dll
0x00007ff849520000 - 0x00007ff84956d000 	C:\WINDOWS\SYSTEM32\POWRPROF.dll
0x00007ff841ac0000 - 0x00007ff841af4000 	C:\WINDOWS\SYSTEM32\WINMM.dll
0x00007ff839a80000 - 0x00007ff839a8a000 	C:\WINDOWS\SYSTEM32\VERSION.dll
0x00007ff849500000 - 0x00007ff849513000 	C:\WINDOWS\SYSTEM32\UMPDC.dll
0x00007ff848690000 - 0x00007ff8486a8000 	C:\WINDOWS\SYSTEM32\kernel.appcore.dll
0x00007ff843060000 - 0x00007ff84306a000 	C:\Users\LENOVO\.jdks\openjdk-22.0.1\bin\jimage.dll
0x00007ff846f90000 - 0x00007ff8471c2000 	C:\WINDOWS\SYSTEM32\DBGHELP.DLL
0x00007ff84a090000 - 0x00007ff84a418000 	C:\WINDOWS\System32\combase.dll
0x00007ff84b9a0000 - 0x00007ff84ba77000 	C:\WINDOWS\System32\OLEAUT32.dll
0x00007ff81e420000 - 0x00007ff81e452000 	C:\WINDOWS\SYSTEM32\dbgcore.DLL
0x00007ff849b20000 - 0x00007ff849b9b000 	C:\WINDOWS\System32\bcryptPrimitives.dll
0x00007ff837370000 - 0x00007ff83737f000 	C:\Users\LENOVO\.jdks\openjdk-22.0.1\bin\instrument.dll
0x00007ff834a80000 - 0x00007ff834a9e000 	C:\Users\LENOVO\.jdks\openjdk-22.0.1\bin\java.dll
0x00007ff84a870000 - 0x00007ff84b0cc000 	C:\WINDOWS\System32\SHELL32.dll
0x00007ff84bbe0000 - 0x00007ff84bd85000 	C:\WINDOWS\System32\ole32.dll

dbghelp: loaded successfully - version: 4.0.5 - missing functions: none
symbol engine: initialized successfully - sym options: 0x614 - pdb path: .;C:\Users\LENOVO\.jdks\openjdk-22.0.1\bin;C:\WINDOWS\SYSTEM32;C:\WINDOWS\WinSxS\amd64_microsoft.windows.common-controls_6595b64144ccf1df_6.0.22621.3672_none_2713b9d173822955;C:\Users\LENOVO\.jdks\openjdk-22.0.1\bin\server

VM Arguments:
jvm_args: -Dmaven.multiModuleProjectDirectory=C:\Users\LENOVO\Desktop\PROJET PI\Projet_pidev_esprit -Djansi.passthrough=true -Dmaven.home=C:\Program Files\JetBrains\IntelliJ IDEA 2024.1.2\plugins\maven\lib\maven3 -Dclassworlds.conf=C:\Program Files\JetBrains\IntelliJ IDEA 2024.1.2\plugins\maven\lib\maven3\bin\m2.conf -Dmaven.ext.class.path=C:\Program Files\JetBrains\IntelliJ IDEA 2024.1.2\plugins\maven\lib\maven-event-listener.jar -javaagent:C:\Program Files\JetBrains\IntelliJ IDEA 2024.1.2\lib\idea_rt.jar=54280:C:\Program Files\JetBrains\IntelliJ IDEA 2024.1.2\bin -Dfile.encoding=UTF-8 -Dsun.stdout.encoding=UTF-8 -Dsun.stderr.encoding=UTF-8 
java_command: org.codehaus.classworlds.Launcher -Didea.version=2024.1.2 org.openjfx:javafx-maven-plugin:0.0.8:run
java_class_path (initial): C:\Program Files\JetBrains\IntelliJ IDEA 2024.1.2\plugins\maven\lib\maven3\boot\plexus-classworlds-2.7.0.jar;C:\Program Files\JetBrains\IntelliJ IDEA 2024.1.2\plugins\maven\lib\maven3\boot\plexus-classworlds.license
Launcher Type: SUN_STANDARD

[Global flags]
     intx CICompilerCount                          = 2                                         {product} {ergonomic}
     uint ConcGCThreads                            = 1                                         {product} {ergonomic}
     uint G1ConcRefinementThreads                  = 2                                         {product} {ergonomic}
   size_t G1HeapRegionSize                         = 1048576                                   {product} {ergonomic}
   size_t InitialHeapSize                          = 62914560                                  {product} {ergonomic}
   size_t MarkStackSize                            = 4194304                                   {product} {ergonomic}
   size_t MaxHeapSize                              = 981467136                                 {product} {ergonomic}
   size_t MinHeapDeltaBytes                        = 1048576                                   {product} {ergonomic}
   size_t MinHeapSize                              = 8388608                                   {product} {ergonomic}
    uintx NonNMethodCodeHeapSize                   = 5826188                                {pd product} {ergonomic}
    uintx NonProfiledCodeHeapSize                  = 122916026                              {pd product} {ergonomic}
    uintx ProfiledCodeHeapSize                     = 122916026                              {pd product} {ergonomic}
    uintx ReservedCodeCacheSize                    = 251658240                              {pd product} {ergonomic}
     bool SegmentedCodeCache                       = true                                      {product} {ergonomic}
   size_t SoftMaxHeapSize                          = 981467136                              {manageable} {ergonomic}
     bool UseCompressedOops                        = true                           {product lp64_product} {ergonomic}
     bool UseG1GC                                  = true                                      {product} {ergonomic}
     bool UseLargePagesIndividualAllocation        = false                                  {pd product} {ergonomic}

Logging:
Log output configuration:
 #0: stdout all=warning uptime,level,tags foldmultilines=false
 #1: stderr all=off uptime,level,tags foldmultilines=false

Environment Variables:
PATH=C:\WINDOWS\system32;C:\WINDOWS;C:\WINDOWS\System32\Wbem;C:\WINDOWS\System32\WindowsPowerShell\v1.0\;C:\WINDOWS\System32\OpenSSH\;C:\Program Files\Git\cmd;C:\Program Files (x86)\dotnet\;C:\xampp\php;C:\ProgramData\ComposerSetup\bin;C:\Users\LENOVO\scoop\shims;C:\Users\LENOVO\AppData\Local\Microsoft\WindowsApps;C:\Users\LENOVO\AppData\Local\Programs\Microsoft VS Code\bin;C:\Program Files\JetBrains\IntelliJ IDEA 2024.1.2\bin;;C:\Users\LENOVO\AppData\Roaming\Composer\vendor\bin
USERNAME=LENOVO
OS=Windows_NT
PROCESSOR_IDENTIFIER=Intel64 Family 6 Model 122 Stepping 8, GenuineIntel
TMP=C:\Users\LENOVO\AppData\Local\Temp
TEMP=C:\Users\LENOVO\AppData\Local\Temp




Periodic native trim disabled

---------------  S Y S T E M  ---------------

OS:
 Windows 11 , 64 bit Build 22621 (10.0.22621.3672)
OS uptime: 11 days 2:25 hours

CPU: total 2 (initial active 2) (2 cores per cpu, 1 threads per core) family 6 model 122 stepping 8 microcode 0x1a, cx8, cmov, fxsr, mmx, 3dnowpref, sse, sse2, sse3, ssse3, sse4.1, sse4.2, popcnt, tsc, tscinvbit, aes, erms, clmul, sha, clflush, clflushopt, rdtscp, rdpid
Processor Information for all 2 processors :
  Max Mhz: 1101, Current Mhz: 1101, Mhz Limit: 1101

Memory: 4k page, system-wide physical 3737M (125M free)
TotalPageFile size 15001M (AvailPageFile size 955M)
current process WorkingSet (physical memory assigned to process): 8M, peak: 10M
current process commit charge ("private bytes"): 48M, peak: 107M

vm_info: OpenJDK 64-Bit Server VM (22.0.1+8-16) for windows-amd64 JRE (22.0.1+8-16), built on 2024-03-12T10:33:16Z by "mach5one" with MS VC++ 17.6 (VS2022)

END.
